{"/Users/justinmorris/Desktop/code_fellows_stuff/401/final-project/website/src/App.js": {"path":"/Users/justinmorris/Desktop/code_fellows_stuff/401/final-project/website/src/App.js","statementMap":{"0":{"start":{"line":9,"column":14},"end":{"line":9,"column":27}},"1":{"start":{"line":13,"column":4},"end":{"line":13,"column":16}},"2":{"start":{"line":14,"column":4},"end":{"line":17,"column":5}},"3":{"start":{"line":18,"column":4},"end":{"line":18,"column":53}},"4":{"start":{"line":22,"column":4},"end":{"line":22,"column":36}},"5":{"start":{"line":31,"column":4},"end":{"line":42,"column":6}}},"fnMap":{"0":{"name":"(anonymous_0)","decl":{"start":{"line":12,"column":2},"end":{"line":12,"column":3}},"loc":{"start":{"line":12,"column":20},"end":{"line":19,"column":3}},"line":12},"1":{"name":"(anonymous_1)","decl":{"start":{"line":21,"column":2},"end":{"line":21,"column":3}},"loc":{"start":{"line":21,"column":23},"end":{"line":23,"column":3}},"line":21},"2":{"name":"(anonymous_2)","decl":{"start":{"line":30,"column":2},"end":{"line":30,"column":3}},"loc":{"start":{"line":30,"column":11},"end":{"line":43,"column":3}},"line":30}},"branchMap":{},"s":{"0":1,"1":2,"2":2,"3":2,"4":1,"5":3},"f":{"0":2,"1":1,"2":3},"b":{},"_coverageSchema":"332fd63041d2c1bcb487cc26dd0d5f7d97098a6c","hash":"fafd39778910439b8b01c9796716c07de37d32dd"}
,"/Users/justinmorris/Desktop/code_fellows_stuff/401/final-project/website/src/index.js": {"path":"/Users/justinmorris/Desktop/code_fellows_stuff/401/final-project/website/src/index.js","statementMap":{"0":{"start":{"line":1,"column":32},"end":{"line":1,"column":119}},"1":{"start":{"line":1,"column":133},"end":{"line":1,"column":149}},"2":{"start":{"line":1,"column":164},"end":{"line":1,"column":194}},"3":{"start":{"line":2,"column":16},"end":{"line":2,"column":36}},"4":{"start":{"line":2,"column":54},"end":{"line":2,"column":87}},"5":{"start":{"line":3,"column":0},"end":{"line":3,"column":23}},"6":{"start":{"line":4,"column":11},"end":{"line":4,"column":27}},"7":{"start":{"line":4,"column":40},"end":{"line":4,"column":68}},"8":{"start":{"line":5,"column":29},"end":{"line":5,"column":63}},"9":{"start":{"line":5,"column":94},"end":{"line":5,"column":140}},"10":{"start":{"line":5,"column":179},"end":{"line":5,"column":233}},"11":{"start":{"line":7,"column":0},"end":{"line":7,"column":181}},"12":{"start":{"line":8,"column":0},"end":{"line":8,"column":39}}},"fnMap":{"0":{"name":"_interopRequireDefault","decl":{"start":{"line":5,"column":150},"end":{"line":5,"column":172}},"loc":{"start":{"line":5,"column":178},"end":{"line":5,"column":234}},"line":5}},"branchMap":{"0":{"loc":{"start":{"line":5,"column":186},"end":{"line":5,"column":232}},"type":"cond-expr","locations":[{"start":{"line":5,"column":210},"end":{"line":5,"column":213}},{"start":{"line":5,"column":216},"end":{"line":5,"column":232}}],"line":5},"1":{"loc":{"start":{"line":5,"column":186},"end":{"line":5,"column":207}},"type":"binary-expr","locations":[{"start":{"line":5,"column":186},"end":{"line":5,"column":189}},{"start":{"line":5,"column":193},"end":{"line":5,"column":207}}],"line":5}},"s":{"0":0,"1":0,"2":0,"3":0,"4":0,"5":0,"6":0,"7":0,"8":0,"9":0,"10":0,"11":0,"12":0},"f":{"0":0},"b":{"0":[0,0],"1":[0,0]}}
,"/Users/justinmorris/Desktop/code_fellows_stuff/401/final-project/website/src/registerServiceWorker.js": {"path":"/Users/justinmorris/Desktop/code_fellows_stuff/401/final-project/website/src/registerServiceWorker.js","statementMap":{"0":{"start":{"line":1,"column":13},"end":{"line":1,"column":75}},"1":{"start":{"line":1,"column":75},"end":{"line":21,"column":9}},"2":{"start":{"line":21,"column":9},"end":{"line":111,"column":24}},"3":{"start":{"line":118,"column":20},"end":{"line":120,"column":89}},"4":{"start":{"line":120,"column":111},"end":{"line":128,"column":36}},"5":{"start":{"line":121,"column":22},"end":{"line":121,"column":70}},"6":{"start":{"line":121,"column":71},"end":{"line":124,"column":14}},"7":{"start":{"line":124,"column":6},"end":{"line":124,"column":13}},"8":{"start":{"line":124,"column":14},"end":{"line":128,"column":35}},"9":{"start":{"line":124,"column":67},"end":{"line":124,"column":112}},"10":{"start":{"line":124,"column":113},"end":{"line":128,"column":32}},"11":{"start":{"line":125,"column":8},"end":{"line":125,"column":39}},"12":{"start":{"line":127,"column":8},"end":{"line":127,"column":178}},"13":{"start":{"line":127,"column":50},"end":{"line":127,"column":175}},"14":{"start":{"line":128,"column":8},"end":{"line":128,"column":31}},"15":{"start":{"line":128,"column":70},"end":{"line":135,"column":156}},"16":{"start":{"line":128,"column":132},"end":{"line":135,"column":68}},"17":{"start":{"line":128,"column":193},"end":{"line":128,"column":216}},"18":{"start":{"line":128,"column":217},"end":{"line":135,"column":66}},"19":{"start":{"line":128,"column":257},"end":{"line":135,"column":64}},"20":{"start":{"line":128,"column":302},"end":{"line":135,"column":63}},"21":{"start":{"line":132,"column":12},"end":{"line":132,"column":69}},"22":{"start":{"line":135,"column":12},"end":{"line":135,"column":62}},"23":{"start":{"line":135,"column":87},"end":{"line":135,"column":153}},"24":{"start":{"line":136,"column":2},"end":{"line":139,"column":126}},"25":{"start":{"line":137,"column":4},"end":{"line":139,"column":30}},"26":{"start":{"line":138,"column":6},"end":{"line":138,"column":127}},"27":{"start":{"line":138,"column":58},"end":{"line":138,"column":124}},"28":{"start":{"line":138,"column":96},"end":{"line":138,"column":121}},"29":{"start":{"line":139,"column":6},"end":{"line":139,"column":29}},"30":{"start":{"line":139,"column":46},"end":{"line":139,"column":123}},"31":{"start":{"line":139,"column":150},"end":{"line":139,"column":267}},"32":{"start":{"line":139,"column":185},"end":{"line":139,"column":266}},"33":{"start":{"line":139,"column":237},"end":{"line":139,"column":263}}},"fnMap":{"0":{"name":"register","decl":{"start":{"line":120,"column":99},"end":{"line":120,"column":107}},"loc":{"start":{"line":120,"column":110},"end":{"line":128,"column":37}},"line":120},"1":{"name":"(anonymous_1)","decl":{"start":{"line":124,"column":46},"end":{"line":124,"column":47}},"loc":{"start":{"line":124,"column":52},"end":{"line":128,"column":33}},"line":124},"2":{"name":"(anonymous_2)","decl":{"start":{"line":127,"column":43},"end":{"line":127,"column":44}},"loc":{"start":{"line":127,"column":49},"end":{"line":127,"column":176}},"line":127},"3":{"name":"registerValidSW","decl":{"start":{"line":128,"column":46},"end":{"line":128,"column":61}},"loc":{"start":{"line":128,"column":69},"end":{"line":135,"column":157}},"line":128},"4":{"name":"(anonymous_4)","decl":{"start":{"line":128,"column":115},"end":{"line":128,"column":116}},"loc":{"start":{"line":128,"column":131},"end":{"line":135,"column":69}},"line":128},"5":{"name":"(anonymous_5)","decl":{"start":{"line":128,"column":161},"end":{"line":128,"column":162}},"loc":{"start":{"line":128,"column":167},"end":{"line":135,"column":67}},"line":128},"6":{"name":"(anonymous_6)","decl":{"start":{"line":128,"column":250},"end":{"line":128,"column":251}},"loc":{"start":{"line":128,"column":256},"end":{"line":135,"column":65}},"line":128},"7":{"name":"(anonymous_7)","decl":{"start":{"line":135,"column":77},"end":{"line":135,"column":78}},"loc":{"start":{"line":135,"column":86},"end":{"line":135,"column":154}},"line":135},"8":{"name":"checkValidServiceWorker","decl":{"start":{"line":135,"column":166},"end":{"line":135,"column":189}},"loc":{"start":{"line":135,"column":197},"end":{"line":139,"column":127}},"line":135},"9":{"name":"(anonymous_9)","decl":{"start":{"line":136,"column":20},"end":{"line":136,"column":21}},"loc":{"start":{"line":136,"column":32},"end":{"line":139,"column":31}},"line":136},"10":{"name":"(anonymous_10)","decl":{"start":{"line":138,"column":41},"end":{"line":138,"column":42}},"loc":{"start":{"line":138,"column":57},"end":{"line":138,"column":125}},"line":138},"11":{"name":"(anonymous_11)","decl":{"start":{"line":138,"column":89},"end":{"line":138,"column":90}},"loc":{"start":{"line":138,"column":95},"end":{"line":138,"column":122}},"line":138},"12":{"name":"(anonymous_12)","decl":{"start":{"line":139,"column":39},"end":{"line":139,"column":40}},"loc":{"start":{"line":139,"column":45},"end":{"line":139,"column":124}},"line":139},"13":{"name":"unregister","decl":{"start":{"line":139,"column":136},"end":{"line":139,"column":146}},"loc":{"start":{"line":139,"column":149},"end":{"line":139,"column":268}},"line":139},"14":{"name":"(anonymous_14)","decl":{"start":{"line":139,"column":220},"end":{"line":139,"column":221}},"loc":{"start":{"line":139,"column":236},"end":{"line":139,"column":264}},"line":139}},"branchMap":{"0":{"loc":{"start":{"line":118,"column":28},"end":{"line":120,"column":88}},"type":"binary-expr","locations":[{"start":{"line":118,"column":28},"end":{"line":118,"column":68}},{"start":{"line":119,"column":0},"end":{"line":119,"column":36}},{"start":{"line":120,"column":0},"end":{"line":120,"column":88}}],"line":118},"1":{"loc":{"start":{"line":120,"column":111},"end":{"line":128,"column":36}},"type":"if","locations":[{"start":{"line":120,"column":111},"end":{"line":128,"column":36}},{"start":{"line":120,"column":111},"end":{"line":128,"column":36}}],"line":120},"2":{"loc":{"start":{"line":120,"column":115},"end":{"line":120,"column":184}},"type":"binary-expr","locations":[{"start":{"line":120,"column":115},"end":{"line":120,"column":152}},{"start":{"line":120,"column":156},"end":{"line":120,"column":184}}],"line":120},"3":{"loc":{"start":{"line":121,"column":71},"end":{"line":124,"column":14}},"type":"if","locations":[{"start":{"line":121,"column":71},"end":{"line":124,"column":14}},{"start":{"line":121,"column":71},"end":{"line":124,"column":14}}],"line":121},"4":{"loc":{"start":{"line":124,"column":113},"end":{"line":128,"column":32}},"type":"if","locations":[{"start":{"line":124,"column":113},"end":{"line":128,"column":32}},{"start":{"line":124,"column":113},"end":{"line":128,"column":32}}],"line":124},"5":{"loc":{"start":{"line":128,"column":257},"end":{"line":135,"column":64}},"type":"if","locations":[{"start":{"line":128,"column":257},"end":{"line":135,"column":64}},{"start":{"line":128,"column":257},"end":{"line":135,"column":64}}],"line":128},"6":{"loc":{"start":{"line":128,"column":302},"end":{"line":135,"column":63}},"type":"if","locations":[{"start":{"line":128,"column":302},"end":{"line":135,"column":63}},{"start":{"line":128,"column":302},"end":{"line":135,"column":63}}],"line":128},"7":{"loc":{"start":{"line":137,"column":4},"end":{"line":139,"column":30}},"type":"if","locations":[{"start":{"line":137,"column":4},"end":{"line":139,"column":30}},{"start":{"line":137,"column":4},"end":{"line":139,"column":30}}],"line":137},"8":{"loc":{"start":{"line":137,"column":8},"end":{"line":137,"column":100}},"type":"binary-expr","locations":[{"start":{"line":137,"column":8},"end":{"line":137,"column":31}},{"start":{"line":137,"column":35},"end":{"line":137,"column":100}}],"line":137},"9":{"loc":{"start":{"line":139,"column":150},"end":{"line":139,"column":267}},"type":"if","locations":[{"start":{"line":139,"column":150},"end":{"line":139,"column":267}},{"start":{"line":139,"column":150},"end":{"line":139,"column":267}}],"line":139}},"s":{"0":0,"1":0,"2":0,"3":0,"4":0,"5":0,"6":0,"7":0,"8":0,"9":0,"10":0,"11":0,"12":0,"13":0,"14":0,"15":0,"16":0,"17":0,"18":0,"19":0,"20":0,"21":0,"22":0,"23":0,"24":0,"25":0,"26":0,"27":0,"28":0,"29":0,"30":0,"31":0,"32":0,"33":0},"f":{"0":0,"1":0,"2":0,"3":0,"4":0,"5":0,"6":0,"7":0,"8":0,"9":0,"10":0,"11":0,"12":0,"13":0,"14":0},"b":{"0":[0,0,0],"1":[0,0],"2":[0,0],"3":[0,0],"4":[0,0],"5":[0,0],"6":[0,0],"7":[0,0],"8":[0,0],"9":[0,0]}}
,"/Users/justinmorris/Desktop/code_fellows_stuff/401/final-project/website/src/server.js": {"path":"/Users/justinmorris/Desktop/code_fellows_stuff/401/final-project/website/src/server.js","statementMap":{"0":{"start":{"line":3,"column":14},"end":{"line":3,"column":32}},"1":{"start":{"line":4,"column":10},"end":{"line":4,"column":19}},"2":{"start":{"line":6,"column":13},"end":{"line":6,"column":37}},"3":{"start":{"line":8,"column":0},"end":{"line":8,"column":35}},"4":{"start":{"line":10,"column":0},"end":{"line":12,"column":3}},"5":{"start":{"line":11,"column":2},"end":{"line":11,"column":60}},"6":{"start":{"line":14,"column":0},"end":{"line":16,"column":3}},"7":{"start":{"line":15,"column":2},"end":{"line":15,"column":49}}},"fnMap":{"0":{"name":"(anonymous_0)","decl":{"start":{"line":10,"column":8},"end":{"line":10,"column":9}},"loc":{"start":{"line":10,"column":22},"end":{"line":12,"column":1}},"line":10},"1":{"name":"(anonymous_1)","decl":{"start":{"line":14,"column":17},"end":{"line":14,"column":18}},"loc":{"start":{"line":14,"column":23},"end":{"line":16,"column":1}},"line":14}},"branchMap":{"0":{"loc":{"start":{"line":6,"column":13},"end":{"line":6,"column":37}},"type":"binary-expr","locations":[{"start":{"line":6,"column":13},"end":{"line":6,"column":29}},{"start":{"line":6,"column":33},"end":{"line":6,"column":37}}],"line":6}},"s":{"0":0,"1":0,"2":0,"3":0,"4":0,"5":0,"6":0,"7":0},"f":{"0":0,"1":0},"b":{"0":[0,0]}}
,"/Users/justinmorris/Desktop/code_fellows_stuff/401/final-project/website/src/components/footer/footer.js": {"path":"/Users/justinmorris/Desktop/code_fellows_stuff/401/final-project/website/src/components/footer/footer.js","statementMap":{"0":{"start":{"line":9,"column":4},"end":{"line":13,"column":6}}},"fnMap":{"0":{"name":"(anonymous_0)","decl":{"start":{"line":8,"column":2},"end":{"line":8,"column":3}},"loc":{"start":{"line":8,"column":11},"end":{"line":14,"column":3}},"line":8}},"branchMap":{},"s":{"0":1},"f":{"0":1},"b":{},"_coverageSchema":"332fd63041d2c1bcb487cc26dd0d5f7d97098a6c","hash":"225de0c2c8eb7706f393241b32494e14624d002d"}
,"/Users/justinmorris/Desktop/code_fellows_stuff/401/final-project/website/src/components/header/header.js": {"path":"/Users/justinmorris/Desktop/code_fellows_stuff/401/final-project/website/src/components/header/header.js","statementMap":{"0":{"start":{"line":13,"column":0},"end":{"line":13,"column":27}},"1":{"start":{"line":20,"column":4},"end":{"line":20,"column":17}},"2":{"start":{"line":21,"column":4},"end":{"line":26,"column":5}},"3":{"start":{"line":30,"column":4},"end":{"line":30,"column":48}},"4":{"start":{"line":36,"column":4},"end":{"line":43,"column":5}},"5":{"start":{"line":37,"column":6},"end":{"line":37,"column":29}},"6":{"start":{"line":38,"column":6},"end":{"line":38,"column":44}},"7":{"start":{"line":39,"column":6},"end":{"line":39,"column":21}},"8":{"start":{"line":41,"column":6},"end":{"line":41,"column":22}},"9":{"start":{"line":42,"column":6},"end":{"line":42,"column":21}},"10":{"start":{"line":44,"column":4},"end":{"line":44,"column":28}},"11":{"start":{"line":45,"column":4},"end":{"line":45,"column":26}},"12":{"start":{"line":48,"column":4},"end":{"line":48,"column":68}},"13":{"start":{"line":50,"column":18},"end":{"line":50,"column":57}},"14":{"start":{"line":51,"column":4},"end":{"line":51,"column":29}},"15":{"start":{"line":55,"column":24},"end":{"line":55,"column":60}},"16":{"start":{"line":56,"column":27},"end":{"line":56,"column":71}},"17":{"start":{"line":57,"column":18},"end":{"line":57,"column":52}},"18":{"start":{"line":59,"column":4},"end":{"line":65,"column":5}},"19":{"start":{"line":60,"column":6},"end":{"line":60,"column":46}},"20":{"start":{"line":61,"column":6},"end":{"line":61,"column":53}},"21":{"start":{"line":62,"column":11},"end":{"line":65,"column":5}},"22":{"start":{"line":63,"column":6},"end":{"line":63,"column":49}},"23":{"start":{"line":64,"column":6},"end":{"line":64,"column":56}},"24":{"start":{"line":69,"column":4},"end":{"line":83,"column":6}},"25":{"start":{"line":87,"column":24},"end":{"line":91,"column":2}},"26":{"start":{"line":87,"column":34},"end":{"line":91,"column":1}}},"fnMap":{"0":{"name":"(anonymous_0)","decl":{"start":{"line":19,"column":2},"end":{"line":19,"column":3}},"loc":{"start":{"line":19,"column":20},"end":{"line":27,"column":3}},"line":19},"1":{"name":"(anonymous_1)","decl":{"start":{"line":29,"column":2},"end":{"line":29,"column":3}},"loc":{"start":{"line":29,"column":23},"end":{"line":31,"column":3}},"line":29},"2":{"name":"(anonymous_2)","decl":{"start":{"line":33,"column":2},"end":{"line":33,"column":3}},"loc":{"start":{"line":33,"column":23},"end":{"line":46,"column":3}},"line":33},"3":{"name":"(anonymous_3)","decl":{"start":{"line":47,"column":2},"end":{"line":47,"column":3}},"loc":{"start":{"line":47,"column":22},"end":{"line":52,"column":3}},"line":47},"4":{"name":"(anonymous_4)","decl":{"start":{"line":54,"column":22},"end":{"line":54,"column":23}},"loc":{"start":{"line":54,"column":29},"end":{"line":66,"column":3}},"line":54},"5":{"name":"(anonymous_5)","decl":{"start":{"line":68,"column":2},"end":{"line":68,"column":3}},"loc":{"start":{"line":68,"column":11},"end":{"line":84,"column":3}},"line":68},"6":{"name":"(anonymous_6)","decl":{"start":{"line":87,"column":24},"end":{"line":87,"column":25}},"loc":{"start":{"line":87,"column":34},"end":{"line":91,"column":1}},"line":87}},"branchMap":{"0":{"loc":{"start":{"line":36,"column":4},"end":{"line":43,"column":5}},"type":"if","locations":[{"start":{"line":36,"column":4},"end":{"line":43,"column":5}},{"start":{"line":36,"column":4},"end":{"line":43,"column":5}}],"line":36},"1":{"loc":{"start":{"line":50,"column":18},"end":{"line":50,"column":57}},"type":"cond-expr","locations":[{"start":{"line":50,"column":45},"end":{"line":50,"column":49}},{"start":{"line":50,"column":52},"end":{"line":50,"column":57}}],"line":50},"2":{"loc":{"start":{"line":59,"column":4},"end":{"line":65,"column":5}},"type":"if","locations":[{"start":{"line":59,"column":4},"end":{"line":65,"column":5}},{"start":{"line":59,"column":4},"end":{"line":65,"column":5}}],"line":59},"3":{"loc":{"start":{"line":62,"column":11},"end":{"line":65,"column":5}},"type":"if","locations":[{"start":{"line":62,"column":11},"end":{"line":65,"column":5}},{"start":{"line":62,"column":11},"end":{"line":65,"column":5}}],"line":62}},"s":{"0":2,"1":1,"2":1,"3":1,"4":1,"5":0,"6":0,"7":0,"8":1,"9":1,"10":1,"11":1,"12":1,"13":1,"14":1,"15":0,"16":0,"17":0,"18":0,"19":0,"20":0,"21":0,"22":0,"23":0,"24":2,"25":2,"26":1},"f":{"0":1,"1":1,"2":1,"3":1,"4":0,"5":2,"6":1},"b":{"0":[0,1],"1":[0,1],"2":[0,0],"3":[0,0]},"_coverageSchema":"332fd63041d2c1bcb487cc26dd0d5f7d97098a6c","hash":"6f8dcf21bdf312af7698f7cccb68d6227c7e8214"}
,"/Users/justinmorris/Desktop/code_fellows_stuff/401/final-project/website/src/components/notes/notes.js": {"path":"/Users/justinmorris/Desktop/code_fellows_stuff/401/final-project/website/src/components/notes/notes.js","statementMap":{"0":{"start":{"line":19,"column":4},"end":{"line":19,"column":16}},"1":{"start":{"line":20,"column":4},"end":{"line":20,"column":30}},"2":{"start":{"line":22,"column":4},"end":{"line":22,"column":53}},"3":{"start":{"line":23,"column":4},"end":{"line":23,"column":45}},"4":{"start":{"line":27,"column":4},"end":{"line":27,"column":23}},"5":{"start":{"line":29,"column":23},"end":{"line":29,"column":48}},"6":{"start":{"line":30,"column":19},"end":{"line":30,"column":52}},"7":{"start":{"line":31,"column":16},"end":{"line":31,"column":32}},"8":{"start":{"line":32,"column":18},"end":{"line":35,"column":5}},"9":{"start":{"line":37,"column":14},"end":{"line":37,"column":36}},"10":{"start":{"line":39,"column":20},"end":{"line":39,"column":56}},"11":{"start":{"line":40,"column":16},"end":{"line":40,"column":37}},"12":{"start":{"line":41,"column":3},"end":{"line":41,"column":36}},"13":{"start":{"line":45,"column":18},"end":{"line":45,"column":32}},"14":{"start":{"line":46,"column":4},"end":{"line":46,"column":38}},"15":{"start":{"line":50,"column":26},"end":{"line":50,"column":184}},"16":{"start":{"line":50,"column":121},"end":{"line":50,"column":183}},"17":{"start":{"line":51,"column":4},"end":{"line":51,"column":35}},"18":{"start":{"line":52,"column":26},"end":{"line":52,"column":91}},"19":{"start":{"line":53,"column":4},"end":{"line":67,"column":13}},"20":{"start":{"line":71,"column":24},"end":{"line":75,"column":2}},"21":{"start":{"line":71,"column":34},"end":{"line":75,"column":1}},"22":{"start":{"line":77,"column":27},"end":{"line":79,"column":2}},"23":{"start":{"line":77,"column":52},"end":{"line":79,"column":1}},"24":{"start":{"line":78,"column":28},"end":{"line":78,"column":72}}},"fnMap":{"0":{"name":"(anonymous_0)","decl":{"start":{"line":18,"column":2},"end":{"line":18,"column":3}},"loc":{"start":{"line":18,"column":21},"end":{"line":24,"column":3}},"line":18},"1":{"name":"(anonymous_1)","decl":{"start":{"line":26,"column":2},"end":{"line":26,"column":3}},"loc":{"start":{"line":26,"column":24},"end":{"line":42,"column":3}},"line":26},"2":{"name":"(anonymous_2)","decl":{"start":{"line":44,"column":2},"end":{"line":44,"column":3}},"loc":{"start":{"line":44,"column":14},"end":{"line":47,"column":3}},"line":44},"3":{"name":"(anonymous_3)","decl":{"start":{"line":49,"column":2},"end":{"line":49,"column":3}},"loc":{"start":{"line":49,"column":11},"end":{"line":68,"column":3}},"line":49},"4":{"name":"(anonymous_4)","decl":{"start":{"line":50,"column":111},"end":{"line":50,"column":112}},"loc":{"start":{"line":50,"column":121},"end":{"line":50,"column":183}},"line":50},"5":{"name":"(anonymous_5)","decl":{"start":{"line":71,"column":24},"end":{"line":71,"column":25}},"loc":{"start":{"line":71,"column":34},"end":{"line":75,"column":1}},"line":71},"6":{"name":"(anonymous_6)","decl":{"start":{"line":77,"column":27},"end":{"line":77,"column":28}},"loc":{"start":{"line":77,"column":52},"end":{"line":79,"column":1}},"line":77},"7":{"name":"(anonymous_7)","decl":{"start":{"line":78,"column":17},"end":{"line":78,"column":18}},"loc":{"start":{"line":78,"column":28},"end":{"line":78,"column":72}},"line":78}},"branchMap":{"0":{"loc":{"start":{"line":50,"column":26},"end":{"line":50,"column":184}},"type":"binary-expr","locations":[{"start":{"line":50,"column":26},"end":{"line":50,"column":41}},{"start":{"line":50,"column":45},"end":{"line":50,"column":72}},{"start":{"line":50,"column":76},"end":{"line":50,"column":184}}],"line":50},"1":{"loc":{"start":{"line":52,"column":26},"end":{"line":52,"column":91}},"type":"binary-expr","locations":[{"start":{"line":52,"column":26},"end":{"line":52,"column":41}},{"start":{"line":52,"column":45},"end":{"line":52,"column":63}},{"start":{"line":52,"column":67},"end":{"line":52,"column":91}}],"line":52}},"s":{"0":0,"1":0,"2":0,"3":0,"4":0,"5":0,"6":0,"7":0,"8":0,"9":0,"10":0,"11":0,"12":0,"13":0,"14":0,"15":0,"16":0,"17":0,"18":0,"19":0,"20":3,"21":0,"22":3,"23":0,"24":0},"f":{"0":0,"1":0,"2":0,"3":0,"4":0,"5":0,"6":0,"7":0},"b":{"0":[0,0,0],"1":[0,0,0]},"_coverageSchema":"332fd63041d2c1bcb487cc26dd0d5f7d97098a6c","hash":"fc46718a2c9a603e1a339aab61031c42debf86f8"}
,"/Users/justinmorris/Desktop/code_fellows_stuff/401/final-project/website/src/components/output/output.js": {"path":"/Users/justinmorris/Desktop/code_fellows_stuff/401/final-project/website/src/components/output/output.js","statementMap":{"0":{"start":{"line":6,"column":8},"end":{"line":10,"column":10}}},"fnMap":{"0":{"name":"(anonymous_0)","decl":{"start":{"line":5,"column":4},"end":{"line":5,"column":5}},"loc":{"start":{"line":5,"column":13},"end":{"line":11,"column":1}},"line":5}},"branchMap":{},"s":{"0":1},"f":{"0":1},"b":{},"_coverageSchema":"332fd63041d2c1bcb487cc26dd0d5f7d97098a6c","hash":"2e04982e79fb72c45fa2e4f944abec7ca8c9749d"}
,"/Users/justinmorris/Desktop/code_fellows_stuff/401/final-project/website/src/components/pages/home.js": {"path":"/Users/justinmorris/Desktop/code_fellows_stuff/401/final-project/website/src/components/pages/home.js","statementMap":{"0":{"start":{"line":24,"column":4},"end":{"line":24,"column":17}},"1":{"start":{"line":25,"column":4},"end":{"line":30,"column":5}},"2":{"start":{"line":31,"column":4},"end":{"line":31,"column":55}},"3":{"start":{"line":32,"column":4},"end":{"line":32,"column":61}},"4":{"start":{"line":33,"column":4},"end":{"line":33,"column":57}},"5":{"start":{"line":46,"column":4},"end":{"line":46,"column":28}},"6":{"start":{"line":48,"column":16},"end":{"line":48,"column":38}},"7":{"start":{"line":49,"column":15},"end":{"line":49,"column":56}},"8":{"start":{"line":50,"column":4},"end":{"line":61,"column":5}},"9":{"start":{"line":51,"column":6},"end":{"line":51,"column":41}},"10":{"start":{"line":52,"column":26},"end":{"line":52,"column":67}},"11":{"start":{"line":54,"column":24},"end":{"line":54,"column":63}},"12":{"start":{"line":55,"column":38},"end":{"line":55,"column":49}},"13":{"start":{"line":56,"column":18},"end":{"line":56,"column":39}},"14":{"start":{"line":57,"column":6},"end":{"line":59,"column":7}},"15":{"start":{"line":58,"column":8},"end":{"line":58,"column":32}},"16":{"start":{"line":60,"column":6},"end":{"line":60,"column":33}},"17":{"start":{"line":64,"column":18},"end":{"line":66,"column":5}},"18":{"start":{"line":68,"column":17},"end":{"line":68,"column":39}},"19":{"start":{"line":69,"column":4},"end":{"line":69,"column":28}},"20":{"start":{"line":70,"column":4},"end":{"line":70,"column":30}},"21":{"start":{"line":72,"column":16},"end":{"line":72,"column":37}},"22":{"start":{"line":73,"column":6},"end":{"line":73,"column":55}},"23":{"start":{"line":74,"column":4},"end":{"line":80,"column":5}},"24":{"start":{"line":75,"column":6},"end":{"line":75,"column":36}},"25":{"start":{"line":77,"column":6},"end":{"line":77,"column":38}},"26":{"start":{"line":78,"column":20},"end":{"line":78,"column":42}},"27":{"start":{"line":79,"column":6},"end":{"line":79,"column":34}},"28":{"start":{"line":81,"column":4},"end":{"line":87,"column":5}},"29":{"start":{"line":82,"column":26},"end":{"line":82,"column":67}},"30":{"start":{"line":84,"column":24},"end":{"line":84,"column":63}},"31":{"start":{"line":85,"column":38},"end":{"line":85,"column":49}},"32":{"start":{"line":86,"column":6},"end":{"line":86,"column":43}},"33":{"start":{"line":89,"column":4},"end":{"line":98,"column":5}},"34":{"start":{"line":90,"column":18},"end":{"line":90,"column":39}},"35":{"start":{"line":91,"column":6},"end":{"line":97,"column":7}},"36":{"start":{"line":92,"column":8},"end":{"line":92,"column":43}},"37":{"start":{"line":93,"column":33},"end":{"line":93,"column":74}},"38":{"start":{"line":94,"column":20},"end":{"line":94,"column":52}},"39":{"start":{"line":95,"column":25},"end":{"line":95,"column":57}},"40":{"start":{"line":96,"column":8},"end":{"line":96,"column":46}},"41":{"start":{"line":108,"column":4},"end":{"line":108,"column":44}},"42":{"start":{"line":109,"column":4},"end":{"line":109,"column":29}},"43":{"start":{"line":111,"column":21},"end":{"line":113,"column":5}},"44":{"start":{"line":115,"column":21},"end":{"line":115,"column":46}},"45":{"start":{"line":117,"column":4},"end":{"line":117,"column":40}},"46":{"start":{"line":118,"column":4},"end":{"line":118,"column":32}},"47":{"start":{"line":119,"column":4},"end":{"line":119,"column":61}},"48":{"start":{"line":120,"column":22},"end":{"line":120,"column":45}},"49":{"start":{"line":122,"column":4},"end":{"line":128,"column":5}},"50":{"start":{"line":123,"column":6},"end":{"line":123,"column":51}},"51":{"start":{"line":125,"column":26},"end":{"line":125,"column":53}},"52":{"start":{"line":126,"column":6},"end":{"line":126,"column":46}},"53":{"start":{"line":127,"column":6},"end":{"line":127,"column":53}},"54":{"start":{"line":130,"column":4},"end":{"line":130,"column":30}},"55":{"start":{"line":138,"column":19},"end":{"line":138,"column":31}},"56":{"start":{"line":139,"column":15},"end":{"line":142,"column":5}},"57":{"start":{"line":143,"column":18},"end":{"line":143,"column":34}},"58":{"start":{"line":144,"column":15},"end":{"line":144,"column":38}},"59":{"start":{"line":145,"column":4},"end":{"line":145,"column":16}},"60":{"start":{"line":149,"column":22},"end":{"line":151,"column":6}},"61":{"start":{"line":150,"column":6},"end":{"line":150,"column":102}},"62":{"start":{"line":152,"column":4},"end":{"line":152,"column":74}},"63":{"start":{"line":159,"column":17},"end":{"line":159,"column":40}},"64":{"start":{"line":160,"column":15},"end":{"line":160,"column":54}},"65":{"start":{"line":161,"column":4},"end":{"line":161,"column":38}},"66":{"start":{"line":162,"column":4},"end":{"line":167,"column":8}},"67":{"start":{"line":163,"column":6},"end":{"line":167,"column":7}},"68":{"start":{"line":169,"column":4},"end":{"line":173,"column":5}},"69":{"start":{"line":170,"column":6},"end":{"line":172,"column":7}},"70":{"start":{"line":174,"column":4},"end":{"line":195,"column":5}},"71":{"start":{"line":175,"column":6},"end":{"line":184,"column":7}},"72":{"start":{"line":186,"column":9},"end":{"line":195,"column":5}},"73":{"start":{"line":187,"column":6},"end":{"line":194,"column":7}},"74":{"start":{"line":200,"column":24},"end":{"line":204,"column":2}},"75":{"start":{"line":200,"column":34},"end":{"line":204,"column":1}},"76":{"start":{"line":206,"column":27},"end":{"line":211,"column":2}},"77":{"start":{"line":206,"column":52},"end":{"line":211,"column":1}},"78":{"start":{"line":207,"column":22},"end":{"line":207,"column":56}},"79":{"start":{"line":208,"column":28},"end":{"line":208,"column":68}},"80":{"start":{"line":209,"column":35},"end":{"line":209,"column":92}},"81":{"start":{"line":210,"column":29},"end":{"line":210,"column":80}}},"fnMap":{"0":{"name":"(anonymous_0)","decl":{"start":{"line":23,"column":2},"end":{"line":23,"column":3}},"loc":{"start":{"line":23,"column":20},"end":{"line":34,"column":3}},"line":23},"1":{"name":"(anonymous_1)","decl":{"start":{"line":45,"column":2},"end":{"line":45,"column":3}},"loc":{"start":{"line":45,"column":29},"end":{"line":99,"column":3}},"line":45},"2":{"name":"(anonymous_2)","decl":{"start":{"line":107,"column":2},"end":{"line":107,"column":3}},"loc":{"start":{"line":107,"column":35},"end":{"line":132,"column":3}},"line":107},"3":{"name":"(anonymous_3)","decl":{"start":{"line":137,"column":2},"end":{"line":137,"column":3}},"loc":{"start":{"line":137,"column":25},"end":{"line":146,"column":3}},"line":137},"4":{"name":"(anonymous_4)","decl":{"start":{"line":148,"column":2},"end":{"line":148,"column":3}},"loc":{"start":{"line":148,"column":21},"end":{"line":153,"column":3}},"line":148},"5":{"name":"(anonymous_5)","decl":{"start":{"line":149,"column":107},"end":{"line":149,"column":108}},"loc":{"start":{"line":149,"column":122},"end":{"line":151,"column":5}},"line":149},"6":{"name":"(anonymous_6)","decl":{"start":{"line":158,"column":2},"end":{"line":158,"column":3}},"loc":{"start":{"line":158,"column":11},"end":{"line":197,"column":1}},"line":158},"7":{"name":"(anonymous_7)","decl":{"start":{"line":200,"column":24},"end":{"line":200,"column":25}},"loc":{"start":{"line":200,"column":34},"end":{"line":204,"column":1}},"line":200},"8":{"name":"(anonymous_8)","decl":{"start":{"line":206,"column":27},"end":{"line":206,"column":28}},"loc":{"start":{"line":206,"column":52},"end":{"line":211,"column":1}},"line":206},"9":{"name":"(anonymous_9)","decl":{"start":{"line":207,"column":11},"end":{"line":207,"column":12}},"loc":{"start":{"line":207,"column":22},"end":{"line":207,"column":56}},"line":207},"10":{"name":"(anonymous_10)","decl":{"start":{"line":208,"column":17},"end":{"line":208,"column":18}},"loc":{"start":{"line":208,"column":28},"end":{"line":208,"column":68}},"line":208},"11":{"name":"(anonymous_11)","decl":{"start":{"line":209,"column":24},"end":{"line":209,"column":25}},"loc":{"start":{"line":209,"column":35},"end":{"line":209,"column":92}},"line":209},"12":{"name":"(anonymous_12)","decl":{"start":{"line":210,"column":18},"end":{"line":210,"column":19}},"loc":{"start":{"line":210,"column":29},"end":{"line":210,"column":80}},"line":210}},"branchMap":{"0":{"loc":{"start":{"line":50,"column":4},"end":{"line":61,"column":5}},"type":"if","locations":[{"start":{"line":50,"column":4},"end":{"line":61,"column":5}},{"start":{"line":50,"column":4},"end":{"line":61,"column":5}}],"line":50},"1":{"loc":{"start":{"line":57,"column":6},"end":{"line":59,"column":7}},"type":"if","locations":[{"start":{"line":57,"column":6},"end":{"line":59,"column":7}},{"start":{"line":57,"column":6},"end":{"line":59,"column":7}}],"line":57},"2":{"loc":{"start":{"line":74,"column":4},"end":{"line":80,"column":5}},"type":"if","locations":[{"start":{"line":74,"column":4},"end":{"line":80,"column":5}},{"start":{"line":74,"column":4},"end":{"line":80,"column":5}}],"line":74},"3":{"loc":{"start":{"line":81,"column":4},"end":{"line":87,"column":5}},"type":"if","locations":[{"start":{"line":81,"column":4},"end":{"line":87,"column":5}},{"start":{"line":81,"column":4},"end":{"line":87,"column":5}}],"line":81},"4":{"loc":{"start":{"line":89,"column":4},"end":{"line":98,"column":5}},"type":"if","locations":[{"start":{"line":89,"column":4},"end":{"line":98,"column":5}},{"start":{"line":89,"column":4},"end":{"line":98,"column":5}}],"line":89},"5":{"loc":{"start":{"line":91,"column":6},"end":{"line":97,"column":7}},"type":"if","locations":[{"start":{"line":91,"column":6},"end":{"line":97,"column":7}},{"start":{"line":91,"column":6},"end":{"line":97,"column":7}}],"line":91},"6":{"loc":{"start":{"line":122,"column":4},"end":{"line":128,"column":5}},"type":"if","locations":[{"start":{"line":122,"column":4},"end":{"line":128,"column":5}},{"start":{"line":122,"column":4},"end":{"line":128,"column":5}}],"line":122},"7":{"loc":{"start":{"line":149,"column":22},"end":{"line":151,"column":6}},"type":"binary-expr","locations":[{"start":{"line":149,"column":22},"end":{"line":149,"column":37}},{"start":{"line":149,"column":41},"end":{"line":149,"column":68}},{"start":{"line":149,"column":72},"end":{"line":151,"column":6}}],"line":149},"8":{"loc":{"start":{"line":152,"column":11},"end":{"line":152,"column":73}},"type":"cond-expr","locations":[{"start":{"line":152,"column":51},"end":{"line":152,"column":65}},{"start":{"line":152,"column":68},"end":{"line":152,"column":73}}],"line":152},"9":{"loc":{"start":{"line":152,"column":14},"end":{"line":152,"column":47}},"type":"binary-expr","locations":[{"start":{"line":152,"column":14},"end":{"line":152,"column":25}},{"start":{"line":152,"column":29},"end":{"line":152,"column":47}}],"line":152},"10":{"loc":{"start":{"line":159,"column":17},"end":{"line":159,"column":40}},"type":"binary-expr","locations":[{"start":{"line":159,"column":17},"end":{"line":159,"column":34}},{"start":{"line":159,"column":38},"end":{"line":159,"column":40}}],"line":159},"11":{"loc":{"start":{"line":160,"column":15},"end":{"line":160,"column":54}},"type":"binary-expr","locations":[{"start":{"line":160,"column":15},"end":{"line":160,"column":30}},{"start":{"line":160,"column":34},"end":{"line":160,"column":54}}],"line":160},"12":{"loc":{"start":{"line":161,"column":11},"end":{"line":161,"column":38}},"type":"cond-expr","locations":[{"start":{"line":161,"column":17},"end":{"line":161,"column":35}},{"start":{"line":161,"column":36},"end":{"line":161,"column":38}}],"line":161},"13":{"loc":{"start":{"line":162,"column":4},"end":{"line":167,"column":8}},"type":"if","locations":[{"start":{"line":162,"column":4},"end":{"line":167,"column":8}},{"start":{"line":162,"column":4},"end":{"line":167,"column":8}}],"line":162},"14":{"loc":{"start":{"line":169,"column":4},"end":{"line":173,"column":5}},"type":"if","locations":[{"start":{"line":169,"column":4},"end":{"line":173,"column":5}},{"start":{"line":169,"column":4},"end":{"line":173,"column":5}}],"line":169},"15":{"loc":{"start":{"line":174,"column":4},"end":{"line":195,"column":5}},"type":"if","locations":[{"start":{"line":174,"column":4},"end":{"line":195,"column":5}},{"start":{"line":174,"column":4},"end":{"line":195,"column":5}}],"line":174},"16":{"loc":{"start":{"line":186,"column":9},"end":{"line":195,"column":5}},"type":"if","locations":[{"start":{"line":186,"column":9},"end":{"line":195,"column":5}},{"start":{"line":186,"column":9},"end":{"line":195,"column":5}}],"line":186}},"s":{"0":1,"1":1,"2":1,"3":1,"4":1,"5":1,"6":1,"7":1,"8":1,"9":0,"10":0,"11":0,"12":0,"13":0,"14":0,"15":0,"16":0,"17":1,"18":1,"19":0,"20":0,"21":0,"22":0,"23":0,"24":0,"25":0,"26":0,"27":0,"28":0,"29":0,"30":0,"31":0,"32":0,"33":0,"34":0,"35":0,"36":0,"37":0,"38":0,"39":0,"40":0,"41":0,"42":0,"43":0,"44":0,"45":0,"46":0,"47":0,"48":0,"49":0,"50":0,"51":0,"52":0,"53":0,"54":0,"55":0,"56":0,"57":0,"58":0,"59":0,"60":0,"61":0,"62":0,"63":1,"64":1,"65":1,"66":1,"67":1,"68":0,"69":0,"70":0,"71":0,"72":0,"73":0,"74":2,"75":1,"76":2,"77":1,"78":0,"79":0,"80":0,"81":0},"f":{"0":1,"1":1,"2":0,"3":0,"4":0,"5":0,"6":1,"7":1,"8":1,"9":0,"10":0,"11":0,"12":0},"b":{"0":[0,1],"1":[0,0],"2":[0,0],"3":[0,0],"4":[0,0],"5":[0,0],"6":[0,0],"7":[0,0,0],"8":[0,0],"9":[0,0],"10":[1,0],"11":[1,1],"12":[0,1],"13":[1,0],"14":[0,0],"15":[0,0],"16":[0,0]},"_coverageSchema":"332fd63041d2c1bcb487cc26dd0d5f7d97098a6c","hash":"9cb34f125dd672262ae9147ffc8440502d9c74d5"}
,"/Users/justinmorris/Desktop/code_fellows_stuff/401/final-project/website/src/components/readme/readme.js": {"path":"/Users/justinmorris/Desktop/code_fellows_stuff/401/final-project/website/src/components/readme/readme.js","statementMap":{"0":{"start":{"line":16,"column":8},"end":{"line":16,"column":21}},"1":{"start":{"line":17,"column":8},"end":{"line":20,"column":9}},"2":{"start":{"line":28,"column":21},"end":{"line":28,"column":40}},"3":{"start":{"line":29,"column":18},"end":{"line":29,"column":38}},"4":{"start":{"line":30,"column":8},"end":{"line":35,"column":9}},"5":{"start":{"line":31,"column":23},"end":{"line":32,"column":57}},"6":{"start":{"line":33,"column":26},"end":{"line":33,"column":49}},"7":{"start":{"line":34,"column":12},"end":{"line":34,"column":39}},"8":{"start":{"line":38,"column":8},"end":{"line":38,"column":27}},"9":{"start":{"line":39,"column":22},"end":{"line":39,"column":44}},"10":{"start":{"line":40,"column":22},"end":{"line":40,"column":54}},"11":{"start":{"line":41,"column":8},"end":{"line":47,"column":9}},"12":{"start":{"line":42,"column":12},"end":{"line":42,"column":58}},"13":{"start":{"line":43,"column":12},"end":{"line":43,"column":47}},"14":{"start":{"line":44,"column":15},"end":{"line":47,"column":9}},"15":{"start":{"line":45,"column":12},"end":{"line":45,"column":61}},"16":{"start":{"line":46,"column":12},"end":{"line":46,"column":50}},"17":{"start":{"line":53,"column":8},"end":{"line":62,"column":9}}},"fnMap":{"0":{"name":"(anonymous_0)","decl":{"start":{"line":15,"column":4},"end":{"line":15,"column":5}},"loc":{"start":{"line":15,"column":23},"end":{"line":21,"column":5}},"line":15},"1":{"name":"(anonymous_1)","decl":{"start":{"line":27,"column":4},"end":{"line":27,"column":5}},"loc":{"start":{"line":27,"column":51},"end":{"line":36,"column":5}},"line":27},"2":{"name":"(anonymous_2)","decl":{"start":{"line":37,"column":26},"end":{"line":37,"column":27}},"loc":{"start":{"line":37,"column":33},"end":{"line":48,"column":5}},"line":37},"3":{"name":"(anonymous_3)","decl":{"start":{"line":52,"column":4},"end":{"line":52,"column":5}},"loc":{"start":{"line":52,"column":13},"end":{"line":63,"column":5}},"line":52}},"branchMap":{"0":{"loc":{"start":{"line":30,"column":8},"end":{"line":35,"column":9}},"type":"if","locations":[{"start":{"line":30,"column":8},"end":{"line":35,"column":9}},{"start":{"line":30,"column":8},"end":{"line":35,"column":9}}],"line":30},"1":{"loc":{"start":{"line":30,"column":12},"end":{"line":30,"column":29}},"type":"binary-expr","locations":[{"start":{"line":30,"column":12},"end":{"line":30,"column":15}},{"start":{"line":30,"column":19},"end":{"line":30,"column":29}}],"line":30},"2":{"loc":{"start":{"line":41,"column":8},"end":{"line":47,"column":9}},"type":"if","locations":[{"start":{"line":41,"column":8},"end":{"line":47,"column":9}},{"start":{"line":41,"column":8},"end":{"line":47,"column":9}}],"line":41},"3":{"loc":{"start":{"line":44,"column":15},"end":{"line":47,"column":9}},"type":"if","locations":[{"start":{"line":44,"column":15},"end":{"line":47,"column":9}},{"start":{"line":44,"column":15},"end":{"line":47,"column":9}}],"line":44}},"s":{"0":2,"1":2,"2":2,"3":2,"4":2,"5":0,"6":0,"7":0,"8":0,"9":0,"10":0,"11":0,"12":0,"13":0,"14":0,"15":0,"16":0,"17":2},"f":{"0":2,"1":2,"2":0,"3":2},"b":{"0":[0,2],"1":[2,0],"2":[0,0],"3":[0,0]},"_coverageSchema":"332fd63041d2c1bcb487cc26dd0d5f7d97098a6c","hash":"c30bed0f3a625b031843687b548fc957cdc75f54"}
,"/Users/justinmorris/Desktop/code_fellows_stuff/401/final-project/website/src/components/repl/repl.js": {"path":"/Users/justinmorris/Desktop/code_fellows_stuff/401/final-project/website/src/components/repl/repl.js","statementMap":{"0":{"start":{"line":17,"column":8},"end":{"line":17,"column":20}},"1":{"start":{"line":18,"column":8},"end":{"line":18,"column":62}},"2":{"start":{"line":19,"column":8},"end":{"line":19,"column":57}},"3":{"start":{"line":20,"column":8},"end":{"line":20,"column":49}},"4":{"start":{"line":24,"column":8},"end":{"line":24,"column":49}},"5":{"start":{"line":28,"column":8},"end":{"line":28,"column":27}},"6":{"start":{"line":29,"column":8},"end":{"line":29,"column":44}},"7":{"start":{"line":30,"column":22},"end":{"line":30,"column":24}},"8":{"start":{"line":31,"column":8},"end":{"line":31,"column":47}},"9":{"start":{"line":32,"column":8},"end":{"line":32,"column":39}},"10":{"start":{"line":36,"column":8},"end":{"line":36,"column":23}},"11":{"start":{"line":37,"column":8},"end":{"line":37,"column":24}},"12":{"start":{"line":41,"column":8},"end":{"line":41,"column":39}},"13":{"start":{"line":42,"column":22},"end":{"line":42,"column":24}},"14":{"start":{"line":43,"column":8},"end":{"line":43,"column":47}},"15":{"start":{"line":44,"column":8},"end":{"line":44,"column":39}},"16":{"start":{"line":48,"column":19},"end":{"line":48,"column":21}},"17":{"start":{"line":49,"column":20},"end":{"line":49,"column":74}},"18":{"start":{"line":51,"column":8},"end":{"line":55,"column":15}},"19":{"start":{"line":52,"column":33},"end":{"line":52,"column":55}},"20":{"start":{"line":54,"column":16},"end":{"line":54,"column":73}},"21":{"start":{"line":57,"column":28},"end":{"line":57,"column":55}},"22":{"start":{"line":58,"column":23},"end":{"line":58,"column":75}},"23":{"start":{"line":60,"column":23},"end":{"line":60,"column":39}},"24":{"start":{"line":61,"column":20},"end":{"line":61,"column":43}},"25":{"start":{"line":63,"column":22},"end":{"line":66,"column":9}},"26":{"start":{"line":68,"column":8},"end":{"line":68,"column":42}},"27":{"start":{"line":75,"column":18},"end":{"line":75,"column":43}},"28":{"start":{"line":76,"column":21},"end":{"line":76,"column":40}},"29":{"start":{"line":79,"column":25},"end":{"line":79,"column":51}},"30":{"start":{"line":81,"column":8},"end":{"line":103,"column":9}},"31":{"start":{"line":83,"column":23},"end":{"line":84,"column":57}},"32":{"start":{"line":86,"column":26},"end":{"line":86,"column":49}},"33":{"start":{"line":87,"column":12},"end":{"line":87,"column":41}},"34":{"start":{"line":89,"column":12},"end":{"line":89,"column":34}},"35":{"start":{"line":91,"column":26},"end":{"line":91,"column":28}},"36":{"start":{"line":92,"column":12},"end":{"line":92,"column":51}},"37":{"start":{"line":93,"column":12},"end":{"line":93,"column":43}},"38":{"start":{"line":95,"column":12},"end":{"line":95,"column":32}},"39":{"start":{"line":97,"column":15},"end":{"line":103,"column":9}},"40":{"start":{"line":98,"column":12},"end":{"line":98,"column":46}},"41":{"start":{"line":100,"column":26},"end":{"line":100,"column":28}},"42":{"start":{"line":101,"column":12},"end":{"line":101,"column":48}},"43":{"start":{"line":102,"column":12},"end":{"line":102,"column":43}},"44":{"start":{"line":108,"column":29},"end":{"line":108,"column":75}},"45":{"start":{"line":109,"column":28},"end":{"line":109,"column":41}},"46":{"start":{"line":110,"column":25},"end":{"line":112,"column":10}},"47":{"start":{"line":111,"column":12},"end":{"line":111,"column":125}},"48":{"start":{"line":114,"column":8},"end":{"line":114,"column":79}},"49":{"start":{"line":118,"column":8},"end":{"line":118,"column":27}},"50":{"start":{"line":119,"column":8},"end":{"line":119,"column":28}},"51":{"start":{"line":123,"column":21},"end":{"line":123,"column":36}},"52":{"start":{"line":124,"column":24},"end":{"line":127,"column":9}},"53":{"start":{"line":129,"column":8},"end":{"line":146,"column":9}},"54":{"start":{"line":150,"column":24},"end":{"line":154,"column":4}},"55":{"start":{"line":150,"column":34},"end":{"line":154,"column":3}},"56":{"start":{"line":156,"column":29},"end":{"line":160,"column":4}},"57":{"start":{"line":156,"column":54},"end":{"line":160,"column":3}},"58":{"start":{"line":157,"column":27},"end":{"line":157,"column":65}},"59":{"start":{"line":158,"column":30},"end":{"line":158,"column":74}}},"fnMap":{"0":{"name":"(anonymous_0)","decl":{"start":{"line":16,"column":4},"end":{"line":16,"column":5}},"loc":{"start":{"line":16,"column":22},"end":{"line":21,"column":5}},"line":16},"1":{"name":"(anonymous_1)","decl":{"start":{"line":23,"column":4},"end":{"line":23,"column":5}},"loc":{"start":{"line":23,"column":25},"end":{"line":25,"column":5}},"line":23},"2":{"name":"(anonymous_2)","decl":{"start":{"line":27,"column":4},"end":{"line":27,"column":5}},"loc":{"start":{"line":27,"column":19},"end":{"line":33,"column":5}},"line":27},"3":{"name":"(anonymous_3)","decl":{"start":{"line":35,"column":4},"end":{"line":35,"column":5}},"loc":{"start":{"line":35,"column":35},"end":{"line":38,"column":5}},"line":35},"4":{"name":"(anonymous_4)","decl":{"start":{"line":40,"column":4},"end":{"line":40,"column":5}},"loc":{"start":{"line":40,"column":26},"end":{"line":45,"column":5}},"line":40},"5":{"name":"(anonymous_5)","decl":{"start":{"line":47,"column":19},"end":{"line":47,"column":20}},"loc":{"start":{"line":47,"column":31},"end":{"line":71,"column":5}},"line":47},"6":{"name":"(anonymous_6)","decl":{"start":{"line":52,"column":20},"end":{"line":52,"column":21}},"loc":{"start":{"line":52,"column":33},"end":{"line":52,"column":55}},"line":52},"7":{"name":"(anonymous_7)","decl":{"start":{"line":53,"column":21},"end":{"line":53,"column":22}},"loc":{"start":{"line":53,"column":37},"end":{"line":55,"column":13}},"line":53},"8":{"name":"(anonymous_8)","decl":{"start":{"line":73,"column":4},"end":{"line":73,"column":5}},"loc":{"start":{"line":73,"column":51},"end":{"line":104,"column":5}},"line":73},"9":{"name":"(anonymous_9)","decl":{"start":{"line":106,"column":26},"end":{"line":106,"column":27}},"loc":{"start":{"line":106,"column":32},"end":{"line":115,"column":5}},"line":106},"10":{"name":"(anonymous_10)","decl":{"start":{"line":110,"column":60},"end":{"line":110,"column":61}},"loc":{"start":{"line":110,"column":75},"end":{"line":112,"column":9}},"line":110},"11":{"name":"(anonymous_11)","decl":{"start":{"line":117,"column":15},"end":{"line":117,"column":16}},"loc":{"start":{"line":117,"column":28},"end":{"line":120,"column":5}},"line":117},"12":{"name":"(anonymous_12)","decl":{"start":{"line":122,"column":4},"end":{"line":122,"column":5}},"loc":{"start":{"line":122,"column":13},"end":{"line":147,"column":1}},"line":122},"13":{"name":"(anonymous_13)","decl":{"start":{"line":150,"column":24},"end":{"line":150,"column":25}},"loc":{"start":{"line":150,"column":34},"end":{"line":154,"column":3}},"line":150},"14":{"name":"(anonymous_14)","decl":{"start":{"line":156,"column":29},"end":{"line":156,"column":30}},"loc":{"start":{"line":156,"column":54},"end":{"line":160,"column":3}},"line":156},"15":{"name":"(anonymous_15)","decl":{"start":{"line":157,"column":16},"end":{"line":157,"column":17}},"loc":{"start":{"line":157,"column":27},"end":{"line":157,"column":65}},"line":157},"16":{"name":"(anonymous_16)","decl":{"start":{"line":158,"column":19},"end":{"line":158,"column":20}},"loc":{"start":{"line":158,"column":30},"end":{"line":158,"column":74}},"line":158}},"branchMap":{"0":{"loc":{"start":{"line":81,"column":8},"end":{"line":103,"column":9}},"type":"if","locations":[{"start":{"line":81,"column":8},"end":{"line":103,"column":9}},{"start":{"line":81,"column":8},"end":{"line":103,"column":9}}],"line":81},"1":{"loc":{"start":{"line":81,"column":12},"end":{"line":81,"column":107}},"type":"binary-expr","locations":[{"start":{"line":81,"column":12},"end":{"line":81,"column":15}},{"start":{"line":81,"column":19},"end":{"line":81,"column":29}},{"start":{"line":81,"column":33},"end":{"line":81,"column":70}},{"start":{"line":81,"column":74},"end":{"line":81,"column":85}},{"start":{"line":81,"column":89},"end":{"line":81,"column":107}}],"line":81},"2":{"loc":{"start":{"line":97,"column":15},"end":{"line":103,"column":9}},"type":"if","locations":[{"start":{"line":97,"column":15},"end":{"line":103,"column":9}},{"start":{"line":97,"column":15},"end":{"line":103,"column":9}}],"line":97},"3":{"loc":{"start":{"line":97,"column":19},"end":{"line":97,"column":50}},"type":"binary-expr","locations":[{"start":{"line":97,"column":19},"end":{"line":97,"column":29}},{"start":{"line":97,"column":33},"end":{"line":97,"column":50}}],"line":97},"4":{"loc":{"start":{"line":111,"column":19},"end":{"line":111,"column":124}},"type":"binary-expr","locations":[{"start":{"line":111,"column":20},"end":{"line":111,"column":65}},{"start":{"line":111,"column":72},"end":{"line":111,"column":88}},{"start":{"line":111,"column":92},"end":{"line":111,"column":123}}],"line":111},"5":{"loc":{"start":{"line":114,"column":15},"end":{"line":114,"column":78}},"type":"cond-expr","locations":[{"start":{"line":114,"column":37},"end":{"line":114,"column":70}},{"start":{"line":114,"column":73},"end":{"line":114,"column":78}}],"line":114}},"s":{"0":0,"1":0,"2":0,"3":0,"4":0,"5":0,"6":0,"7":0,"8":0,"9":0,"10":0,"11":0,"12":0,"13":0,"14":0,"15":0,"16":0,"17":0,"18":0,"19":0,"20":0,"21":0,"22":0,"23":0,"24":0,"25":0,"26":0,"27":0,"28":0,"29":0,"30":0,"31":0,"32":0,"33":0,"34":0,"35":0,"36":0,"37":0,"38":0,"39":0,"40":0,"41":0,"42":0,"43":0,"44":0,"45":0,"46":0,"47":0,"48":0,"49":0,"50":0,"51":0,"52":0,"53":0,"54":4,"55":0,"56":4,"57":0,"58":0,"59":0},"f":{"0":0,"1":0,"2":0,"3":0,"4":0,"5":0,"6":0,"7":0,"8":0,"9":0,"10":0,"11":0,"12":0,"13":0,"14":0,"15":0,"16":0},"b":{"0":[0,0],"1":[0,0,0,0,0],"2":[0,0],"3":[0,0],"4":[0,0,0],"5":[0,0]},"_coverageSchema":"332fd63041d2c1bcb487cc26dd0d5f7d97098a6c","hash":"89fe4d5bfb710070af17a7c8254f5dca5dfd4843"}
,"/Users/justinmorris/Desktop/code_fellows_stuff/401/final-project/website/src/components/rotator/rotator.js": {"path":"/Users/justinmorris/Desktop/code_fellows_stuff/401/final-project/website/src/components/rotator/rotator.js","statementMap":{"0":{"start":{"line":17,"column":4},"end":{"line":17,"column":17}},"1":{"start":{"line":19,"column":15},"end":{"line":19,"column":50}},"2":{"start":{"line":21,"column":18},"end":{"line":21,"column":27}},"3":{"start":{"line":22,"column":4},"end":{"line":22,"column":35}},"4":{"start":{"line":24,"column":4},"end":{"line":24,"column":37}},"5":{"start":{"line":25,"column":4},"end":{"line":25,"column":45}},"6":{"start":{"line":26,"column":4},"end":{"line":26,"column":41}},"7":{"start":{"line":30,"column":18},"end":{"line":32,"column":28}},"8":{"start":{"line":34,"column":4},"end":{"line":34,"column":31}},"9":{"start":{"line":38,"column":18},"end":{"line":40,"column":34}},"10":{"start":{"line":42,"column":4},"end":{"line":42,"column":31}},"11":{"start":{"line":46,"column":14},"end":{"line":46,"column":48}},"12":{"start":{"line":47,"column":18},"end":{"line":47,"column":46}},"13":{"start":{"line":48,"column":4},"end":{"line":48,"column":31}},"14":{"start":{"line":52,"column":15},"end":{"line":52,"column":17}},"15":{"start":{"line":53,"column":12},"end":{"line":53,"column":13}},"16":{"start":{"line":54,"column":18},"end":{"line":54,"column":38}},"17":{"start":{"line":55,"column":4},"end":{"line":58,"column":5}},"18":{"start":{"line":56,"column":6},"end":{"line":56,"column":77}},"19":{"start":{"line":57,"column":6},"end":{"line":57,"column":29}},"20":{"start":{"line":59,"column":23},"end":{"line":59,"column":69}},"21":{"start":{"line":61,"column":4},"end":{"line":77,"column":6}},"22":{"start":{"line":81,"column":24},"end":{"line":83,"column":2}},"23":{"start":{"line":81,"column":34},"end":{"line":83,"column":1}},"24":{"start":{"line":85,"column":27},"end":{"line":87,"column":2}},"25":{"start":{"line":85,"column":52},"end":{"line":87,"column":1}}},"fnMap":{"0":{"name":"(anonymous_0)","decl":{"start":{"line":16,"column":2},"end":{"line":16,"column":3}},"loc":{"start":{"line":16,"column":21},"end":{"line":27,"column":3}},"line":16},"1":{"name":"(anonymous_1)","decl":{"start":{"line":29,"column":2},"end":{"line":29,"column":3}},"loc":{"start":{"line":29,"column":9},"end":{"line":35,"column":3}},"line":29},"2":{"name":"(anonymous_2)","decl":{"start":{"line":37,"column":2},"end":{"line":37,"column":3}},"loc":{"start":{"line":37,"column":13},"end":{"line":43,"column":3}},"line":37},"3":{"name":"(anonymous_3)","decl":{"start":{"line":45,"column":2},"end":{"line":45,"column":3}},"loc":{"start":{"line":45,"column":12},"end":{"line":49,"column":3}},"line":45},"4":{"name":"(anonymous_4)","decl":{"start":{"line":51,"column":2},"end":{"line":51,"column":3}},"loc":{"start":{"line":51,"column":11},"end":{"line":78,"column":3}},"line":51},"5":{"name":"(anonymous_5)","decl":{"start":{"line":81,"column":24},"end":{"line":81,"column":25}},"loc":{"start":{"line":81,"column":34},"end":{"line":83,"column":1}},"line":81},"6":{"name":"(anonymous_6)","decl":{"start":{"line":85,"column":27},"end":{"line":85,"column":28}},"loc":{"start":{"line":85,"column":52},"end":{"line":87,"column":1}},"line":85}},"branchMap":{"0":{"loc":{"start":{"line":30,"column":18},"end":{"line":32,"column":28}},"type":"cond-expr","locations":[{"start":{"line":31,"column":8},"end":{"line":31,"column":31}},{"start":{"line":32,"column":8},"end":{"line":32,"column":28}}],"line":30},"1":{"loc":{"start":{"line":38,"column":18},"end":{"line":40,"column":34}},"type":"cond-expr","locations":[{"start":{"line":39,"column":8},"end":{"line":39,"column":31}},{"start":{"line":40,"column":8},"end":{"line":40,"column":34}}],"line":38},"2":{"loc":{"start":{"line":59,"column":23},"end":{"line":59,"column":69}},"type":"binary-expr","locations":[{"start":{"line":59,"column":23},"end":{"line":59,"column":41}},{"start":{"line":59,"column":45},"end":{"line":59,"column":69}}],"line":59}},"s":{"0":0,"1":0,"2":0,"3":0,"4":0,"5":0,"6":0,"7":0,"8":0,"9":0,"10":0,"11":0,"12":0,"13":0,"14":0,"15":0,"16":0,"17":0,"18":0,"19":0,"20":0,"21":0,"22":4,"23":0,"24":4,"25":0},"f":{"0":0,"1":0,"2":0,"3":0,"4":0,"5":0,"6":0},"b":{"0":[0,0],"1":[0,0],"2":[0,0]},"_coverageSchema":"332fd63041d2c1bcb487cc26dd0d5f7d97098a6c","hash":"e11117206de21c8e61f8c68757576f26cdaa470e"}
,"/Users/justinmorris/Desktop/code_fellows_stuff/401/final-project/website/src/components/sidebar/sidebar.js": {"path":"/Users/justinmorris/Desktop/code_fellows_stuff/401/final-project/website/src/components/sidebar/sidebar.js","statementMap":{"0":{"start":{"line":9,"column":8},"end":{"line":28,"column":9}},"1":{"start":{"line":15,"column":16},"end":{"line":23,"column":21}},"2":{"start":{"line":19,"column":28},"end":{"line":19,"column":112}},"3":{"start":{"line":19,"column":63},"end":{"line":19,"column":94}}},"fnMap":{"0":{"name":"(anonymous_0)","decl":{"start":{"line":7,"column":4},"end":{"line":7,"column":5}},"loc":{"start":{"line":7,"column":13},"end":{"line":29,"column":1}},"line":7},"1":{"name":"(anonymous_1)","decl":{"start":{"line":14,"column":72},"end":{"line":14,"column":73}},"loc":{"start":{"line":15,"column":16},"end":{"line":23,"column":21}},"line":15},"2":{"name":"(anonymous_2)","decl":{"start":{"line":18,"column":64},"end":{"line":18,"column":65}},"loc":{"start":{"line":19,"column":28},"end":{"line":19,"column":112}},"line":19},"3":{"name":"(anonymous_3)","decl":{"start":{"line":19,"column":57},"end":{"line":19,"column":58}},"loc":{"start":{"line":19,"column":63},"end":{"line":19,"column":94}},"line":19}},"branchMap":{"0":{"loc":{"start":{"line":14,"column":16},"end":{"line":24,"column":18}},"type":"binary-expr","locations":[{"start":{"line":14,"column":16},"end":{"line":14,"column":33}},{"start":{"line":14,"column":37},"end":{"line":24,"column":18}}],"line":14}},"s":{"0":1,"1":0,"2":0,"3":0},"f":{"0":1,"1":0,"2":0,"3":0},"b":{"0":[1,0]},"_coverageSchema":"332fd63041d2c1bcb487cc26dd0d5f7d97098a6c","hash":"fc4cd94813dbdf33d9f28c7ad33f61641a111655"}
,"/Users/justinmorris/Desktop/code_fellows_stuff/401/final-project/website/src/components/video/video.js": {"path":"/Users/justinmorris/Desktop/code_fellows_stuff/401/final-project/website/src/components/video/video.js","statementMap":{"0":{"start":{"line":11,"column":8},"end":{"line":15,"column":9}}},"fnMap":{"0":{"name":"(anonymous_0)","decl":{"start":{"line":10,"column":4},"end":{"line":10,"column":5}},"loc":{"start":{"line":10,"column":13},"end":{"line":16,"column":1}},"line":10}},"branchMap":{},"s":{"0":3},"f":{"0":3},"b":{},"_coverageSchema":"332fd63041d2c1bcb487cc26dd0d5f7d97098a6c","hash":"35874e3e014b0f610a1b0387d3b468167deaaf19"}
,"/Users/justinmorris/Desktop/code_fellows_stuff/401/final-project/website/src/components/workspace/workspace.js": {"path":"/Users/justinmorris/Desktop/code_fellows_stuff/401/final-project/website/src/components/workspace/workspace.js","statementMap":{"0":{"start":{"line":27,"column":8},"end":{"line":27,"column":21}},"1":{"start":{"line":28,"column":8},"end":{"line":32,"column":9}},"2":{"start":{"line":34,"column":8},"end":{"line":34,"column":45}},"3":{"start":{"line":35,"column":8},"end":{"line":35,"column":55}},"4":{"start":{"line":39,"column":22},"end":{"line":39,"column":61}},"5":{"start":{"line":40,"column":8},"end":{"line":40,"column":35}},"6":{"start":{"line":45,"column":20},"end":{"line":48,"column":9}},"7":{"start":{"line":50,"column":23},"end":{"line":50,"column":46}},"8":{"start":{"line":52,"column":26},"end":{"line":52,"column":28}},"9":{"start":{"line":53,"column":21},"end":{"line":53,"column":23}},"10":{"start":{"line":55,"column":8},"end":{"line":59,"column":9}},"11":{"start":{"line":56,"column":12},"end":{"line":58,"column":13}},"12":{"start":{"line":57,"column":16},"end":{"line":57,"column":78}},"13":{"start":{"line":60,"column":8},"end":{"line":68,"column":9}},"14":{"start":{"line":61,"column":12},"end":{"line":61,"column":92}},"15":{"start":{"line":62,"column":28},"end":{"line":62,"column":78}},"16":{"start":{"line":63,"column":12},"end":{"line":65,"column":13}},"17":{"start":{"line":64,"column":16},"end":{"line":64,"column":81}},"18":{"start":{"line":67,"column":12},"end":{"line":67,"column":32}},"19":{"start":{"line":69,"column":21},"end":{"line":69,"column":78}},"20":{"start":{"line":70,"column":8},"end":{"line":70,"column":32}},"21":{"start":{"line":74,"column":20},"end":{"line":74,"column":75}},"22":{"start":{"line":75,"column":21},"end":{"line":75,"column":76}},"23":{"start":{"line":76,"column":8},"end":{"line":76,"column":51}},"24":{"start":{"line":77,"column":19},"end":{"line":77,"column":40}},"25":{"start":{"line":78,"column":21},"end":{"line":78,"column":33}},"26":{"start":{"line":79,"column":20},"end":{"line":79,"column":84}},"27":{"start":{"line":80,"column":24},"end":{"line":80,"column":74}},"28":{"start":{"line":81,"column":8},"end":{"line":81,"column":35}},"29":{"start":{"line":85,"column":8},"end":{"line":85,"column":27}},"30":{"start":{"line":86,"column":24},"end":{"line":86,"column":44}},"31":{"start":{"line":87,"column":8},"end":{"line":87,"column":31}},"32":{"start":{"line":91,"column":25},"end":{"line":91,"column":27}},"33":{"start":{"line":92,"column":29},"end":{"line":92,"column":31}},"34":{"start":{"line":93,"column":8},"end":{"line":99,"column":9}},"35":{"start":{"line":94,"column":12},"end":{"line":94,"column":73}},"36":{"start":{"line":95,"column":12},"end":{"line":95,"column":75}},"37":{"start":{"line":98,"column":12},"end":{"line":98,"column":26}},"38":{"start":{"line":101,"column":8},"end":{"line":136,"column":9}},"39":{"start":{"line":111,"column":28},"end":{"line":111,"column":183}},"40":{"start":{"line":127,"column":48},"end":{"line":127,"column":64}},"41":{"start":{"line":132,"column":45},"end":{"line":132,"column":64}},"42":{"start":{"line":139,"column":24},"end":{"line":143,"column":4}},"43":{"start":{"line":139,"column":34},"end":{"line":143,"column":3}}},"fnMap":{"0":{"name":"(anonymous_0)","decl":{"start":{"line":26,"column":4},"end":{"line":26,"column":5}},"loc":{"start":{"line":26,"column":23},"end":{"line":36,"column":5}},"line":26},"1":{"name":"(anonymous_1)","decl":{"start":{"line":38,"column":4},"end":{"line":38,"column":5}},"loc":{"start":{"line":38,"column":24},"end":{"line":41,"column":5}},"line":38},"2":{"name":"(anonymous_2)","decl":{"start":{"line":43,"column":4},"end":{"line":43,"column":5}},"loc":{"start":{"line":43,"column":24},"end":{"line":71,"column":5}},"line":43},"3":{"name":"(anonymous_3)","decl":{"start":{"line":73,"column":4},"end":{"line":73,"column":5}},"loc":{"start":{"line":73,"column":19},"end":{"line":82,"column":5}},"line":73},"4":{"name":"(anonymous_4)","decl":{"start":{"line":84,"column":15},"end":{"line":84,"column":16}},"loc":{"start":{"line":84,"column":22},"end":{"line":88,"column":5}},"line":84},"5":{"name":"(anonymous_5)","decl":{"start":{"line":90,"column":4},"end":{"line":90,"column":5}},"loc":{"start":{"line":90,"column":13},"end":{"line":137,"column":1}},"line":90},"6":{"name":"(anonymous_6)","decl":{"start":{"line":110,"column":40},"end":{"line":110,"column":41}},"loc":{"start":{"line":111,"column":28},"end":{"line":111,"column":183}},"line":111},"7":{"name":"(anonymous_7)","decl":{"start":{"line":127,"column":41},"end":{"line":127,"column":42}},"loc":{"start":{"line":127,"column":48},"end":{"line":127,"column":64}},"line":127},"8":{"name":"(anonymous_8)","decl":{"start":{"line":132,"column":41},"end":{"line":132,"column":42}},"loc":{"start":{"line":132,"column":45},"end":{"line":132,"column":64}},"line":132},"9":{"name":"(anonymous_9)","decl":{"start":{"line":139,"column":24},"end":{"line":139,"column":25}},"loc":{"start":{"line":139,"column":34},"end":{"line":143,"column":3}},"line":139}},"branchMap":{"0":{"loc":{"start":{"line":39,"column":22},"end":{"line":39,"column":61}},"type":"cond-expr","locations":[{"start":{"line":39,"column":49},"end":{"line":39,"column":53}},{"start":{"line":39,"column":56},"end":{"line":39,"column":61}}],"line":39},"1":{"loc":{"start":{"line":55,"column":8},"end":{"line":59,"column":9}},"type":"if","locations":[{"start":{"line":55,"column":8},"end":{"line":59,"column":9}},{"start":{"line":55,"column":8},"end":{"line":59,"column":9}}],"line":55},"2":{"loc":{"start":{"line":60,"column":8},"end":{"line":68,"column":9}},"type":"if","locations":[{"start":{"line":60,"column":8},"end":{"line":68,"column":9}},{"start":{"line":60,"column":8},"end":{"line":68,"column":9}}],"line":60},"3":{"loc":{"start":{"line":107,"column":26},"end":{"line":107,"column":83}},"type":"binary-expr","locations":[{"start":{"line":107,"column":26},"end":{"line":107,"column":47}},{"start":{"line":107,"column":51},"end":{"line":107,"column":83}}],"line":107},"4":{"loc":{"start":{"line":131,"column":30},"end":{"line":131,"column":80}},"type":"binary-expr","locations":[{"start":{"line":131,"column":30},"end":{"line":131,"column":48}},{"start":{"line":131,"column":52},"end":{"line":131,"column":80}}],"line":131}},"s":{"0":0,"1":0,"2":0,"3":0,"4":0,"5":0,"6":0,"7":0,"8":0,"9":0,"10":0,"11":0,"12":0,"13":0,"14":0,"15":0,"16":0,"17":0,"18":0,"19":0,"20":0,"21":0,"22":0,"23":0,"24":0,"25":0,"26":0,"27":0,"28":0,"29":0,"30":0,"31":0,"32":0,"33":0,"34":0,"35":0,"36":0,"37":0,"38":0,"39":0,"40":0,"41":0,"42":3,"43":0},"f":{"0":0,"1":0,"2":0,"3":0,"4":0,"5":0,"6":0,"7":0,"8":0,"9":0},"b":{"0":[0,0],"1":[0,0],"2":[0,0],"3":[0,0],"4":[0,0]},"_coverageSchema":"332fd63041d2c1bcb487cc26dd0d5f7d97098a6c","hash":"9f3ac5c75d1cf2a881a2b27d7aceff154532be89"}
,"/Users/justinmorris/Desktop/code_fellows_stuff/401/final-project/website/src/lib/api.js": {"path":"/Users/justinmorris/Desktop/code_fellows_stuff/401/final-project/website/src/lib/api.js","statementMap":{"0":{"start":{"line":5,"column":19},"end":{"line":5,"column":54}},"1":{"start":{"line":7,"column":11},"end":{"line":7,"column":96}},"2":{"start":{"line":9,"column":19},"end":{"line":26,"column":1}},"3":{"start":{"line":11,"column":14},"end":{"line":11,"column":59}},"4":{"start":{"line":12,"column":16},"end":{"line":12,"column":37}},"5":{"start":{"line":14,"column":4},"end":{"line":14,"column":27}},"6":{"start":{"line":15,"column":4},"end":{"line":24,"column":5}},"7":{"start":{"line":16,"column":19},"end":{"line":16,"column":45}},"8":{"start":{"line":17,"column":8},"end":{"line":17,"column":20}},"9":{"start":{"line":19,"column":9},"end":{"line":24,"column":5}},"10":{"start":{"line":20,"column":20},"end":{"line":20,"column":54}},"11":{"start":{"line":21,"column":19},"end":{"line":22,"column":48}},"12":{"start":{"line":23,"column":8},"end":{"line":23,"column":25}},"13":{"start":{"line":28,"column":20},"end":{"line":55,"column":1}},"14":{"start":{"line":29,"column":4},"end":{"line":29,"column":27}},"15":{"start":{"line":30,"column":27},"end":{"line":30,"column":34}},"16":{"start":{"line":31,"column":14},"end":{"line":31,"column":35}},"17":{"start":{"line":33,"column":16},"end":{"line":33,"column":37}},"18":{"start":{"line":34,"column":4},"end":{"line":54,"column":5}},"19":{"start":{"line":35,"column":8},"end":{"line":53,"column":9}},"20":{"start":{"line":36,"column":23},"end":{"line":36,"column":37}},"21":{"start":{"line":38,"column":23},"end":{"line":40,"column":43}},"22":{"start":{"line":42,"column":12},"end":{"line":42,"column":29}},"23":{"start":{"line":46,"column":23},"end":{"line":49,"column":39}},"24":{"start":{"line":51,"column":12},"end":{"line":51,"column":29}},"25":{"start":{"line":56,"column":19},"end":{"line":82,"column":1}},"26":{"start":{"line":58,"column":4},"end":{"line":58,"column":29}},"27":{"start":{"line":59,"column":29},"end":{"line":59,"column":36}},"28":{"start":{"line":60,"column":14},"end":{"line":60,"column":35}},"29":{"start":{"line":62,"column":16},"end":{"line":62,"column":37}},"30":{"start":{"line":64,"column":4},"end":{"line":81,"column":5}},"31":{"start":{"line":65,"column":19},"end":{"line":68,"column":39}},"32":{"start":{"line":70,"column":8},"end":{"line":70,"column":25}},"33":{"start":{"line":74,"column":19},"end":{"line":74,"column":33}},"34":{"start":{"line":76,"column":19},"end":{"line":78,"column":39}},"35":{"start":{"line":80,"column":8},"end":{"line":80,"column":25}},"36":{"start":{"line":84,"column":21},"end":{"line":92,"column":1}},"37":{"start":{"line":85,"column":16},"end":{"line":85,"column":23}},"38":{"start":{"line":87,"column":14},"end":{"line":87,"column":47}},"39":{"start":{"line":88,"column":15},"end":{"line":89,"column":48}},"40":{"start":{"line":91,"column":8},"end":{"line":91,"column":25}}},"fnMap":{"0":{"name":"(anonymous_0)","decl":{"start":{"line":9,"column":19},"end":{"line":9,"column":20}},"loc":{"start":{"line":9,"column":36},"end":{"line":26,"column":1}},"line":9},"1":{"name":"(anonymous_1)","decl":{"start":{"line":28,"column":20},"end":{"line":28,"column":21}},"loc":{"start":{"line":28,"column":37},"end":{"line":55,"column":1}},"line":28},"2":{"name":"(anonymous_2)","decl":{"start":{"line":56,"column":19},"end":{"line":56,"column":20}},"loc":{"start":{"line":56,"column":36},"end":{"line":82,"column":1}},"line":56},"3":{"name":"(anonymous_3)","decl":{"start":{"line":84,"column":21},"end":{"line":84,"column":22}},"loc":{"start":{"line":84,"column":38},"end":{"line":92,"column":1}},"line":84}},"branchMap":{"0":{"loc":{"start":{"line":7,"column":11},"end":{"line":7,"column":96}},"type":"cond-expr","locations":[{"start":{"line":7,"column":24},"end":{"line":7,"column":64}},{"start":{"line":7,"column":66},"end":{"line":7,"column":96}}],"line":7},"1":{"loc":{"start":{"line":15,"column":4},"end":{"line":24,"column":5}},"type":"if","locations":[{"start":{"line":15,"column":4},"end":{"line":24,"column":5}},{"start":{"line":15,"column":4},"end":{"line":24,"column":5}}],"line":15},"2":{"loc":{"start":{"line":19,"column":9},"end":{"line":24,"column":5}},"type":"if","locations":[{"start":{"line":19,"column":9},"end":{"line":24,"column":5}},{"start":{"line":19,"column":9},"end":{"line":24,"column":5}}],"line":19},"3":{"loc":{"start":{"line":34,"column":4},"end":{"line":54,"column":5}},"type":"if","locations":[{"start":{"line":34,"column":4},"end":{"line":54,"column":5}},{"start":{"line":34,"column":4},"end":{"line":54,"column":5}}],"line":34},"4":{"loc":{"start":{"line":35,"column":8},"end":{"line":53,"column":9}},"type":"if","locations":[{"start":{"line":35,"column":8},"end":{"line":53,"column":9}},{"start":{"line":35,"column":8},"end":{"line":53,"column":9}}],"line":35},"5":{"loc":{"start":{"line":64,"column":4},"end":{"line":81,"column":5}},"type":"if","locations":[{"start":{"line":64,"column":4},"end":{"line":81,"column":5}},{"start":{"line":64,"column":4},"end":{"line":81,"column":5}}],"line":64}},"s":{"0":4,"1":4,"2":4,"3":1,"4":1,"5":1,"6":1,"7":1,"8":0,"9":0,"10":0,"11":0,"12":0,"13":4,"14":0,"15":0,"16":0,"17":0,"18":0,"19":0,"20":0,"21":0,"22":0,"23":0,"24":0,"25":4,"26":0,"27":0,"28":0,"29":0,"30":0,"31":0,"32":0,"33":0,"34":0,"35":0,"36":4,"37":0,"38":0,"39":0,"40":0},"f":{"0":1,"1":0,"2":0,"3":0},"b":{"0":[0,4],"1":[1,0],"2":[0,0],"3":[0,0],"4":[0,0],"5":[0,0]},"_coverageSchema":"332fd63041d2c1bcb487cc26dd0d5f7d97098a6c","hash":"76b98f814ae3996c2707f6fb841df6d567b07acb"}
,"/Users/justinmorris/Desktop/code_fellows_stuff/401/final-project/website/src/lib/githubLogin.js": {"path":"/Users/justinmorris/Desktop/code_fellows_stuff/401/final-project/website/src/lib/githubLogin.js","statementMap":{"0":{"start":{"line":5,"column":16},"end":{"line":5,"column":18}},"1":{"start":{"line":7,"column":4},"end":{"line":7,"column":59}},"2":{"start":{"line":8,"column":4},"end":{"line":8,"column":61}},"3":{"start":{"line":9,"column":4},"end":{"line":9,"column":52}},"4":{"start":{"line":10,"column":4},"end":{"line":10,"column":81}},"5":{"start":{"line":12,"column":20},"end":{"line":12,"column":62}},"6":{"start":{"line":14,"column":15},"end":{"line":14,"column":81}},"7":{"start":{"line":16,"column":18},"end":{"line":20,"column":5}},"8":{"start":{"line":22,"column":22},"end":{"line":24,"column":16}},"9":{"start":{"line":23,"column":6},"end":{"line":23,"column":58}},"10":{"start":{"line":26,"column":27},"end":{"line":26,"column":56}}},"fnMap":{"0":{"name":"(anonymous_0)","decl":{"start":{"line":22,"column":47},"end":{"line":22,"column":48}},"loc":{"start":{"line":22,"column":59},"end":{"line":24,"column":5}},"line":22}},"branchMap":{"0":{"loc":{"start":{"line":10,"column":17},"end":{"line":10,"column":80}},"type":"cond-expr","locations":[{"start":{"line":10,"column":36},"end":{"line":10,"column":56}},{"start":{"line":10,"column":59},"end":{"line":10,"column":80}}],"line":10},"1":{"loc":{"start":{"line":14,"column":15},"end":{"line":14,"column":81}},"type":"cond-expr","locations":[{"start":{"line":14,"column":34},"end":{"line":14,"column":56}},{"start":{"line":14,"column":59},"end":{"line":14,"column":81}}],"line":14}},"s":{"0":2,"1":2,"2":2,"3":2,"4":2,"5":2,"6":2,"7":2,"8":2,"9":6,"10":2},"f":{"0":6},"b":{"0":[0,2],"1":[0,2]},"_coverageSchema":"332fd63041d2c1bcb487cc26dd0d5f7d97098a6c","hash":"46d81ab67ef1db44af7a266c0458f47ab1bb2eb1"}
,"/Users/justinmorris/Desktop/code_fellows_stuff/401/final-project/website/src/lib/linked-list.js": {"path":"/Users/justinmorris/Desktop/code_fellows_stuff/401/final-project/website/src/lib/linked-list.js","statementMap":{"0":{"start":{"line":5,"column":4},"end":{"line":5,"column":23}},"1":{"start":{"line":6,"column":4},"end":{"line":6,"column":21}},"2":{"start":{"line":12,"column":4},"end":{"line":12,"column":21}},"3":{"start":{"line":16,"column":15},"end":{"line":16,"column":37}},"4":{"start":{"line":17,"column":18},"end":{"line":17,"column":22}},"5":{"start":{"line":19,"column":4},"end":{"line":29,"column":5}},"6":{"start":{"line":20,"column":17},"end":{"line":20,"column":33}},"7":{"start":{"line":21,"column":6},"end":{"line":28,"column":7}},"8":{"start":{"line":22,"column":8},"end":{"line":22,"column":25}},"9":{"start":{"line":23,"column":8},"end":{"line":23,"column":23}},"10":{"start":{"line":25,"column":8},"end":{"line":25,"column":28}},"11":{"start":{"line":26,"column":8},"end":{"line":26,"column":28}},"12":{"start":{"line":27,"column":8},"end":{"line":27,"column":31}},"13":{"start":{"line":31,"column":4},"end":{"line":31,"column":16}},"14":{"start":{"line":35,"column":4},"end":{"line":35,"column":30}},"15":{"start":{"line":39,"column":16},"end":{"line":39,"column":17}},"16":{"start":{"line":40,"column":18},"end":{"line":40,"column":27}},"17":{"start":{"line":41,"column":4},"end":{"line":44,"column":5}},"18":{"start":{"line":42,"column":6},"end":{"line":42,"column":29}},"19":{"start":{"line":43,"column":6},"end":{"line":43,"column":14}},"20":{"start":{"line":45,"column":4},"end":{"line":45,"column":17}},"21":{"start":{"line":49,"column":15},"end":{"line":49,"column":30}},"22":{"start":{"line":50,"column":4},"end":{"line":50,"column":26}},"23":{"start":{"line":52,"column":4},"end":{"line":52,"column":26}},"24":{"start":{"line":53,"column":4},"end":{"line":53,"column":21}},"25":{"start":{"line":57,"column":4},"end":{"line":60,"column":5}},"26":{"start":{"line":58,"column":6},"end":{"line":58,"column":34}},"27":{"start":{"line":59,"column":6},"end":{"line":59,"column":13}},"28":{"start":{"line":62,"column":18},"end":{"line":62,"column":27}},"29":{"start":{"line":63,"column":4},"end":{"line":65,"column":5}},"30":{"start":{"line":64,"column":6},"end":{"line":64,"column":29}},"31":{"start":{"line":66,"column":15},"end":{"line":66,"column":30}},"32":{"start":{"line":67,"column":4},"end":{"line":67,"column":24}},"33":{"start":{"line":68,"column":4},"end":{"line":68,"column":24}},"34":{"start":{"line":74,"column":17},"end":{"line":74,"column":26}},"35":{"start":{"line":75,"column":4},"end":{"line":75,"column":31}},"36":{"start":{"line":76,"column":4},"end":{"line":78,"column":5}},"37":{"start":{"line":77,"column":6},"end":{"line":77,"column":28}},"38":{"start":{"line":79,"column":4},"end":{"line":79,"column":18}},"39":{"start":{"line":83,"column":17},"end":{"line":83,"column":29}},"40":{"start":{"line":87,"column":4},"end":{"line":87,"column":37}},"41":{"start":{"line":90,"column":4},"end":{"line":94,"column":5}},"42":{"start":{"line":93,"column":6},"end":{"line":93,"column":34}},"43":{"start":{"line":95,"column":4},"end":{"line":95,"column":18}},"44":{"start":{"line":99,"column":4},"end":{"line":101,"column":5}},"45":{"start":{"line":100,"column":6},"end":{"line":100,"column":13}},"46":{"start":{"line":103,"column":18},"end":{"line":103,"column":32}},"47":{"start":{"line":104,"column":19},"end":{"line":104,"column":28}},"48":{"start":{"line":105,"column":4},"end":{"line":105,"column":25}},"49":{"start":{"line":107,"column":4},"end":{"line":115,"column":5}},"50":{"start":{"line":108,"column":22},"end":{"line":108,"column":34}},"51":{"start":{"line":110,"column":6},"end":{"line":110,"column":30}},"52":{"start":{"line":111,"column":6},"end":{"line":111,"column":30}},"53":{"start":{"line":112,"column":6},"end":{"line":112,"column":25}},"54":{"start":{"line":114,"column":6},"end":{"line":114,"column":26}},"55":{"start":{"line":117,"column":4},"end":{"line":117,"column":25}},"56":{"start":{"line":118,"column":4},"end":{"line":118,"column":26}},"57":{"start":{"line":122,"column":15},"end":{"line":122,"column":24}},"58":{"start":{"line":123,"column":15},"end":{"line":123,"column":24}},"59":{"start":{"line":124,"column":4},"end":{"line":127,"column":5}},"60":{"start":{"line":125,"column":6},"end":{"line":125,"column":23}},"61":{"start":{"line":126,"column":6},"end":{"line":126,"column":28}},"62":{"start":{"line":128,"column":4},"end":{"line":128,"column":16}},"63":{"start":{"line":132,"column":12},"end":{"line":132,"column":13}},"64":{"start":{"line":133,"column":18},"end":{"line":133,"column":27}},"65":{"start":{"line":135,"column":4},"end":{"line":141,"column":5}},"66":{"start":{"line":136,"column":6},"end":{"line":138,"column":7}},"67":{"start":{"line":137,"column":8},"end":{"line":137,"column":23}},"68":{"start":{"line":139,"column":6},"end":{"line":139,"column":10}},"69":{"start":{"line":140,"column":6},"end":{"line":140,"column":29}},"70":{"start":{"line":145,"column":17},"end":{"line":145,"column":26}},"71":{"start":{"line":146,"column":17},"end":{"line":146,"column":26}},"72":{"start":{"line":149,"column":4},"end":{"line":151,"column":5}},"73":{"start":{"line":150,"column":6},"end":{"line":150,"column":27}},"74":{"start":{"line":156,"column":4},"end":{"line":159,"column":5}},"75":{"start":{"line":157,"column":6},"end":{"line":157,"column":27}},"76":{"start":{"line":158,"column":6},"end":{"line":158,"column":27}},"77":{"start":{"line":161,"column":4},"end":{"line":161,"column":18}},"78":{"start":{"line":166,"column":18},"end":{"line":166,"column":27}},"79":{"start":{"line":167,"column":4},"end":{"line":169,"column":5}},"80":{"start":{"line":168,"column":6},"end":{"line":168,"column":29}},"81":{"start":{"line":170,"column":4},"end":{"line":170,"column":19}}},"fnMap":{"0":{"name":"(anonymous_0)","decl":{"start":{"line":4,"column":2},"end":{"line":4,"column":3}},"loc":{"start":{"line":4,"column":21},"end":{"line":7,"column":3}},"line":4},"1":{"name":"(anonymous_1)","decl":{"start":{"line":11,"column":2},"end":{"line":11,"column":3}},"loc":{"start":{"line":11,"column":16},"end":{"line":13,"column":3}},"line":11},"2":{"name":"(anonymous_2)","decl":{"start":{"line":15,"column":2},"end":{"line":15,"column":3}},"loc":{"start":{"line":15,"column":24},"end":{"line":32,"column":3}},"line":15},"3":{"name":"(anonymous_3)","decl":{"start":{"line":34,"column":2},"end":{"line":34,"column":3}},"loc":{"start":{"line":34,"column":12},"end":{"line":36,"column":3}},"line":34},"4":{"name":"(anonymous_4)","decl":{"start":{"line":38,"column":2},"end":{"line":38,"column":3}},"loc":{"start":{"line":38,"column":9},"end":{"line":46,"column":3}},"line":38},"5":{"name":"(anonymous_5)","decl":{"start":{"line":48,"column":2},"end":{"line":48,"column":3}},"loc":{"start":{"line":48,"column":17},"end":{"line":54,"column":3}},"line":48},"6":{"name":"(anonymous_6)","decl":{"start":{"line":56,"column":2},"end":{"line":56,"column":3}},"loc":{"start":{"line":56,"column":16},"end":{"line":69,"column":3}},"line":56},"7":{"name":"(anonymous_7)","decl":{"start":{"line":73,"column":2},"end":{"line":73,"column":3}},"loc":{"start":{"line":73,"column":15},"end":{"line":80,"column":3}},"line":73},"8":{"name":"(anonymous_8)","decl":{"start":{"line":82,"column":2},"end":{"line":82,"column":3}},"loc":{"start":{"line":82,"column":26},"end":{"line":96,"column":3}},"line":82},"9":{"name":"(anonymous_9)","decl":{"start":{"line":98,"column":2},"end":{"line":98,"column":3}},"loc":{"start":{"line":98,"column":12},"end":{"line":119,"column":3}},"line":98},"10":{"name":"(anonymous_10)","decl":{"start":{"line":121,"column":2},"end":{"line":121,"column":3}},"loc":{"start":{"line":121,"column":19},"end":{"line":129,"column":3}},"line":121},"11":{"name":"(anonymous_11)","decl":{"start":{"line":131,"column":2},"end":{"line":131,"column":3}},"loc":{"start":{"line":131,"column":13},"end":{"line":142,"column":3}},"line":131},"12":{"name":"(anonymous_12)","decl":{"start":{"line":144,"column":2},"end":{"line":144,"column":3}},"loc":{"start":{"line":144,"column":21},"end":{"line":162,"column":3}},"line":144},"13":{"name":"(anonymous_13)","decl":{"start":{"line":164,"column":2},"end":{"line":164,"column":3}},"loc":{"start":{"line":164,"column":13},"end":{"line":171,"column":3}},"line":164}},"branchMap":{"0":{"loc":{"start":{"line":21,"column":6},"end":{"line":28,"colum
[...]
ne":5,"column":24},"end":{"line":6,"column":39}},"2":{"start":{"line":6,"column":2},"end":{"line":6,"column":39}},"3":{"start":{"line":9,"column":25},"end":{"line":22,"column":1}},"4":{"start":{"line":10,"column":2},"end":{"line":21,"column":24}},"5":{"start":{"line":11,"column":18},"end":{"line":11,"column":22}},"6":{"start":{"line":13,"column":6},"end":{"line":19,"column":28}},"7":{"start":{"line":16,"column":10},"end":{"line":16,"column":46}},"8":{"start":{"line":17,"column":10},"end":{"line":17,"column":29}},"9":{"start":{"line":21,"column":18},"end":{"line":21,"column":22}},"10":{"start":{"line":24,"column":24},"end":{"line":33,"column":1}},"11":{"start":{"line":25,"column":2},"end":{"line":32,"column":5}},"12":{"start":{"line":26,"column":15},"end":{"line":26,"column":49}},"13":{"start":{"line":27,"column":4},"end":{"line":31,"column":5}},"14":{"start":{"line":28,"column":6},"end":{"line":28,"column":32}},"15":{"start":{"line":30,"column":6},"end":{"line":30,"column":39}},"16":{"start":{"line":35,"column":24},"end":{"line":41,"column":1}},"17":{"start":{"line":36,"column":2},"end":{"line":40,"column":5}},"18":{"start":{"line":37,"column":20},"end":{"line":37,"column":77}},"19":{"start":{"line":38,"column":4},"end":{"line":38,"column":41}},"20":{"start":{"line":39,"column":4},"end":{"line":39,"column":14}}},"fnMap":{"0":{"name":"(anonymous_0)","decl":{"start":{"line":5,"column":24},"end":{"line":5,"column":25}},"loc":{"start":{"line":6,"column":2},"end":{"line":6,"column":39}},"line":6},"1":{"name":"(anonymous_1)","decl":{"start":{"line":9,"column":25},"end":{"line":9,"column":26}},"loc":{"start":{"line":9,"column":32},"end":{"line":22,"column":1}},"line":9},"2":{"name":"(anonymous_2)","decl":{"start":{"line":11,"column":10},"end":{"line":11,"column":11}},"loc":{"start":{"line":11,"column":18},"end":{"line":11,"column":22}},"line":11},"3":{"name":"(anonymous_3)","decl":{"start":{"line":12,"column":11},"end":{"line":12,"column":12}},"loc":{"start":{"line":12,"column":18},"end":{"line":20,"column":5}},"line":12},"4":{"name":"(anonymous_4)","decl":{"start":{"line":15,"column":14},"end":{"line":15,"column":15}},"loc":{"start":{"line":15,"column":24},"end":{"line":18,"column":9}},"line":15},"5":{"name":"(anonymous_5)","decl":{"start":{"line":21,"column":10},"end":{"line":21,"column":11}},"loc":{"start":{"line":21,"column":18},"end":{"line":21,"column":22}},"line":21},"6":{"name":"(anonymous_6)","decl":{"start":{"line":24,"column":24},"end":{"line":24,"column":25}},"loc":{"start":{"line":24,"column":31},"end":{"line":33,"column":1}},"line":24},"7":{"name":"(anonymous_7)","decl":{"start":{"line":25,"column":21},"end":{"line":25,"column":22}},"loc":{"start":{"line":25,"column":42},"end":{"line":32,"column":3}},"line":25},"8":{"name":"(anonymous_8)","decl":{"start":{"line":35,"column":24},"end":{"line":35,"column":25}},"loc":{"start":{"line":35,"column":40},"end":{"line":41,"column":1}},"line":35},"9":{"name":"(anonymous_9)","decl":{"start":{"line":36,"column":21},"end":{"line":36,"column":22}},"loc":{"start":{"line":36,"column":42},"end":{"line":40,"column":3}},"line":36}},"branchMap":{"0":{"loc":{"start":{"line":5,"column":31},"end":{"line":5,"column":51}},"type":"default-arg","locations":[{"start":{"line":5,"column":47},"end":{"line":5,"column":51}}],"line":5},"1":{"loc":{"start":{"line":5,"column":53},"end":{"line":5,"column":74}},"type":"default-arg","locations":[{"start":{"line":5,"column":70},"end":{"line":5,"column":74}}],"line":5},"2":{"loc":{"start":{"line":6,"column":2},"end":{"line":6,"column":39}},"type":"cond-expr","locations":[{"start":{"line":6,"column":9},"end":{"line":6,"column":22}},{"start":{"line":6,"column":25},"end":{"line":6,"column":39}}],"line":6},"3":{"loc":{"start":{"line":16,"column":10},"end":{"line":16,"column":45}},"type":"binary-expr","locations":[{"start":{"line":16,"column":10},"end":{"line":16,"column":15}},{"start":{"line":16,"column":19},"end":{"line":16,"column":45}}],"line":16},"4":{"loc":{"start":{"line":26,"column":15},"end":{"line":26,"column":49}},"type":"binary-expr","locations":[{"start":{"line":26,"column":15},"end":{"line":26,"column":20}},{"start":{"line":26,"column":24},"end":{"line":26,"column":49}}],"line":26},"5":{"loc":{"start":{"line":27,"column":4},"end":{"line":31,"column":5}},"type":"if","locations":[{"start":{"line":27,"column":4},"end":{"line":31,"column":5}},{"start":{"line":27,"column":4},"end":{"line":31,"column":5}}],"line":27},"6":{"loc":{"start":{"line":37,"column":20},"end":{"line":37,"column":77}},"type":"cond-expr","locations":[{"start":{"line":37,"column":48},"end":{"line":37,"column":53}},{"start":{"line":37,"column":56},"end":{"line":37,"column":77}}],"line":37}},"s":{"0":5,"1":5,"2":2,"3":5,"4":1,"5":0,"6":1,"7":0,"8":0,"9":0,"10":5,"11":1,"12":1,"13":1,"14":0,"15":1,"16":5,"17":0,"18":0,"19":0,"20":0},"f":{"0":2,"1":1,"2":0,"3":1,"4":0,"5":0,"6":1,"7":1,"8":0,"9":0},"b":{"0":[0],"1":[2],"2":[2,0],"3":[0,0],"4":[1,0],"5":[0,1],"6":[0,0]},"_coverageSchema":"332fd63041d2c1bcb487cc26dd0d5f7d97098a6c","hash":"2160933ccb7d1678772c36ffa14fdcb20a4253fc"}
,"/Users/justinmorris/Desktop/code_fellows_stuff/401/final-project/website/src/store/index.js": {"path":"/Users/justinmorris/Desktop/code_fellows_stuff/401/final-project/website/src/store/index.js","statementMap":{"0":{"start":{"line":9,"column":15},"end":{"line":14,"column":2}},"1":{"start":{"line":16,"column":21},"end":{"line":16,"column":154}}},"fnMap":{"0":{"name":"(anonymous_0)","decl":{"start":{"line":16,"column":15},"end":{"line":16,"column":16}},"loc":{"start":{"line":16,"column":21},"end":{"line":16,"column":154}},"line":16}},"branchMap":{"0":{"loc":{"start":{"line":16,"column":43},"end":{"line":16,"column":119}},"type":"binary-expr","locations":[{"start":{"line":16,"column":43},"end":{"line":16,"column":78}},{"start":{"line":16,"column":82},"end":{"line":16,"column":119}}],"line":16}},"s":{"0":4,"1":4},"f":{"0":4},"b":{"0":[4,0]},"_coverageSchema":"332fd63041d2c1bcb487cc26dd0d5f7d97098a6c","hash":"0ee04890361d863e09f69b369432177165f568d4"}
,"/Users/justinmorris/Desktop/code_fellows_stuff/401/final-project/website/src/store/actions/assignment.js": {"path":"/Users/justinmorris/Desktop/code_fellows_stuff/401/final-project/website/src/store/actions/assignment.js","statementMap":{"0":{"start":{"line":1,"column":36},"end":{"line":6,"column":1}},"1":{"start":{"line":2,"column":2},"end":{"line":5,"column":4}}},"fnMap":{"0":{"name":"(anonymous_0)","decl":{"start":{"line":1,"column":36},"end":{"line":1,"column":37}},"loc":{"start":{"line":1,"column":47},"end":{"line":6,"column":1}},"line":1}},"branchMap":{},"s":{"0":2,"1":0},"f":{"0":0},"b":{},"_coverageSchema":"332fd63041d2c1bcb487cc26dd0d5f7d97098a6c","hash":"a17ec7abb5555bc118a8d32bbd6631a40075e872"}
,"/Users/justinmorris/Desktop/code_fellows_stuff/401/final-project/website/src/store/actions/code.js": {"path":"/Users/justinmorris/Desktop/code_fellows_stuff/401/final-project/website/src/store/actions/code.js","statementMap":{"0":{"start":{"line":1,"column":23},"end":{"line":6,"column":1}},"1":{"start":{"line":2,"column":2},"end":{"line":5,"column":4}}},"fnMap":{"0":{"name":"(anonymous_0)","decl":{"start":{"line":1,"column":23},"end":{"line":1,"column":24}},"loc":{"start":{"line":1,"column":34},"end":{"line":6,"column":1}},"line":1}},"branchMap":{},"s":{"0":4,"1":0},"f":{"0":0},"b":{},"_coverageSchema":"332fd63041d2c1bcb487cc26dd0d5f7d97098a6c","hash":"ddfc1fc394b9432a6b5e460ffd4906c1c09abcfd"}
,"/Users/justinmorris/Desktop/code_fellows_stuff/401/final-project/website/src/store/actions/permissions.js": {"path":"/Users/justinmorris/Desktop/code_fellows_stuff/401/final-project/website/src/store/actions/permissions.js","statementMap":{"0":{"start":{"line":1,"column":30},"end":{"line":6,"column":1}},"1":{"start":{"line":2,"column":2},"end":{"line":5,"column":4}}},"fnMap":{"0":{"name":"(anonymous_0)","decl":{"start":{"line":1,"column":30},"end":{"line":1,"column":31}},"loc":{"start":{"line":1,"column":41},"end":{"line":6,"column":1}},"line":1}},"branchMap":{},"s":{"0":2,"1":0},"f":{"0":0},"b":{},"_coverageSchema":"332fd63041d2c1bcb487cc26dd0d5f7d97098a6c","hash":"5fa6cf1d47f2785c04ba6ee8baf992c8e11624ac"}
,"/Users/justinmorris/Desktop/code_fellows_stuff/401/final-project/website/src/store/actions/users.js": {"path":"/Users/justinmorris/Desktop/code_fellows_stuff/401/final-project/website/src/store/actions/users.js","statementMap":{"0":{"start":{"line":1,"column":23},"end":{"line":6,"column":1}},"1":{"start":{"line":2,"column":2},"end":{"line":5,"column":4}},"2":{"start":{"line":8,"column":29},"end":{"line":13,"column":1}},"3":{"start":{"line":9,"column":2},"end":{"line":12,"column":4}},"4":{"start":{"line":15,"column":29},"end":{"line":20,"column":1}},"5":{"start":{"line":16,"column":2},"end":{"line":19,"column":4}},"6":{"start":{"line":22,"column":29},"end":{"line":27,"column":1}},"7":{"start":{"line":23,"column":2},"end":{"line":26,"column":4}}},"fnMap":{"0":{"name":"(anonymous_0)","decl":{"start":{"line":1,"column":23},"end":{"line":1,"column":24}},"loc":{"start":{"line":1,"column":34},"end":{"line":6,"column":1}},"line":1},"1":{"name":"(anonymous_1)","decl":{"start":{"line":8,"column":29},"end":{"line":8,"column":30}},"loc":{"start":{"line":8,"column":40},"end":{"line":13,"column":1}},"line":8},"2":{"name":"(anonymous_2)","decl":{"start":{"line":15,"column":29},"end":{"line":15,"column":30}},"loc":{"start":{"line":15,"column":40},"end":{"line":20,"column":1}},"line":15},"3":{"name":"(anonymous_3)","decl":{"start":{"line":22,"column":29},"end":{"line":22,"column":30}},"loc":{"start":{"line":22,"column":40},"end":{"line":27,"column":1}},"line":22}},"branchMap":{},"s":{"0":4,"1":0,"2":4,"3":0,"4":4,"5":0,"6":4,"7":0},"f":{"0":0,"1":0,"2":0,"3":0},"b":{},"_coverageSchema":"332fd63041d2c1bcb487cc26dd0d5f7d97098a6c","hash":"b3a7b6bec1a2b10bcb964b8c84e4d1cac9702f89"}
,"/Users/justinmorris/Desktop/code_fellows_stuff/401/final-project/website/src/store/middleware/reporter.js": {"path":"/Users/justinmorris/Desktop/code_fellows_stuff/401/final-project/website/src/store/middleware/reporter.js","statementMap":{"0":{"start":{"line":1,"column":24},"end":{"line":12,"column":1}},"1":{"start":{"line":1,"column":32},"end":{"line":12,"column":1}},"2":{"start":{"line":2,"column":2},"end":{"line":2,"column":36}},"3":{"start":{"line":3,"column":2},"end":{"line":11,"column":3}},"4":{"start":{"line":4,"column":17},"end":{"line":4,"column":29}},"5":{"start":{"line":5,"column":4},"end":{"line":5,"column":47}},"6":{"start":{"line":6,"column":4},"end":{"line":6,"column":18}},"7":{"start":{"line":8,"column":4},"end":{"line":8,"column":24}},"8":{"start":{"line":9,"column":4},"end":{"line":9,"column":23}},"9":{"start":{"line":10,"column":4},"end":{"line":10,"column":15}}},"fnMap":{"0":{"name":"(anonymous_0)","decl":{"start":{"line":1,"column":15},"end":{"line":1,"column":16}},"loc":{"start":{"line":1,"column":24},"end":{"line":12,"column":1}},"line":1},"1":{"name":"(anonymous_1)","decl":{"start":{"line":1,"column":24},"end":{"line":1,"column":25}},"loc":{"start":{"line":1,"column":32},"end":{"line":12,"column":1}},"line":1},"2":{"name":"(anonymous_2)","decl":{"start":{"line":1,"column":32},"end":{"line":1,"column":33}},"loc":{"start":{"line":1,"column":42},"end":{"line":12,"column":1}},"line":1}},"branchMap":{},"s":{"0":4,"1":4,"2":0,"3":0,"4":0,"5":0,"6":0,"7":0,"8":0,"9":0},"f":{"0":4,"1":4,"2":0},"b":{},"_coverageSchema":"332fd63041d2c1bcb487cc26dd0d5f7d97098a6c","hash":"420b1d450e85720e6053bf7fee0cd2bf0ac1d007"}
,"/Users/justinmorris/Desktop/code_fellows_stuff/401/final-project/website/src/store/middleware/thunk.js": {"path":"/Users/justinmorris/Desktop/code_fellows_stuff/401/final-project/website/src/store/middleware/thunk.js","statementMap":{"0":{"start":{"line":1,"column":24},"end":{"line":4,"column":18}},"1":{"start":{"line":1,"column":32},"end":{"line":4,"column":18}},"2":{"start":{"line":2,"column":2},"end":{"line":4,"column":18}}},"fnMap":{"0":{"name":"(anonymous_0)","decl":{"start":{"line":1,"column":15},"end":{"line":1,"column":16}},"loc":{"start":{"line":1,"column":24},"end":{"line":4,"column":18}},"line":1},"1":{"name":"(anonymous_1)","decl":{"start":{"line":1,"column":24},"end":{"line":1,"column":25}},"loc":{"start":{"line":1,"column":32},"end":{"line":4,"column":18}},"line":1},"2":{"name":"(anonymous_2)","decl":{"start":{"line":1,"column":32},"end":{"line":1,"column":33}},"loc":{"start":{"line":2,"column":2},"end":{"line":4,"column":18}},"line":2}},"branchMap":{"0":{"loc":{"start":{"line":2,"column":2},"end":{"line":4,"column":18}},"type":"cond-expr","locations":[{"start":{"line":3,"column":6},"end":{"line":3,"column":44}},{"start":{"line":4,"column":6},"end":{"line":4,"column":18}}],"line":2}},"s":{"0":4,"1":4,"2":0},"f":{"0":4,"1":4,"2":0},"b":{"0":[0,0]},"_coverageSchema":"332fd63041d2c1bcb487cc26dd0d5f7d97098a6c","hash":"02cd697d35725b3109e136be5559b55695cbdfbd"}
,"/Users/justinmorris/Desktop/code_fellows_stuff/401/final-project/website/src/store/reducers/assignment.js": {"path":"/Users/justinmorris/Desktop/code_fellows_stuff/401/final-project/website/src/store/reducers/assignment.js","statementMap":{"0":{"start":{"line":1,"column":19},"end":{"line":1,"column":21}},"1":{"start":{"line":4,"column":26},"end":{"line":4,"column":32}},"2":{"start":{"line":6,"column":2},"end":{"line":12,"column":3}},"3":{"start":{"line":8,"column":6},"end":{"line":8,"column":47}},"4":{"start":{"line":11,"column":6},"end":{"line":11,"column":19}}},"fnMap":{"0":{"name":"(anonymous_0)","decl":{"start":{"line":3,"column":15},"end":{"line":3,"column":16}},"loc":{"start":{"line":3,"column":49},"end":{"line":13,"column":1}},"line":3}},"branchMap":{"0":{"loc":{"start":{"line":3,"column":16},"end":{"line":3,"column":36}},"type":"default-arg","locations":[{"start":{"line":3,"column":24},"end":{"line":3,"column":36}}],"line":3},"1":{"loc":{"start":{"line":6,"column":2},"end":{"line":12,"column":3}},"type":"switch","locations":[{"start":{"line":7,"column":4},"end":{"line":8,"column":47}},{"start":{"line":10,"column":4},"end":{"line":11,"column":19}}],"line":6}},"s":{"0":4,"1":12,"2":12,"3":0,"4":12},"f":{"0":12},"b":{"0":[12],"1":[0,12]},"_coverageSchema":"332fd63041d2c1bcb487cc26dd0d5f7d97098a6c","hash":"52079d2be1577b1bdf9e01f1fc28ce761822eaa8"}
,"/Users/justinmorris/Desktop/code_fellows_stuff/401/final-project/website/src/store/reducers/code.js": {"path":"/Users/justinmorris/Desktop/code_fellows_stuff/401/final-project/website/src/store/reducers/code.js","statementMap":{"0":{"start":{"line":1,"column":19},"end":{"line":1,"column":21}},"1":{"start":{"line":4,"column":26},"end":{"line":4,"column":32}},"2":{"start":{"line":6,"column":2},"end":{"line":12,"column":3}},"3":{"start":{"line":8,"column":6},"end":{"line":8,"column":47}},"4":{"start":{"line":11,"column":6},"end":{"line":11,"column":19}}},"fnMap":{"0":{"name":"(anonymous_0)","decl":{"start":{"line":3,"column":15},"end":{"line":3,"column":16}},"loc":{"start":{"line":3,"column":49},"end":{"line":13,"column":1}},"line":3}},"branchMap":{"0":{"loc":{"start":{"line":3,"column":16},"end":{"line":3,"column":36}},"type":"default-arg","locations":[{"start":{"line":3,"column":24},"end":{"line":3,"column":36}}],"line":3},"1":{"loc":{"start":{"line":6,"column":2},"end":{"line":12,"column":3}},"type":"switch","locations":[{"start":{"line":7,"column":4},"end":{"line":8,"column":47}},{"start":{"line":10,"column":4},"end":{"line":11,"column":19}}],"line":6}},"s":{"0":4,"1":12,"2":12,"3":0,"4":12},"f":{"0":12},"b":{"0":[12],"1":[0,12]},"_coverageSchema":"332fd63041d2c1bcb487cc26dd0d5f7d97098a6c","hash":"d5aeebaa24863efe05e52683d1b79842f1466d7e"}
,"/Users/justinmorris/Desktop/code_fellows_stuff/401/final-project/website/src/store/reducers/permissions.js": {"path":"/Users/justinmorris/Desktop/code_fellows_stuff/401/final-project/website/src/store/reducers/permissions.js","statementMap":{"0":{"start":{"line":1,"column":19},"end":{"line":1,"column":24}},"1":{"start":{"line":4,"column":26},"end":{"line":4,"column":32}},"2":{"start":{"line":6,"column":2},"end":{"line":12,"column":3}},"3":{"start":{"line":8,"column":6},"end":{"line":8,"column":18}},"4":{"start":{"line":11,"column":6},"end":{"line":11,"column":19}}},"fnMap":{"0":{"name":"(anonymous_0)","decl":{"start":{"line":3,"column":15},"end":{"line":3,"column":16}},"loc":{"start":{"line":3,"column":49},"end":{"line":13,"column":1}},"line":3}},"branchMap":{"0":{"loc":{"start":{"line":3,"column":16},"end":{"line":3,"column":36}},"type":"default-arg","locations":[{"start":{"line":3,"column":24},"end":{"line":3,"column":36}}],"line":3},"1":{"loc":{"start":{"line":6,"column":2},"end":{"line":12,"column":3}},"type":"switch","locations":[{"start":{"line":7,"column":4},"end":{"line":8,"column":18}},{"start":{"line":10,"column":4},"end":{"line":11,"column":19}}],"line":6}},"s":{"0":4,"1":12,"2":12,"3":0,"4":12},"f":{"0":12},"b":{"0":[12],"1":[0,12]},"_coverageSchema":"332fd63041d2c1bcb487cc26dd0d5f7d97098a6c","hash":"0ad5b8d6ac4dd6a3da5bfe83cdfbe5083badd844"}
,"/Users/justinmorris/Desktop/code_fellows_stuff/401/final-project/website/src/store/reducers/users.js": {"path":"/Users/justinmorris/Desktop/code_fellows_stuff/401/final-project/website/src/store/reducers/users.js","statementMap":{"0":{"start":{"line":1,"column":19},"end":{"line":1,"column":21}},"1":{"start":{"line":6,"column":26},"end":{"line":6,"column":32}},"2":{"start":{"line":8,"column":2},"end":{"line":32,"column":3}},"3":{"start":{"line":11,"column":6},"end":{"line":11,"column":47}},"4":{"start":{"line":14,"column":24},"end":{"line":14,"column":41}},"5":{"start":{"line":15,"column":6},"end":{"line":15,"column":32}},"6":{"start":{"line":16,"column":6},"end":{"line":16,"column":53}},"7":{"start":{"line":19,"column":35},"end":{"line":19,"column":42}},"8":{"start":{"line":20,"column":23},"end":{"line":20,"column":102}},"9":{"start":{"line":20,"column":58},"end":{"line":20,"column":98}},"10":{"start":{"line":21,"column":6},"end":{"line":21,"column":29}},"11":{"start":{"line":22,"column":6},"end":{"line":22,"column":55}},"12":{"start":{"line":25,"column":34},"end":{"line":25,"column":41}},"13":{"start":{"line":26,"column":29},"end":{"line":26,"column":104}},"14":{"start":{"line":26,"column":64},"end":{"line":26,"column":100}},"15":{"start":{"line":27,"column":6},"end":{"line":27,"column":37}},"16":{"start":{"line":28,"column":6},"end":{"line":28,"column":56}},"17":{"start":{"line":31,"column":6},"end":{"line":31,"column":19}}},"fnMap":{"0":{"name":"(anonymous_0)","decl":{"start":{"line":5,"column":15},"end":{"line":5,"column":16}},"loc":{"start":{"line":5,"column":49},"end":{"line":33,"column":1}},"line":5},"1":{"name":"(anonymous_1)","decl":{"start":{"line":20,"column":48},"end":{"line":20,"column":49}},"loc":{"start":{"line":20,"column":58},"end":{"line":20,"column":98}},"line":20},"2":{"name":"(anonymous_2)","decl":{"start":{"line":26,"column":54},"end":{"line":26,"column":55}},"loc":{"start":{"line":26,"column":64},"end":{"line":26,"column":100}},"line":26}},"branchMap":{"0":{"loc":{"start":{"line":5,"column":16},"end":{"line":5,"column":36}},"type":"default-arg","locations":[{"start":{"line":5,"column":24},"end":{"line":5,"column":36}}],"line":5},"1":{"loc":{"start":{"line":8,"column":2},"end":{"line":32,"column":3}},"type":"switch","locations":[{"start":{"line":10,"column":4},"end":{"line":11,"column":47}},{"start":{"line":13,"column":4},"end":{"line":16,"column":53}},{"start":{"line":18,"column":4},"end":{"line":22,"column":55}},{"start":{"line":24,"column":4},"end":{"line":28,"column":56}},{"start":{"line":30,"column":4},"end":{"line":31,"column":19}}],"line":8}},"s":{"0":4,"1":12,"2":12,"3":0,"4":0,"5":0,"6":0,"7":0,"8":0,"9":0,"10":0,"11":0,"12":0,"13":0,"14":0,"15":0,"16":0,"17":12},"f":{"0":12,"1":0,"2":0},"b":{"0":[12],"1":[0,0,0,0,12]},"_coverageSchema":"332fd63041d2c1bcb487cc26dd0d5f7d97098a6c","hash":"2bc0f70bcf8253212d5ff82c1f9b1f5c006f4d73"}
}
