{"/Users/michaelsklepowich/codefellows/401/final/fork/website/src/App.js": {"path":"/Users/michaelsklepowich/codefellows/401/final/fork/website/src/App.js","statementMap":{"0":{"start":{"line":8,"column":14},"end":{"line":8,"column":27}},"1":{"start":{"line":12,"column":4},"end":{"line":12,"column":16}},"2":{"start":{"line":13,"column":4},"end":{"line":13,"column":29}},"3":{"start":{"line":14,"column":4},"end":{"line":14,"column":53}},"4":{"start":{"line":18,"column":4},"end":{"line":18,"column":36}},"5":{"start":{"line":22,"column":4},"end":{"line":33,"column":6}}},"fnMap":{"0":{"name":"(anonymous_0)","decl":{"start":{"line":11,"column":2},"end":{"line":11,"column":3}},"loc":{"start":{"line":11,"column":20},"end":{"line":15,"column":3}},"line":11},"1":{"name":"(anonymous_1)","decl":{"start":{"line":17,"column":2},"end":{"line":17,"column":3}},"loc":{"start":{"line":17,"column":23},"end":{"line":19,"column":3}},"line":17},"2":{"name":"(anonymous_2)","decl":{"start":{"line":21,"column":2},"end":{"line":21,"column":3}},"loc":{"start":{"line":21,"column":11},"end":{"line":34,"column":3}},"line":21}},"branchMap":{},"s":{"0":1,"1":2,"2":2,"3":2,"4":0,"5":2},"f":{"0":2,"1":0,"2":2},"b":{},"_coverageSchema":"332fd63041d2c1bcb487cc26dd0d5f7d97098a6c","hash":"da855d57f2f1cdecceb204d1461f9cab3be569fd"}
,"/Users/michaelsklepowich/codefellows/401/final/fork/website/src/index.js": {"path":"/Users/michaelsklepowich/codefellows/401/final/fork/website/src/index.js","statementMap":{"0":{"start":{"line":1,"column":32},"end":{"line":1,"column":106}},"1":{"start":{"line":1,"column":120},"end":{"line":1,"column":136}},"2":{"start":{"line":1,"column":151},"end":{"line":1,"column":181}},"3":{"start":{"line":2,"column":16},"end":{"line":2,"column":36}},"4":{"start":{"line":2,"column":54},"end":{"line":2,"column":87}},"5":{"start":{"line":3,"column":0},"end":{"line":3,"column":23}},"6":{"start":{"line":4,"column":11},"end":{"line":4,"column":27}},"7":{"start":{"line":4,"column":40},"end":{"line":4,"column":68}},"8":{"start":{"line":5,"column":29},"end":{"line":5,"column":63}},"9":{"start":{"line":5,"column":94},"end":{"line":5,"column":140}},"10":{"start":{"line":5,"column":179},"end":{"line":5,"column":233}},"11":{"start":{"line":7,"column":0},"end":{"line":7,"column":181}},"12":{"start":{"line":8,"column":0},"end":{"line":8,"column":39}}},"fnMap":{"0":{"name":"_interopRequireDefault","decl":{"start":{"line":5,"column":150},"end":{"line":5,"column":172}},"loc":{"start":{"line":5,"column":178},"end":{"line":5,"column":234}},"line":5}},"branchMap":{"0":{"loc":{"start":{"line":5,"column":186},"end":{"line":5,"column":232}},"type":"cond-expr","locations":[{"start":{"line":5,"column":210},"end":{"line":5,"column":213}},{"start":{"line":5,"column":216},"end":{"line":5,"column":232}}],"line":5},"1":{"loc":{"start":{"line":5,"column":186},"end":{"line":5,"column":207}},"type":"binary-expr","locations":[{"start":{"line":5,"column":186},"end":{"line":5,"column":189}},{"start":{"line":5,"column":193},"end":{"line":5,"column":207}}],"line":5}},"s":{"0":0,"1":0,"2":0,"3":0,"4":0,"5":0,"6":0,"7":0,"8":0,"9":0,"10":0,"11":0,"12":0},"f":{"0":0},"b":{"0":[0,0],"1":[0,0]}}
,"/Users/michaelsklepowich/codefellows/401/final/fork/website/src/registerServiceWorker.js": {"path":"/Users/michaelsklepowich/codefellows/401/final/fork/website/src/registerServiceWorker.js","statementMap":{"0":{"start":{"line":1,"column":13},"end":{"line":1,"column":75}},"1":{"start":{"line":1,"column":75},"end":{"line":21,"column":9}},"2":{"start":{"line":21,"column":9},"end":{"line":111,"column":24}},"3":{"start":{"line":118,"column":20},"end":{"line":120,"column":89}},"4":{"start":{"line":120,"column":111},"end":{"line":128,"column":36}},"5":{"start":{"line":121,"column":22},"end":{"line":121,"column":70}},"6":{"start":{"line":121,"column":71},"end":{"line":124,"column":14}},"7":{"start":{"line":124,"column":6},"end":{"line":124,"column":13}},"8":{"start":{"line":124,"column":14},"end":{"line":128,"column":35}},"9":{"start":{"line":124,"column":67},"end":{"line":124,"column":112}},"10":{"start":{"line":124,"column":113},"end":{"line":128,"column":32}},"11":{"start":{"line":125,"column":8},"end":{"line":125,"column":39}},"12":{"start":{"line":127,"column":8},"end":{"line":127,"column":178}},"13":{"start":{"line":127,"column":50},"end":{"line":127,"column":175}},"14":{"start":{"line":128,"column":8},"end":{"line":128,"column":31}},"15":{"start":{"line":128,"column":70},"end":{"line":135,"column":156}},"16":{"start":{"line":128,"column":132},"end":{"line":135,"column":68}},"17":{"start":{"line":128,"column":193},"end":{"line":128,"column":216}},"18":{"start":{"line":128,"column":217},"end":{"line":135,"column":66}},"19":{"start":{"line":128,"column":257},"end":{"line":135,"column":64}},"20":{"start":{"line":128,"column":302},"end":{"line":135,"column":63}},"21":{"start":{"line":132,"column":12},"end":{"line":132,"column":69}},"22":{"start":{"line":135,"column":12},"end":{"line":135,"column":62}},"23":{"start":{"line":135,"column":87},"end":{"line":135,"column":153}},"24":{"start":{"line":136,"column":2},"end":{"line":139,"column":126}},"25":{"start":{"line":137,"column":4},"end":{"line":139,"column":30}},"26":{"start":{"line":138,"column":6},"end":{"line":138,"column":127}},"27":{"start":{"line":138,"column":58},"end":{"line":138,"column":124}},"28":{"start":{"line":138,"column":96},"end":{"line":138,"column":121}},"29":{"start":{"line":139,"column":6},"end":{"line":139,"column":29}},"30":{"start":{"line":139,"column":46},"end":{"line":139,"column":123}},"31":{"start":{"line":139,"column":150},"end":{"line":139,"column":267}},"32":{"start":{"line":139,"column":185},"end":{"line":139,"column":266}},"33":{"start":{"line":139,"column":237},"end":{"line":139,"column":263}}},"fnMap":{"0":{"name":"register","decl":{"start":{"line":120,"column":99},"end":{"line":120,"column":107}},"loc":{"start":{"line":120,"column":110},"end":{"line":128,"column":37}},"line":120},"1":{"name":"(anonymous_1)","decl":{"start":{"line":124,"column":46},"end":{"line":124,"column":47}},"loc":{"start":{"line":124,"column":52},"end":{"line":128,"column":33}},"line":124},"2":{"name":"(anonymous_2)","decl":{"start":{"line":127,"column":43},"end":{"line":127,"column":44}},"loc":{"start":{"line":127,"column":49},"end":{"line":127,"column":176}},"line":127},"3":{"name":"registerValidSW","decl":{"start":{"line":128,"column":46},"end":{"line":128,"column":61}},"loc":{"start":{"line":128,"column":69},"end":{"line":135,"column":157}},"line":128},"4":{"name":"(anonymous_4)","decl":{"start":{"line":128,"column":115},"end":{"line":128,"column":116}},"loc":{"start":{"line":128,"column":131},"end":{"line":135,"column":69}},"line":128},"5":{"name":"(anonymous_5)","decl":{"start":{"line":128,"column":161},"end":{"line":128,"column":162}},"loc":{"start":{"line":128,"column":167},"end":{"line":135,"column":67}},"line":128},"6":{"name":"(anonymous_6)","decl":{"start":{"line":128,"column":250},"end":{"line":128,"column":251}},"loc":{"start":{"line":128,"column":256},"end":{"line":135,"column":65}},"line":128},"7":{"name":"(anonymous_7)","decl":{"start":{"line":135,"column":77},"end":{"line":135,"column":78}},"loc":{"start":{"line":135,"column":86},"end":{"line":135,"column":154}},"line":135},"8":{"name":"checkValidServiceWorker","decl":{"start":{"line":135,"column":166},"end":{"line":135,"column":189}},"loc":{"start":{"line":135,"column":197},"end":{"line":139,"column":127}},"line":135},"9":{"name":"(anonymous_9)","decl":{"start":{"line":136,"column":20},"end":{"line":136,"column":21}},"loc":{"start":{"line":136,"column":32},"end":{"line":139,"column":31}},"line":136},"10":{"name":"(anonymous_10)","decl":{"start":{"line":138,"column":41},"end":{"line":138,"column":42}},"loc":{"start":{"line":138,"column":57},"end":{"line":138,"column":125}},"line":138},"11":{"name":"(anonymous_11)","decl":{"start":{"line":138,"column":89},"end":{"line":138,"column":90}},"loc":{"start":{"line":138,"column":95},"end":{"line":138,"column":122}},"line":138},"12":{"name":"(anonymous_12)","decl":{"start":{"line":139,"column":39},"end":{"line":139,"column":40}},"loc":{"start":{"line":139,"column":45},"end":{"line":139,"column":124}},"line":139},"13":{"name":"unregister","decl":{"start":{"line":139,"column":136},"end":{"line":139,"column":146}},"loc":{"start":{"line":139,"column":149},"end":{"line":139,"column":268}},"line":139},"14":{"name":"(anonymous_14)","decl":{"start":{"line":139,"column":220},"end":{"line":139,"column":221}},"loc":{"start":{"line":139,"column":236},"end":{"line":139,"column":264}},"line":139}},"branchMap":{"0":{"loc":{"start":{"line":118,"column":28},"end":{"line":120,"column":88}},"type":"binary-expr","locations":[{"start":{"line":118,"column":28},"end":{"line":118,"column":68}},{"start":{"line":119,"column":0},"end":{"line":119,"column":36}},{"start":{"line":120,"column":0},"end":{"line":120,"column":88}}],"line":118},"1":{"loc":{"start":{"line":120,"column":111},"end":{"line":128,"column":36}},"type":"if","locations":[{"start":{"line":120,"column":111},"end":{"line":128,"column":36}},{"start":{"line":120,"column":111},"end":{"line":128,"column":36}}],"line":120},"2":{"loc":{"start":{"line":120,"column":115},"end":{"line":120,"column":184}},"type":"binary-expr","locations":[{"start":{"line":120,"column":115},"end":{"line":120,"column":152}},{"start":{"line":120,"column":156},"end":{"line":120,"column":184}}],"line":120},"3":{"loc":{"start":{"line":121,"column":71},"end":{"line":124,"column":14}},"type":"if","locations":[{"start":{"line":121,"column":71},"end":{"line":124,"column":14}},{"start":{"line":121,"column":71},"end":{"line":124,"column":14}}],"line":121},"4":{"loc":{"start":{"line":124,"column":113},"end":{"line":128,"column":32}},"type":"if","locations":[{"start":{"line":124,"column":113},"end":{"line":128,"column":32}},{"start":{"line":124,"column":113},"end":{"line":128,"column":32}}],"line":124},"5":{"loc":{"start":{"line":128,"column":257},"end":{"line":135,"column":64}},"type":"if","locations":[{"start":{"line":128,"column":257},"end":{"line":135,"column":64}},{"start":{"line":128,"column":257},"end":{"line":135,"column":64}}],"line":128},"6":{"loc":{"start":{"line":128,"column":302},"end":{"line":135,"column":63}},"type":"if","locations":[{"start":{"line":128,"column":302},"end":{"line":135,"column":63}},{"start":{"line":128,"column":302},"end":{"line":135,"column":63}}],"line":128},"7":{"loc":{"start":{"line":137,"column":4},"end":{"line":139,"column":30}},"type":"if","locations":[{"start":{"line":137,"column":4},"end":{"line":139,"column":30}},{"start":{"line":137,"column":4},"end":{"line":139,"column":30}}],"line":137},"8":{"loc":{"start":{"line":137,"column":8},"end":{"line":137,"column":100}},"type":"binary-expr","locations":[{"start":{"line":137,"column":8},"end":{"line":137,"column":31}},{"start":{"line":137,"column":35},"end":{"line":137,"column":100}}],"line":137},"9":{"loc":{"start":{"line":139,"column":150},"end":{"line":139,"column":267}},"type":"if","locations":[{"start":{"line":139,"column":150},"end":{"line":139,"column":267}},{"start":{"line":139,"column":150},"end":{"line":139,"column":267}}],"line":139}},"s":{"0":0,"1":0,"2":0,"3":0,"4":0,"5":0,"6":0,"7":0,"8":0,"9":0,"10":0,"11":0,"12":0,"13":0,"14":0,"15":0,"16":0,"17":0,"18":0,"19":0,"20":0,"21":0,"22":0,"23":0,"24":0,"25":0,"26":0,"27":0,"28":0,"29":0,"30":0,"31":0,"32":0,"33":0},"f":{"0":0,"1":0,"2":0,"3":0,"4":0,"5":0,"6":0,"7":0,"8":0,"9":0,"10":0,"11":0,"12":0,"13":0,"14":0},"b":{"0":[0,0,0],"1":[0,0],"2":[0,0],"3":[0,0],"4":[0,0],"5":[0,0],"6":[0,0],"7":[0,0],"8":[0,0],"9":[0,0]}}
,"/Users/michaelsklepowich/codefellows/401/final/fork/website/src/components/footer/footer.js": {"path":"/Users/michaelsklepowich/codefellows/401/final/fork/website/src/components/footer/footer.js","statementMap":{"0":{"start":{"line":6,"column":4},"end":{"line":10,"column":6}}},"fnMap":{"0":{"name":"(anonymous_0)","decl":{"start":{"line":5,"column":2},"end":{"line":5,"column":3}},"loc":{"start":{"line":5,"column":11},"end":{"line":11,"column":3}},"line":5}},"branchMap":{},"s":{"0":1},"f":{"0":1},"b":{},"_coverageSchema":"332fd63041d2c1bcb487cc26dd0d5f7d97098a6c","hash":"8ca00c8fd193e00ae356daac94cc04cfd7e2c6f3"}
,"/Users/michaelsklepowich/codefellows/401/final/fork/website/src/components/header/header.js": {"path":"/Users/michaelsklepowich/codefellows/401/final/fork/website/src/components/header/header.js","statementMap":{"0":{"start":{"line":11,"column":4},"end":{"line":17,"column":6}}},"fnMap":{"0":{"name":"(anonymous_0)","decl":{"start":{"line":10,"column":2},"end":{"line":10,"column":3}},"loc":{"start":{"line":10,"column":11},"end":{"line":18,"column":3}},"line":10}},"branchMap":{},"s":{"0":3},"f":{"0":3},"b":{},"_coverageSchema":"332fd63041d2c1bcb487cc26dd0d5f7d97098a6c","hash":"cb1625aa4c0e1fccf026bb16ace998b232a8c6c5"}
,"/Users/michaelsklepowich/codefellows/401/final/fork/website/src/components/output/output.js": {"path":"/Users/michaelsklepowich/codefellows/401/final/fork/website/src/components/output/output.js","statementMap":{"0":{"start":{"line":6,"column":8},"end":{"line":10,"column":10}}},"fnMap":{"0":{"name":"(anonymous_0)","decl":{"start":{"line":5,"column":4},"end":{"line":5,"column":5}},"loc":{"start":{"line":5,"column":13},"end":{"line":11,"column":1}},"line":5}},"branchMap":{},"s":{"0":2},"f":{"0":2},"b":{},"_coverageSchema":"332fd63041d2c1bcb487cc26dd0d5f7d97098a6c","hash":"7cb3a58c5a4db24c25aa77aa7cc181b87a1031f4"}
,"/Users/michaelsklepowich/codefellows/401/final/fork/website/src/components/pages/home.js": {"path":"/Users/michaelsklepowich/codefellows/401/final/fork/website/src/components/pages/home.js","statementMap":{"0":{"start":{"line":11,"column":4},"end":{"line":11,"column":17}},"1":{"start":{"line":12,"column":4},"end":{"line":15,"column":5}},"2":{"start":{"line":16,"column":4},"end":{"line":16,"column":55}},"3":{"start":{"line":20,"column":18},"end":{"line":22,"column":5}},"4":{"start":{"line":23,"column":17},"end":{"line":23,"column":39}},"5":{"start":{"line":24,"column":4},"end":{"line":24,"column":28}},"6":{"start":{"line":25,"column":4},"end":{"line":25,"column":30}},"7":{"start":{"line":29,"column":4},"end":{"line":29,"column":29}},"8":{"start":{"line":30,"column":18},"end":{"line":32,"column":5}},"9":{"start":{"line":33,"column":21},"end":{"line":33,"column":43}},"10":{"start":{"line":34,"column":4},"end":{"line":34,"column":32}},"11":{"start":{"line":35,"column":4},"end":{"line":35,"column":30}},"12":{"start":{"line":39,"column":17},"end":{"line":39,"column":40}},"13":{"start":{"line":40,"column":4},"end":{"line":45,"column":8}},"14":{"start":{"line":41,"column":6},"end":{"line":45,"column":7}},"15":{"start":{"line":47,"column":4},"end":{"line":56,"column":6}}},"fnMap":{"0":{"name":"(anonymous_0)","decl":{"start":{"line":10,"column":2},"end":{"line":10,"column":3}},"loc":{"start":{"line":10,"column":20},"end":{"line":17,"column":3}},"line":10},"1":{"name":"(anonymous_1)","decl":{"start":{"line":19,"column":2},"end":{"line":19,"column":3}},"loc":{"start":{"line":19,"column":28},"end":{"line":26,"column":3}},"line":19},"2":{"name":"(anonymous_2)","decl":{"start":{"line":28,"column":2},"end":{"line":28,"column":3}},"loc":{"start":{"line":28,"column":33},"end":{"line":36,"column":3}},"line":28},"3":{"name":"(anonymous_3)","decl":{"start":{"line":38,"column":2},"end":{"line":38,"column":3}},"loc":{"start":{"line":38,"column":11},"end":{"line":58,"column":1}},"line":38}},"branchMap":{"0":{"loc":{"start":{"line":39,"column":17},"end":{"line":39,"column":40}},"type":"binary-expr","locations":[{"start":{"line":39,"column":17},"end":{"line":39,"column":34}},{"start":{"line":39,"column":38},"end":{"line":39,"column":40}}],"line":39},"1":{"loc":{"start":{"line":40,"column":4},"end":{"line":45,"column":8}},"type":"if","locations":[{"start":{"line":40,"column":4},"end":{"line":45,"column":8}},{"start":{"line":40,"column":4},"end":{"line":45,"column":8}}],"line":40}},"s":{"0":2,"1":2,"2":2,"3":2,"4":2,"5":0,"6":0,"7":0,"8":0,"9":0,"10":0,"11":0,"12":2,"13":2,"14":1,"15":1},"f":{"0":2,"1":2,"2":0,"3":2},"b":{"0":[2,0],"1":[1,1]},"_coverageSchema":"332fd63041d2c1bcb487cc26dd0d5f7d97098a6c","hash":"8f5211252b4109c065f10fb86e65d01416e4849e"}
,"/Users/michaelsklepowich/codefellows/401/final/fork/website/src/components/readme/readme.js": {"path":"/Users/michaelsklepowich/codefellows/401/final/fork/website/src/components/readme/readme.js","statementMap":{"0":{"start":{"line":10,"column":8},"end":{"line":10,"column":21}},"1":{"start":{"line":11,"column":8},"end":{"line":11,"column":34}},"2":{"start":{"line":16,"column":18},"end":{"line":16,"column":38}},"3":{"start":{"line":17,"column":8},"end":{"line":21,"column":9}},"4":{"start":{"line":18,"column":23},"end":{"line":18,"column":48}},"5":{"start":{"line":19,"column":26},"end":{"line":19,"column":49}},"6":{"start":{"line":20,"column":12},"end":{"line":20,"column":39}},"7":{"start":{"line":25,"column":8},"end":{"line":29,"column":9}}},"fnMap":{"0":{"name":"(anonymous_0)","decl":{"start":{"line":9,"column":4},"end":{"line":9,"column":5}},"loc":{"start":{"line":9,"column":23},"end":{"line":12,"column":5}},"line":9},"1":{"name":"(anonymous_1)","decl":{"start":{"line":15,"column":4},"end":{"line":15,"column":5}},"loc":{"start":{"line":15,"column":51},"end":{"line":22,"column":5}},"line":15},"2":{"name":"(anonymous_2)","decl":{"start":{"line":24,"column":4},"end":{"line":24,"column":5}},"loc":{"start":{"line":24,"column":13},"end":{"line":30,"column":5}},"line":24}},"branchMap":{"0":{"loc":{"start":{"line":17,"column":8},"end":{"line":21,"column":9}},"type":"if","locations":[{"start":{"line":17,"column":8},"end":{"line":21,"column":9}},{"start":{"line":17,"column":8},"end":{"line":21,"column":9}}],"line":17},"1":{"loc":{"start":{"line":17,"column":12},"end":{"line":17,"column":29}},"type":"binary-expr","locations":[{"start":{"line":17,"column":12},"end":{"line":17,"column":15}},{"start":{"line":17,"column":19},"end":{"line":17,"column":29}}],"line":17}},"s":{"0":3,"1":3,"2":3,"3":3,"4":0,"5":0,"6":0,"7":3},"f":{"0":3,"1":3,"2":3},"b":{"0":[0,3],"1":[3,0]},"_coverageSchema":"332fd63041d2c1bcb487cc26dd0d5f7d97098a6c","hash":"6bb4860352d949661a167ab24cee17c10a418768"}
,"/Users/michaelsklepowich/codefellows/401/final/fork/website/src/components/repl/repl.js": {"path":"/Users/michaelsklepowich/codefellows/401/final/fork/website/src/components/repl/repl.js","statementMap":{"0":{"start":{"line":8,"column":8},"end":{"line":8,"column":20}},"1":{"start":{"line":9,"column":8},"end":{"line":9,"column":28}},"2":{"start":{"line":10,"column":8},"end":{"line":10,"column":57}},"3":{"start":{"line":11,"column":8},"end":{"line":11,"column":49}},"4":{"start":{"line":15,"column":8},"end":{"line":15,"column":27}},"5":{"start":{"line":16,"column":8},"end":{"line":16,"column":44}},"6":{"start":{"line":20,"column":8},"end":{"line":20,"column":23}},"7":{"start":{"line":23,"column":8},"end":{"line":23,"column":39}},"8":{"start":{"line":27,"column":18},"end":{"line":27,"column":39}},"9":{"start":{"line":30,"column":8},"end":{"line":34,"column":9}},"10":{"start":{"line":31,"column":23},"end":{"line":31,"column":48}},"11":{"start":{"line":32,"column":26},"end":{"line":32,"column":49}},"12":{"start":{"line":33,"column":12},"end":{"line":33,"column":41}},"13":{"start":{"line":35,"column":8},"end":{"line":35,"column":30}},"14":{"start":{"line":39,"column":21},"end":{"line":39,"column":36}},"15":{"start":{"line":40,"column":24},"end":{"line":42,"column":9}},"16":{"start":{"line":44,"column":8},"end":{"line":60,"column":9}}},"fnMap":{"0":{"name":"(anonymous_0)","decl":{"start":{"line":7,"column":4},"end":{"line":7,"column":5}},"loc":{"start":{"line":7,"column":22},"end":{"line":12,"column":5}},"line":7},"1":{"name":"(anonymous_1)","decl":{"start":{"line":14,"column":4},"end":{"line":14,"column":5}},"loc":{"start":{"line":14,"column":19},"end":{"line":17,"column":5}},"line":14},"2":{"name":"(anonymous_2)","decl":{"start":{"line":19,"column":4},"end":{"line":19,"column":5}},"loc":{"start":{"line":19,"column":35},"end":{"line":21,"column":5}},"line":19},"3":{"name":"(anonymous_3)","decl":{"start":{"line":22,"column":4},"end":{"line":22,"column":5}},"loc":{"start":{"line":22,"column":26},"end":{"line":24,"column":5}},"line":22},"4":{"name":"(anonymous_4)","decl":{"start":{"line":26,"column":4},"end":{"line":26,"column":5}},"loc":{"start":{"line":26,"column":51},"end":{"line":36,"column":5}},"line":26},"5":{"name":"(anonymous_5)","decl":{"start":{"line":38,"column":4},"end":{"line":38,"column":5}},"loc":{"start":{"line":38,"column":13},"end":{"line":61,"column":1}},"line":38}},"branchMap":{"0":{"loc":{"start":{"line":30,"column":8},"end":{"line":34,"column":9}},"type":"if","locations":[{"start":{"line":30,"column":8},"end":{"line":34,"column":9}},{"start":{"line":30,"column":8},"end":{"line":34,"column":9}}],"line":30},"1":{"loc":{"start":{"line":30,"column":12},"end":{"line":30,"column":29}},"type":"binary-expr","locations":[{"start":{"line":30,"column":12},"end":{"line":30,"column":15}},{"start":{"line":30,"column":19},"end":{"line":30,"column":29}}],"line":30}},"s":{"0":1,"1":1,"2":1,"3":1,"4":0,"5":0,"6":0,"7":0,"8":1,"9":1,"10":0,"11":0,"12":0,"13":1,"14":1,"15":1,"16":1},"f":{"0":1,"1":0,"2":0,"3":0,"4":1,"5":1},"b":{"0":[0,1],"1":[1,1]},"_coverageSchema":"332fd63041d2c1bcb487cc26dd0d5f7d97098a6c","hash":"c54d22ae4adc76147cb25120c43cc46d64a214ca"}
,"/Users/michaelsklepowich/codefellows/401/final/fork/website/src/components/rotator/rotator.js": {"path":"/Users/michaelsklepowich/codefellows/401/final/fork/website/src/components/rotator/rotator.js","statementMap":{"0":{"start":{"line":11,"column":4},"end":{"line":11,"column":17}},"1":{"start":{"line":14,"column":15},"end":{"line":14,"column":50}},"2":{"start":{"line":19,"column":18},"end":{"line":19,"column":27}},"3":{"start":{"line":20,"column":4},"end":{"line":20,"column":35}},"4":{"start":{"line":22,"column":4},"end":{"line":22,"column":37}},"5":{"start":{"line":23,"column":4},"end":{"line":23,"column":45}},"6":{"start":{"line":24,"column":4},"end":{"line":24,"column":41}},"7":{"start":{"line":32,"column":18},"end":{"line":34,"column":28}},"8":{"start":{"line":36,"column":4},"end":{"line":36,"column":31}},"9":{"start":{"line":44,"column":18},"end":{"line":46,"column":34}},"10":{"start":{"line":48,"column":4},"end":{"line":48,"column":31}},"11":{"start":{"line":55,"column":14},"end":{"line":55,"column":48}},"12":{"start":{"line":56,"column":18},"end":{"line":56,"column":46}},"13":{"start":{"line":57,"column":4},"end":{"line":57,"column":31}},"14":{"start":{"line":61,"column":15},"end":{"line":61,"column":17}},"15":{"start":{"line":62,"column":12},"end":{"line":62,"column":13}},"16":{"start":{"line":63,"column":18},"end":{"line":63,"column":38}},"17":{"start":{"line":64,"column":4},"end":{"line":67,"column":5}},"18":{"start":{"line":65,"column":6},"end":{"line":65,"column":74}},"19":{"start":{"line":66,"column":6},"end":{"line":66,"column":29}},"20":{"start":{"line":68,"column":23},"end":{"line":68,"column":69}},"21":{"start":{"line":70,"column":4},"end":{"line":82,"column":6}},"22":{"start":{"line":86,"column":24},"end":{"line":88,"column":2}},"23":{"start":{"line":86,"column":34},"end":{"line":88,"column":1}},"24":{"start":{"line":90,"column":27},"end":{"line":92,"column":2}},"25":{"start":{"line":90,"column":52},"end":{"line":92,"column":1}}},"fnMap":{"0":{"name":"(anonymous_0)","decl":{"start":{"line":10,"column":2},"end":{"line":10,"column":3}},"loc":{"start":{"line":10,"column":21},"end":{"line":25,"column":3}},"line":10},"1":{"name":"(anonymous_1)","decl":{"start":{"line":31,"column":2},"end":{"line":31,"column":3}},"loc":{"start":{"line":31,"column":9},"end":{"line":37,"column":3}},"line":31},"2":{"name":"(anonymous_2)","decl":{"start":{"line":43,"column":2},"end":{"line":43,"column":3}},"loc":{"start":{"line":43,"column":13},"end":{"line":49,"column":3}},"line":43},"3":{"name":"(anonymous_3)","decl":{"start":{"line":54,"column":2},"end":{"line":54,"column":3}},"loc":{"start":{"line":54,"column":12},"end":{"line":58,"column":3}},"line":54},"4":{"name":"(anonymous_4)","decl":{"start":{"line":60,"column":2},"end":{"line":60,"column":3}},"loc":{"start":{"line":60,"column":11},"end":{"line":83,"column":3}},"line":60},"5":{"name":"(anonymous_5)","decl":{"start":{"line":86,"column":24},"end":{"line":86,"column":25}},"loc":{"start":{"line":86,"column":34},"end":{"line":88,"column":1}},"line":86},"6":{"name":"(anonymous_6)","decl":{"start":{"line":90,"column":27},"end":{"line":90,"column":28}},"loc":{"start":{"line":90,"column":52},"end":{"line":92,"column":1}},"line":90}},"branchMap":{"0":{"loc":{"start":{"line":32,"column":18},"end":{"line":34,"column":28}},"type":"cond-expr","locations":[{"start":{"line":33,"column":8},"end":{"line":33,"column":31}},{"start":{"line":34,"column":8},"end":{"line":34,"column":28}}],"line":32},"1":{"loc":{"start":{"line":44,"column":18},"end":{"line":46,"column":34}},"type":"cond-expr","locations":[{"start":{"line":45,"column":8},"end":{"line":45,"column":31}},{"start":{"line":46,"column":8},"end":{"line":46,"column":34}}],"line":44},"2":{"loc":{"start":{"line":68,"column":23},"end":{"line":68,"column":69}},"type":"binary-expr","locations":[{"start":{"line":68,"column":23},"end":{"line":68,"column":41}},{"start":{"line":68,"column":45},"end":{"line":68,"column":69}}],"line":68}},"s":{"0":0,"1":0,"2":0,"3":0,"4":0,"5":0,"6":0,"7":0,"8":0,"9":0,"10":0,"11":0,"12":0,"13":0,"14":0,"15":0,"16":0,"17":0,"18":0,"19":0,"20":0,"21":0,"22":4,"23":0,"24":4,"25":0},"f":{"0":0,"1":0,"2":0,"3":0,"4":0,"5":0,"6":0},"b":{"0":[0,0],"1":[0,0],"2":[0,0]},"_coverageSchema":"332fd63041d2c1bcb487cc26dd0d5f7d97098a6c","hash":"f7be01127a17da3736033eee30af8c9f80c68e5a"}
,"/Users/michaelsklepowich/codefellows/401/final/fork/website/src/components/sidebar/sidebar.js": {"path":"/Users/michaelsklepowich/codefellows/401/final/fork/website/src/components/sidebar/sidebar.js","statementMap":{"0":{"start":{"line":9,"column":8},"end":{"line":28,"column":9}},"1":{"start":{"line":15,"column":16},"end":{"line":23,"column":21}},"2":{"start":{"line":19,"column":28},"end":{"line":19,"column":112}},"3":{"start":{"line":19,"column":63},"end":{"line":19,"column":94}}},"fnMap":{"0":{"name":"(anonymous_0)","decl":{"start":{"line":7,"column":4},"end":{"line":7,"column":5}},"loc":{"start":{"line":7,"column":13},"end":{"line":29,"column":1}},"line":7},"1":{"name":"(anonymous_1)","decl":{"start":{"line":14,"column":72},"end":{"line":14,"column":73}},"loc":{"start":{"line":15,"column":16},"end":{"line":23,"column":21}},"line":15},"2":{"name":"(anonymous_2)","decl":{"start":{"line":18,"column":64},"end":{"line":18,"column":65}},"loc":{"start":{"line":19,"column":28},"end":{"line":19,"column":112}},"line":19},"3":{"name":"(anonymous_3)","decl":{"start":{"line":19,"column":57},"end":{"line":19,"column":58}},"loc":{"start":{"line":19,"column":63},"end":{"line":19,"column":94}},"line":19}},"branchMap":{"0":{"loc":{"start":{"line":14,"column":16},"end":{"line":24,"column":18}},"type":"binary-expr","locations":[{"start":{"line":14,"column":16},"end":{"line":14,"column":33}},{"start":{"line":14,"column":37},"end":{"line":24,"column":18}}],"line":14}},"s":{"0":2,"1":0,"2":0,"3":0},"f":{"0":2,"1":0,"2":0,"3":0},"b":{"0":[2,1]},"_coverageSchema":"332fd63041d2c1bcb487cc26dd0d5f7d97098a6c","hash":"d6231e9e748d7a289289f0129b3e73afabcd3469"}
,"/Users/michaelsklepowich/codefellows/401/final/fork/website/src/components/video/video.js": {"path":"/Users/michaelsklepowich/codefellows/401/final/fork/website/src/components/video/video.js","statementMap":{"0":{"start":{"line":7,"column":8},"end":{"line":11,"column":9}}},"fnMap":{"0":{"name":"(anonymous_0)","decl":{"start":{"line":6,"column":4},"end":{"line":6,"column":5}},"loc":{"start":{"line":6,"column":13},"end":{"line":12,"column":1}},"line":6}},"branchMap":{},"s":{"0":4},"f":{"0":4},"b":{},"_coverageSchema":"332fd63041d2c1bcb487cc26dd0d5f7d97098a6c","hash":"a4acbacad9fa04b53cdce3ca55026c9ee181a9e1"}
,"/Users/michaelsklepowich/codefellows/401/final/fork/website/src/components/workspace/workspace.js": {"path":"/Users/michaelsklepowich/codefellows/401/final/fork/website/src/components/workspace/workspace.js","statementMap":{"0":{"start":{"line":14,"column":8},"end":{"line":14,"column":21}},"1":{"start":{"line":15,"column":8},"end":{"line":15,"column":30}},"2":{"start":{"line":16,"column":8},"end":{"line":16,"column":45}},"3":{"start":{"line":20,"column":20},"end":{"line":23,"column":9}},"4":{"start":{"line":24,"column":23},"end":{"line":24,"column":46}},"5":{"start":{"line":25,"column":8},"end":{"line":25,"column":32}},"6":{"start":{"line":26,"column":26},"end":{"line":26,"column":28}},"7":{"start":{"line":27,"column":21},"end":{"line":27,"column":23}},"8":{"start":{"line":28,"column":8},"end":{"line":32,"column":9}},"9":{"start":{"line":29,"column":12},"end":{"line":31,"column":13}},"10":{"start":{"line":30,"column":16},"end":{"line":30,"column":78}},"11":{"start":{"line":33,"column":8},"end":{"line":41,"column":9}},"12":{"start":{"line":34,"column":12},"end":{"line":34,"column":92}},"13":{"start":{"line":35,"column":28},"end":{"line":35,"column":78}},"14":{"start":{"line":36,"column":12},"end":{"line":38,"column":13}},"15":{"start":{"line":37,"column":16},"end":{"line":37,"column":81}},"16":{"start":{"line":39,"column":12},"end":{"line":39,"column":36}},"17":{"start":{"line":40,"column":12},"end":{"line":40,"column":32}},"18":{"start":{"line":42,"column":21},"end":{"line":42,"column":78}},"19":{"start":{"line":43,"column":8},"end":{"line":43,"column":32}},"20":{"start":{"line":47,"column":25},"end":{"line":47,"column":27}},"21":{"start":{"line":48,"column":8},"end":{"line":51,"column":18}},"22":{"start":{"line":49,"column":12},"end":{"line":49,"column":73}},"23":{"start":{"line":53,"column":8},"end":{"line":70,"column":9}},"24":{"start":{"line":60,"column":28},"end":{"line":60,"column":90}}},"fnMap":{"0":{"name":"(anonymous_0)","decl":{"start":{"line":13,"column":4},"end":{"line":13,"column":5}},"loc":{"start":{"line":13,"column":23},"end":{"line":17,"column":5}},"line":13},"1":{"name":"(anonymous_1)","decl":{"start":{"line":19,"column":4},"end":{"line":19,"column":5}},"loc":{"start":{"line":19,"column":24},"end":{"line":44,"column":5}},"line":19},"2":{"name":"(anonymous_2)","decl":{"start":{"line":46,"column":4},"end":{"line":46,"column":5}},"loc":{"start":{"line":46,"column":13},"end":{"line":71,"column":1}},"line":46},"3":{"name":"(anonymous_3)","decl":{"start":{"line":59,"column":40},"end":{"line":59,"column":41}},"loc":{"start":{"line":60,"column":28},"end":{"line":60,"column":90}},"line":60}},"branchMap":{"0":{"loc":{"start":{"line":28,"column":8},"end":{"line":32,"column":9}},"type":"if","locations":[{"start":{"line":28,"column":8},"end":{"line":32,"column":9}},{"start":{"line":28,"column":8},"end":{"line":32,"column":9}}],"line":28},"1":{"loc":{"start":{"line":33,"column":8},"end":{"line":41,"column":9}},"type":"if","locations":[{"start":{"line":33,"column":8},"end":{"line":41,"column":9}},{"start":{"line":33,"column":8},"end":{"line":41,"column":9}}],"line":33},"2":{"loc":{"start":{"line":57,"column":30},"end":{"line":57,"column":87}},"type":"binary-expr","locations":[{"start":{"line":57,"column":30},"end":{"line":57,"column":51}},{"start":{"line":57,"column":55},"end":{"line":57,"column":87}}],"line":57}},"s":{"0":2,"1":2,"2":2,"3":0,"4":0,"5":0,"6":0,"7":0,"8":0,"9":0,"10":0,"11":0,"12":0,"13":0,"14":0,"15":0,"16":0,"17":0,"18":0,"19":0,"20":2,"21":2,"22":2,"23":2,"24":0},"f":{"0":2,"1":0,"2":2,"3":0},"b":{"0":[0,0],"1":[0,0],"2":[2,2]},"_coverageSchema":"332fd63041d2c1bcb487cc26dd0d5f7d97098a6c","hash":"b6e51163556a8b62a7c7574c4c028b58cecb8036"}
,"/Users/michaelsklepowich/codefellows/401/final/fork/website/src/lib/api.js": {"path":"/Users/michaelsklepowich/codefellows/401/final/fork/website/src/lib/api.js","statementMap":{"0":{"start":{"line":4,"column":12},"end":{"line":4,"column":17}},"1":{"start":{"line":6,"column":11},"end":{"line":6,"column":101}},"2":{"start":{"line":8,"column":19},"end":{"line":13,"column":1}},"3":{"start":{"line":9,"column":14},"end":{"line":9,"column":59}},"4":{"start":{"line":10,"column":15},"end":{"line":10,"column":41}},"5":{"start":{"line":11,"column":4},"end":{"line":11,"column":16}},"6":{"start":{"line":15,"column":20},"end":{"line":25,"column":1}},"7":{"start":{"line":16,"column":27},"end":{"line":16,"column":34}},"8":{"start":{"line":17,"column":14},"end":{"line":17,"column":35}},"9":{"start":{"line":18,"column":15},"end":{"line":18,"column":26}},"10":{"start":{"line":20,"column":15},"end":{"line":22,"column":35}},"11":{"start":{"line":24,"column":4},"end":{"line":24,"column":21}}},"fnMap":{"0":{"name":"(anonymous_0)","decl":{"start":{"line":8,"column":19},"end":{"line":8,"column":20}},"loc":{"start":{"line":8,"column":36},"end":{"line":13,"column":1}},"line":8},"1":{"name":"(anonymous_1)","decl":{"start":{"line":15,"column":20},"end":{"line":15,"column":21}},"loc":{"start":{"line":15,"column":37},"end":{"line":25,"column":1}},"line":15}},"branchMap":{"0":{"loc":{"start":{"line":6,"column":11},"end":{"line":6,"column":101}},"type":"cond-expr","locations":[{"start":{"line":6,"column":17},"end":{"line":6,"column":47}},{"start":{"line":6,"column":50},"end":{"line":6,"column":101}}],"line":6}},"s":{"0":3,"1":3,"2":3,"3":2,"4":2,"5":0,"6":3,"7":0,"8":0,"9":0,"10":0,"11":0},"f":{"0":2,"1":0},"b":{"0":[0,3]},"_coverageSchema":"332fd63041d2c1bcb487cc26dd0d5f7d97098a6c","hash":"7d79bbe51d910b481536c551e4ff409dd1f46249"}
,"/Users/michaelsklepowich/codefellows/401/final/fork/website/src/lib/linked-list.js": {"path":"/Users/michaelsklepowich/codefellows/401/final/fork/website/src/lib/linked-list.js","statementMap":{"0":{"start":{"line":5,"column":4},"end":{"line":5,"column":23}},"1":{"start":{"line":6,"column":4},"end":{"line":6,"column":21}},"2":{"start":{"line":12,"column":4},"end":{"line":12,"column":21}},"3":{"start":{"line":16,"column":15},"end":{"line":16,"column":37}},"4":{"start":{"line":17,"column":18},"end":{"line":17,"column":22}},"5":{"start":{"line":19,"column":4},"end":{"line":29,"column":5}},"6":{"start":{"line":20,"column":17},"end":{"line":20,"column":33}},"7":{"start":{"line":21,"column":6},"end":{"line":28,"column":7}},"8":{"start":{"line":22,"column":8},"end":{"line":22,"column":25}},"9":{"start":{"line":23,"column":8},"end":{"line":23,"column":23}},"10":{"start":{"line":25,"column":8},"end":{"line":25,"column":28}},"11":{"start":{"line":26,"column":8},"end":{"line":26,"column":28}},"12":{"start":{"line":27,"column":8},"end":{"line":27,"column":31}},"13":{"start":{"line":31,"column":4},"end":{"line":31,"column":16}},"14":{"start":{"line":35,"column":4},"end":{"line":35,"column":30}},"15":{"start":{"line":39,"column":16},"end":{"line":39,"column":17}},"16":{"start":{"line":40,"column":18},"end":{"line":40,"column":27}},"17":{"start":{"line":41,"column":4},"end":{"line":44,"column":5}},"18":{"start":{"line":42,"column":6},"end":{"line":42,"column":29}},"19":{"start":{"line":43,"column":6},"end":{"line":43,"column":14}},"20":{"start":{"line":45,"column":4},"end":{"line":45,"column":17}},"21":{"start":{"line":49,"column":15},"end":{"line":49,"column":30}},"22":{"start":{"line":50,"column":4},"end":{"line":50,"column":26}},"23":{"start":{"line":52,"column":4},"end":{"line":52,"column":26}},"24":{"start":{"line":53,"column":4},"end":{"line":53,"column":21}},"25":{"start":{"line":57,"column":4},"end":{"line":60,"column":5}},"26":{"start":{"line":58,"column":6},"end":{"line":58,"column":34}},"27":{"start":{"line":59,"column":6},"end":{"line":59,"column":13}},"28":{"start":{"line":62,"column":18},"end":{"line":62,"column":27}},"29":{"start":{"line":63,"column":4},"end":{"line":65,"column":5}},"30":{"start":{"line":64,"column":6},"end":{"line":64,"column":29}},"31":{"start":{"line":66,"column":15},"end":{"line":66,"column":30}},"32":{"start":{"line":67,"column":4},"end":{"line":67,"column":24}},"33":{"start":{"line":68,"column":4},"end":{"line":68,"column":24}},"34":{"start":{"line":74,"column":17},"end":{"line":74,"column":26}},"35":{"start":{"line":75,"column":4},"end":{"line":75,"column":31}},"36":{"start":{"line":76,"column":4},"end":{"line":78,"column":5}},"37":{"start":{"line":77,"column":6},"end":{"line":77,"column":28}},"38":{"start":{"line":79,"column":4},"end":{"line":79,"column":18}},"39":{"start":{"line":83,"column":17},"end":{"line":83,"column":29}},"40":{"start":{"line":87,"column":4},"end":{"line":87,"column":37}},"41":{"start":{"line":90,"column":4},"end":{"line":94,"column":5}},"42":{"start":{"line":93,"column":6},"end":{"line":93,"column":34}},"43":{"start":{"line":95,"column":4},"end":{"line":95,"column":18}},"44":{"start":{"line":99,"column":4},"end":{"line":101,"column":5}},"45":{"start":{"line":100,"column":6},"end":{"line":100,"column":13}},"46":{"start":{"line":103,"column":18},"end":{"line":103,"column":32}},"47":{"start":{"line":104,"column":19},"end":{"line":104,"column":28}},"48":{"start":{"line":105,"column":4},"end":{"line":105,"column":25}},"49":{"start":{"line":107,"column":4},"end":{"line":115,"column":5}},"50":{"start":{"line":108,"column":22},"end":{"line":108,"column":34}},"51":{"start":{"line":110,"column":6},"end":{"line":110,"column":30}},"52":{"start":{"line":111,"column":6},"end":{"line":111,"column":30}},"53":{"start":{"line":112,"column":6},"end":{"line":112,"column":25}},"54":{"start":{"line":114,"column":6},"end":{"line":114,"column":26}},"55":{"start":{"line":117,"column":4},"end":{"line":117,"column":25}},"56":{"start":{"line":118,"column":4},"end":{"line":118,"column":26}},"57":{"start":{"line":122,"column":15},"end":{"line":122,"column":24}},"58":{"start":{"line":123,"column":15},"end":{"line":123,"column":24}},"59":{"start":{"line":124,"column":4},"end":{"line":127,"column":5}},"60":{"start":{"line":125,"column":6},"end":{"line":125,"column":23}},"61":{"start":{"line":126,"column":6},"end":{"line":126,"column":28}},"62":{"start":{"line":128,"column":4},"end":{"line":128,"column":16}},"63":{"start":{"line":132,"column":12},"end":{"line":132,"column":13}},"64":{"start":{"line":133,"column":18},"end":{"line":133,"column":27}},"65":{"start":{"line":135,"column":4},"end":{"line":141,"column":5}},"66":{"start":{"line":136,"column":6},"end":{"line":138,"column":7}},"67":{"start":{"line":137,"column":8},"end":{"line":137,"column":23}},"68":{"start":{"line":139,"column":6},"end":{"line":139,"column":10}},"69":{"start":{"line":140,"column":6},"end":{"line":140,"column":29}},"70":{"start":{"line":145,"column":17},"end":{"line":145,"column":26}},"71":{"start":{"line":146,"column":17},"end":{"line":146,"column":26}},"72":{"start":{"line":149,"column":4},"end":{"line":151,"column":5}},"73":{"start":{"line":150,"column":6},"end":{"line":150,"column":27}},"74":{"start":{"line":156,"column":4},"end":{"line":159,"column":5}},"75":{"start":{"line":157,"column":6},"end":{"line":157,"column":27}},"76":{"start":{"line":158,"column":6},"end":{"line":158,"column":27}},"77":{"start":{"line":161,"column":4},"end":{"line":161,"column":18}},"78":{"start":{"line":166,"column":18},"end":{"line":166,"column":27}},"79":{"start":{"line":167,"column":4},"end":{"line":169,"column":5}},"80":{"start":{"line":168,"column":6},"end":{"line":168,"column":29}},"81":{"start":{"line":170,"column":4},"end":{"line":170,"column":19}}},"fnMap":{"0":{"name":"(anonymous_0)","decl":{"start":{"line":4,"column":2},"end":{"line":4,"column":3}},"loc":{"start":{"line":4,"column":21},"end":{"line":7,"column":3}},"line":4},"1":{"name":"(anonymous_1)","decl":{"start":{"line":11,"column":2},"end":{"line":11,"column":3}},"loc":{"start":{"line":11,"column":16},"end":{"line":13,"column":3}},"line":11},"2":{"name":"(anonymous_2)","decl":{"start":{"line":15,"column":2},"end":{"line":15,"column":3}},"loc":{"start":{"line":15,"column":24},"end":{"line":32,"column":3}},"line":15},"3":{"name":"(anonymous_3)","decl":{"start":{"line":34,"column":2},"end":{"line":34,"column":3}},"loc":{"start":{"line":34,"column":12},"end":{"line":36,"column":3}},"line":34},"4":{"name":"(anonymous_4)","decl":{"start":{"line":38,"column":2},"end":{"line":38,"column":3}},"loc":{"start":{"line":38,"column":9},"end":{"line":46,"column":3}},"line":38},"5":{"name":"(anonymous_5)","decl":{"start":{"line":48,"column":2},"end":{"line":48,"column":3}},"loc":{"start":{"line":48,"column":17},"end":{"line":54,"column":3}},"line":48},"6":{"name":"(anonymous_6)","decl":{"start":{"line":56,"column":2},"end":{"line":56,"column":3}},"loc":{"start":{"line":56,"column":16},"end":{"line":69,"column":3}},"line":56},"7":{"name":"(anonymous_7)","decl":{"start":{"line":73,"column":2},"end":{"line":73,"column":3}},"loc":{"start":{"line":73,"column":15},"end":{"line":80,"column":3}},"line":73},"8":{"name":"(anonymous_8)","decl":{"start":{"line":82,"column":2},"end":{"line":82,"column":3}},"loc":{"start":{"line":82,"column":26},"end":{"line":96,"column":3}},"line":82},"9":{"name":"(anonymous_9)","decl":{"start":{"line":98,"column":2},"end":{"line":98,"column":3}},"loc":{"start":{"line":98,"column":12},"end":{"line":119,"column":3}},"line":98},"10":{"name":"(anonymous_10)","decl":{"start":{"line":121,"column":2},"end":{"line":121,"column":3}},"loc":{"start":{"line":121,"column":19},"end":{"line":129,"column":3}},"line":121},"11":{"name":"(anonymous_11)","decl":{"start":{"line":131,"column":2},"end":{"line":131,"column":3}},"loc":{"start":{"line":131,"column":13},"end":{"line":142,"column":3}},"line":131},"12":{"name":"(anonymous_12)","decl":{"start":{"line":144,"column":2},"end":{"line":144,"column":3}},"loc":{"start":{"line":144,"column":21},"end":{"line":162,"column":3}},"line":144},"13":{"name":"(anonymous_13)","decl":{"start":{"line":164,"column":2},"end":{"line":164,"column":3}},"loc":{"start":{"line":164,"column":13},"end":{"line":171,"column":3}},"line":164}},"branchMap":{"0":{"loc":{"start":{"line":21,"column":6},"end":{"line":28,"column":7}},"type":"if","locations":[{"start":{"line":21,"column":6},"end":{"line":28,"column":7}},{"start":{"line":21,"column":6},"end":{"line":28,"column":7}}],"line":21},"1":{"loc":{"start":{"line":57,"column":4},"end":{"line":60,"column":5}},"type":"if","locations":[{"start":{"line":57,"column":4},"end":{"line":60,"column":5}},{"start":{"line":57,"column":4},"end":{"line":60,"column":5}}],"line":57},"2":{"loc":{"start":{"line":76,"column":4},"end":{"line":78,"column":5}},"type":"if","locations":[{"start":{"line":76,"column":4},"end":{"line":78,"column":5}},{"start":{"line":76,"column":4},"end":{"line":78,"column":5}}],"line":76},"3":{"loc":{"start":{"line":76,"column":8},"end":{"line":76,"column":35}},"type":"binary-expr","locations":[{"start":{"line":76,"column":8},"end":{"line":76,"column":17}},{"start":{"line":76,"column":21},"end":{"line":76,"column":35}}],"line":76},"4":{"loc":{"start":{"line":90,"column":4},"end":{"line":94,"column":5}},"type":"if","locations":[{"start":{"line":90,"column":4},"end":{"line":94,"column":5}},{"start":{"line":90,"column":4},"end":{"line":94,"column":5}}],"line":90},"5":{"loc":{"start":{"line":90,"column":8},"end":{"line":90,"column":41}},"type":"binary-expr","locations":[{"start":{"line":90,"column":8},"end":{"line":90,"column":20}},{"start":{"line":90,"column":24},"end":{"line":90,"column":41}}],"line":90},"6":{"loc":{"start":{"line":99,"column":4},"end":{"line":101,"column":5}},"type":"if","locations":[{"start":{"line":99,"column":4},"end":{"line":101,"column":5}},{"start":{"line":99,"column":4},"end":{"line":101,"column":5}}],"line":99},"7":{"loc":{"start":{"line":124,"column":11},"end":{"line":124,"column":28}},"type":"binary-expr","locations":[{"start":{"line":124,"column":11},"end":{"line":124,"column":15}},{"start":{"line":124,"column":19},"end":{"line":124,"column":28}}],"line":124},"8":{"loc":{"start":{"line":136,"column":6},"end":{"line":138,"column":7}},"type":"if","locations":[{"start":{"line":136,"column":6},"end":{"line":138,"column":7}},{"start":{"line":136,"column":6},"end":{"line":138,"column":7}}],"line":136}},"s":{"0":0,"1":0,"2":0,"3":0,"4":0,"5":0,"6":0,"7":0,"8":0,"9":0,"10":0,"11":0,"12":0,"13":0,"14":0,"15":0,"16":0,"17":0,"18":0,"19":0,"20":0,"21":0,"22":0,"23":0,"24":0,"25":0,"26":0,"27":0,"28":0,"29":0,"30":0,"31":0,"32":0,"33":0,"34":0,"35":0,"36":0,"37":0,"38":0,"39":0,"40":0,"41":0,"42":0,"43":0,"44":0,"45":0,"46":0,"47":0,"48":0,"49":0,"50":0,"51":0,"52":0,"53":0,"54":0,"55":0,"56":0,"57":0,"58":0,"59":0,"60":0,"61":0,"62":0,"63":0,"64":0,"65":0,"66":0,"67":0,"68":0,"69":0,"70":0,"71":0,"72":0,"73":0,"74":0,"75":0,"76":0,"77":0,"78":0,"79":0,"80":0,"81":0},"f":{"0":0,"1":0,"2":0,"3":0,"4":0,"5":0,"6":0,"7":0,"8":0,"9":0,"10":0,"11":0,"12":0,"13":0},"b":{"0":[0,0],"1":[0,0],"2":[0,0],"3":[0,0],"4":[0,0],"5":[0,0],"6":[0,0],"7":[0,0],"8":[0,0]},"_coverageSchema":"332fd63041d2c1bcb487cc26dd0d5f7d97098a6c","hash":"8d2ddf95fde8e5daa7c140fe94316e21717422c3"}
,"/Users/michaelsklepowich/codefellows/401/final/fork/website/src/lib/utils.js": {"path":"/Users/michaelsklepowich/codefellows/401/final/fork/website/src/lib/utils.js","statementMap":{"0":{"start":{"line":3,"column":14},"end":{"line":3,"column":19}},"1":{"start":{"line":5,"column":24},"end":{"line":6,"column":39}},"2":{"start":{"line":6,"column":2},"end":{"line":6,"column":39}},"3":{"start":{"line":9,"column":25},"end":{"line":22,"column":1}},"4":{"start":{"line":10,"column":2},"end":{"line":21,"column":24}},"5":{"start":{"line":11,"column":18},"end":{"line":11,"column":22}},"6":{"start":{"line":13,"column":6},"end":{"line":19,"column":28}},"7":{"start":{"line":16,"column":10},"end":{"line":16,"column":46}},"8":{"start":{"line":17,"column":10},"end":{"line":17,"column":29}},"9":{"start":{"line":21,"column":18},"end":{"line":21,"column":22}},"10":{"start":{"line":24,"column":24},"end":{"line":33,"column":1}},"11":{"start":{"line":25,"column":2},"end":{"line":32,"column":5}},"12":{"start":{"line":26,"column":15},"end":{"line":26,"column":49}},"13":{"start":{"line":27,"column":4},"end":{"line":31,"column":5}},"14":{"start":{"line":28,"column":6},"end":{"line":28,"column":32}},"15":{"start":{"line":30,"column":6},"end":{"line":30,"column":39}},"16":{"start":{"line":35,"column":24},"end":{"line":41,"column":1}},"17":{"start":{"line":36,"column":2},"end":{"line":40,"column":5}},"18":{"start":{"line":37,"column":20},"end":{"line":37,"column":77}},"19":{"start":{"line":38,"column":4},"end":{"line":38,"column":41}},"20":{"start":{"line":39,"column":4},"end":{"line":39,"column":14}}},"fnMap":{"0":{"name":"(anonymous_0)","decl":{"start":{"line":5,"column":24},"end":{"line":5,"column":25}},"loc":{"start":{"line":6,"column":2},"end":{"line":6,"column":39}},"line":6},"1":{"name":"(anonymous_1)","decl":{"start":{"line":9,"column":25},"end":{"line":9,"column":26}},"loc":{"start":{"line":9,"column":32},"end":{"line":22,"column":1}},"line":9},"2":{"name":"(anonymous_2)","decl":{"start":{"line":11,"column":10},"end":{"line":11,"column":11}},"loc":{"start":{"line":11,"column":18},"end":{"line":11,"column":22}},"line":11},"3":{"name":"(anonymous_3)","decl":{"start":{"line":12,"column":11},"end":{"line":12,"column":12}},"loc":{"start":{"line":12,"column":18},"end":{"line":20,"column":5}},"line":12},"4":{"name":"(anonymous_4)","decl":{"start":{"line":15,"column":14},"end":{"line":15,"column":15}},"loc":{"start":{"line":15,"column":24},"end":{"line":18,"column":9}},"line":15},"5":{"name":"(anonymous_5)","decl":{"start":{"line":21,"column":10},"end":{"line":21,"column":11}},"loc":{"start":{"line":21,"column":18},"end":{"line":21,"column":22}},"line":21},"6":{"name":"(anonymous_6)","decl":{"start":{"line":24,"column":24},"end":{"line":24,"column":25}},"loc":{"start":{"line":24,"column":31},"end":{"line":33,"column":1}},"line":24},"7":{"name":"(anonymous_7)","decl":{"start":{"line":25,"column":21},"end":{"line":25,"column":22}},"loc":{"start":{"line":25,"column":42},"end":{"line":32,"column":3}},"line":25},"8":{"name":"(anonymous_8)","decl":{"start":{"line":35,"column":24},"end":{"line":35,"column":25}},"loc":{"start":{"line":35,"column":40},"end":{"line":41,"column":1}},"line":35},"9":{"name":"(anonymous_9)","decl":{"start":{"line":36,"column":21},"end":{"line":36,"column":22}},"loc":{"start":{"line":36,"column":42},"end":{"line":40,"column":3}},"line":36}},"branchMap":{"0":{"loc":{"start":{"line":5,"column":31},"end":{"line":5,"column":51}},"type":"default-arg","locations":[{"start":{"line":5,"column":47},"end":{"line":5,"column":51}}],"line":5},"1":{"loc":{"start":{"line":5,"column":53},"end":{"line":5,"column":74}},"type":"default-arg","locations":[{"start":{"line":5,"column":70},"end":{"line":5,"column":74}}],"line":5},"2":{"loc":{"start":{"line":6,"column":2},"end":{"line":6,"column":39}},"type":"cond-expr","locations":[{"start":{"line":6,"column":9},"end":{"line":6,"column":22}},{"start":{"line":6,"column":25},"end":{"line":6,"column":39}}],"line":6},"3":{"loc":{"start":{"line":16,"column":10},"end":{"line":16,"column":45}},"type":"binary-expr","locations":[{"start":{"line":16,"column":10},"end":{"line":16,"column":15}},{"start":{"line":16,"column":19},"end":{"line":16,"column":45}}],"line":16},"4":{"loc":{"start":{"line":26,"column":15},"end":{"line":26,"column":49}},"type":"binary-expr","locations":[{"start":{"line":26,"column":15},"end":{"line":26,"column":20}},{"start":{"line":26,"column":24},"end":{"line":26,"column":49}}],"line":26},"5":{"loc":{"start":{"line":27,"column":4},"end":{"line":31,"column":5}},"type":"if","locations":[{"start":{"line":27,"column":4},"end":{"line":31,"column":5}},{"start":{"line":27,"column":4},"end":{"line":31,"column":5}}],"line":27},"6":{"loc":{"start":{"line":37,"column":20},"end":{"line":37,"column":77}},"type":"cond-expr","locations":[{"start":{"line":37,"column":48},"end":{"line":37,"column":53}},{"start":{"line":37,"column":56},"end":{"line":37,"column":77}}],"line":37}},"s":{"0":3,"1":3,"2":2,"3":3,"4":2,"5":0,"6":2,"7":0,"8":0,"9":0,"10":3,"11":2,"12":2,"13":2,"14":0,"15":2,"16":3,"17":0,"18":0,"19":0,"20":0},"f":{"0":2,"1":2,"2":0,"3":2,"4":0,"5":0,"6":2,"7":2,"8":0,"9":0},"b":{"0":[0],"1":[2],"2":[0,2],"3":[0,0],"4":[2,0],"5":[0,2],"6":[0,0]},"_coverageSchema":"332fd63041d2c1bcb487cc26dd0d5f7d97098a6c","hash":"cd20cad20e13764f821c96d8a8a6becf9e83a2df"}
,"/Users/michaelsklepowich/codefellows/401/final/fork/website/src/store/index.js": {"path":"/Users/michaelsklepowich/codefellows/401/final/fork/website/src/store/index.js","statementMap":{"0":{"start":{"line":7,"column":15},"end":{"line":9,"column":2}},"1":{"start":{"line":11,"column":21},"end":{"line":11,"column":76}}},"fnMap":{"0":{"name":"(anonymous_0)","decl":{"start":{"line":11,"column":15},"end":{"line":11,"column":16}},"loc":{"start":{"line":11,"column":21},"end":{"line":11,"column":76}},"line":11}},"branchMap":{},"s":{"0":1,"1":2},"f":{"0":2},"b":{},"_coverageSchema":"332fd63041d2c1bcb487cc26dd0d5f7d97098a6c","hash":"ad148a7fa23eda9f9cda67878a09dcf6b3066b87"}
,"/Users/michaelsklepowich/codefellows/401/final/fork/website/src/store/middleware/reporter.js": {"path":"/Users/michaelsklepowich/codefellows/401/final/fork/website/src/store/middleware/reporter.js","statementMap":{"0":{"start":{"line":1,"column":24},"end":{"line":12,"column":1}},"1":{"start":{"line":1,"column":32},"end":{"line":12,"column":1}},"2":{"start":{"line":2,"column":2},"end":{"line":2,"column":36}},"3":{"start":{"line":3,"column":2},"end":{"line":11,"column":3}},"4":{"start":{"line":4,"column":17},"end":{"line":4,"column":29}},"5":{"start":{"line":5,"column":4},"end":{"line":5,"column":47}},"6":{"start":{"line":6,"column":4},"end":{"line":6,"column":18}},"7":{"start":{"line":8,"column":4},"end":{"line":8,"column":24}},"8":{"start":{"line":9,"column":4},"end":{"line":9,"column":23}},"9":{"start":{"line":10,"column":4},"end":{"line":10,"column":15}}},"fnMap":{"0":{"name":"(anonymous_0)","decl":{"start":{"line":1,"column":15},"end":{"line":1,"column":16}},"loc":{"start":{"line":1,"column":24},"end":{"line":12,"column":1}},"line":1},"1":{"name":"(anonymous_1)","decl":{"start":{"line":1,"column":24},"end":{"line":1,"column":25}},"loc":{"start":{"line":1,"column":32},"end":{"line":12,"column":1}},"line":1},"2":{"name":"(anonymous_2)","decl":{"start":{"line":1,"column":32},"end":{"line":1,"column":33}},"loc":{"start":{"line":1,"column":42},"end":{"line":12,"column":1}},"line":1}},"branchMap":{},"s":{"0":2,"1":2,"2":0,"3":0,"4":0,"5":0,"6":0,"7":0,"8":0,"9":0},"f":{"0":2,"1":2,"2":0},"b":{},"_coverageSchema":"332fd63041d2c1bcb487cc26dd0d5f7d97098a6c","hash":"5c960ce0bde4908217d69c437cc683bf2a94edda"}
,"/Users/michaelsklepowich/codefellows/401/final/fork/website/src/store/middleware/thunk.js": {"path":"/Users/michaelsklepowich/codefellows/401/final/fork/website/src/store/middleware/thunk.js","statementMap":{"0":{"start":{"line":1,"column":24},"end":{"line":4,"column":18}},"1":{"start":{"line":1,"column":32},"end":{"line":4,"column":18}},"2":{"start":{"line":2,"column":2},"end":{"line":4,"column":18}}},"fnMap":{"0":{"name":"(anonymous_0)","decl":{"start":{"line":1,"column":15},"end":{"line":1,"column":16}},"loc":{"start":{"line":1,"column":24},"end":{"line":4,"column":18}},"line":1},"1":{"name":"(anonymous_1)","decl":{"start":{"line":1,"column":24},"end":{"line":1,"column":25}},"loc":{"start":{"line":1,"column":32},"end":{"line":4,"column":18}},"line":1},"2":{"name":"(anonymous_2)","decl":{"start":{"line":1,"column":32},"end":{"line":1,"column":33}},"loc":{"start":{"line":2,"column":2},"end":{"line":4,"column":18}},"line":2}},"branchMap":{"0":{"loc":{"start":{"line":2,"column":2},"end":{"line":4,"column":18}},"type":"cond-expr","locations":[{"start":{"line":3,"column":6},"end":{"line":3,"column":44}},{"start":{"line":4,"column":6},"end":{"line":4,"column":18}}],"line":2}},"s":{"0":2,"1":2,"2":0},"f":{"0":2,"1":2,"2":0},"b":{"0":[0,0]},"_coverageSchema":"332fd63041d2c1bcb487cc26dd0d5f7d97098a6c","hash":"8a0fb5b4c206d281c54659be94aa8325b0bd9a2e"}
}
