TN:
SF:/Users/michaelsklepowich/codefellows/401/final/fork/website/src/App.js
FN:11,(anonymous_0)
FN:17,(anonymous_1)
FN:21,(anonymous_2)
FNF:3
FNH:3
FNDA:2,(anonymous_0)
FNDA:1,(anonymous_1)
FNDA:3,(anonymous_2)
DA:8,1
DA:12,2
DA:13,2
DA:14,2
DA:18,1
DA:22,3
LF:6
LH:6
BRF:0
BRH:0
end_of_record
TN:
SF:/Users/michaelsklepowich/codefellows/401/final/fork/website/src/index.js
FN:5,_interopRequireDefault
FNF:1
FNH:0
FNDA:0,_interopRequireDefault
DA:1,0
DA:2,0
DA:3,0
DA:4,0
DA:5,0
DA:7,0
DA:8,0
LF:7
LH:0
BRDA:5,0,0,0
BRDA:5,0,1,0
BRDA:5,1,0,0
BRDA:5,1,1,0
BRF:4
BRH:0
end_of_record
TN:
SF:/Users/michaelsklepowich/codefellows/401/final/fork/website/src/registerServiceWorker.js
FN:120,register
FN:124,(anonymous_1)
FN:127,(anonymous_2)
FN:128,registerValidSW
FN:128,(anonymous_4)
FN:128,(anonymous_5)
FN:128,(anonymous_6)
FN:135,(anonymous_7)
FN:135,checkValidServiceWorker
FN:136,(anonymous_9)
FN:138,(anonymous_10)
FN:138,(anonymous_11)
FN:139,(anonymous_12)
FN:139,unregister
FN:139,(anonymous_14)
FNF:15
FNH:0
FNDA:0,register
FNDA:0,(anonymous_1)
FNDA:0,(anonymous_2)
FNDA:0,registerValidSW
FNDA:0,(anonymous_4)
FNDA:0,(anonymous_5)
FNDA:0,(anonymous_6)
FNDA:0,(anonymous_7)
FNDA:0,checkValidServiceWorker
FNDA:0,(anonymous_9)
FNDA:0,(anonymous_10)
FNDA:0,(anonymous_11)
FNDA:0,(anonymous_12)
FNDA:0,unregister
FNDA:0,(anonymous_14)
DA:1,0
DA:21,0
DA:118,0
DA:120,0
DA:121,0
DA:124,0
DA:125,0
DA:127,0
DA:128,0
DA:132,0
DA:135,0
DA:136,0
DA:137,0
DA:138,0
DA:139,0
LF:15
LH:0
BRDA:118,0,0,0
BRDA:118,0,1,0
BRDA:118,0,2,0
BRDA:120,1,0,0
BRDA:120,1,1,0
BRDA:120,2,0,0
BRDA:120,2,1,0
BRDA:121,3,0,0
BRDA:121,3,1,0
BRDA:124,4,0,0
BRDA:124,4,1,0
BRDA:128,5,0,0
BRDA:128,5,1,0
BRDA:128,6,0,0
BRDA:128,6,1,0
BRDA:137,7,0,0
BRDA:137,7,1,0
BRDA:137,8,0,0
BRDA:137,8,1,0
BRDA:139,9,0,0
BRDA:139,9,1,0
BRF:21
BRH:0
end_of_record
TN:
SF:/Users/michaelsklepowich/codefellows/401/final/fork/website/src/components/footer/footer.js
FN:5,(anonymous_0)
FNF:1
FNH:1
FNDA:1,(anonymous_0)
DA:6,1
LF:1
LH:1
BRF:0
BRH:0
end_of_record
TN:
SF:/Users/michaelsklepowich/codefellows/401/final/fork/website/src/components/header/header.js
FN:10,(anonymous_0)
FNF:1
FNH:1
FNDA:4,(anonymous_0)
DA:11,4
LF:1
LH:1
BRF:0
BRH:0
end_of_record
TN:
SF:/Users/michaelsklepowich/codefellows/401/final/fork/website/src/components/output/output.js
FN:5,(anonymous_0)
FNF:1
FNH:1
FNDA:3,(anonymous_0)
DA:6,3
LF:1
LH:1
BRF:0
BRH:0
end_of_record
TN:
SF:/Users/michaelsklepowich/codefellows/401/final/fork/website/src/components/pages/home.js
FN:10,(anonymous_0)
FN:19,(anonymous_1)
FN:28,(anonymous_2)
FN:38,(anonymous_3)
FNF:4
FNH:3
FNDA:2,(anonymous_0)
FNDA:2,(anonymous_1)
FNDA:0,(anonymous_2)
FNDA:4,(anonymous_3)
DA:11,2
DA:12,2
DA:16,2
DA:20,2
DA:23,2
DA:24,1
DA:25,1
DA:29,0
DA:30,0
DA:33,0
DA:34,0
DA:35,0
DA:39,4
DA:40,4
DA:41,2
DA:47,2
LF:16
LH:11
BRDA:39,0,0,4
BRDA:39,0,1,0
BRDA:40,1,0,2
BRDA:40,1,1,2
BRF:4
BRH:3
end_of_record
TN:
SF:/Users/michaelsklepowich/codefellows/401/final/fork/website/src/components/readme/readme.js
FN:9,(anonymous_0)
FN:15,(anonymous_1)
FN:24,(anonymous_2)
FNF:3
FNH:3
FNDA:4,(anonymous_0)
FNDA:4,(anonymous_1)
FNDA:4,(anonymous_2)
DA:10,4
DA:11,4
DA:16,4
DA:17,4
DA:18,0
DA:19,0
DA:20,0
DA:25,4
LF:8
LH:5
BRDA:17,0,0,0
BRDA:17,0,1,4
BRDA:17,1,0,4
BRDA:17,1,1,0
BRF:4
BRH:2
end_of_record
TN:
SF:/Users/michaelsklepowich/codefellows/401/final/fork/website/src/components/repl/repl.js
FN:7,(anonymous_0)
FN:14,(anonymous_1)
FN:19,(anonymous_2)
FN:22,(anonymous_3)
FN:26,(anonymous_4)
FN:38,(anonymous_5)
FNF:6
FNH:3
FNDA:2,(anonymous_0)
FNDA:0,(anonymous_1)
FNDA:0,(anonymous_2)
FNDA:0,(anonymous_3)
FNDA:2,(anonymous_4)
FNDA:2,(anonymous_5)
DA:8,2
DA:9,2
DA:10,2
DA:11,2
DA:15,0
DA:16,0
DA:20,0
DA:23,0
DA:27,2
DA:30,2
DA:31,0
DA:32,0
DA:33,0
DA:35,2
DA:39,2
DA:40,2
DA:44,2
LF:17
LH:10
BRDA:30,0,0,0
BRDA:30,0,1,2
BRDA:30,1,0,2
BRDA:30,1,1,1
BRF:4
BRH:3
end_of_record
TN:
SF:/Users/michaelsklepowich/codefellows/401/final/fork/website/src/components/rotator/rotator.js
FN:10,(anonymous_0)
FN:31,(anonymous_1)
FN:43,(anonymous_2)
FN:54,(anonymous_3)
FN:60,(anonymous_4)
FN:86,(anonymous_5)
FN:90,(anonymous_6)
FNF:7
FNH:0
FNDA:0,(anonymous_0)
FNDA:0,(anonymous_1)
FNDA:0,(anonymous_2)
FNDA:0,(anonymous_3)
FNDA:0,(anonymous_4)
FNDA:0,(anonymous_5)
FNDA:0,(anonymous_6)
DA:11,0
DA:14,0
DA:19,0
DA:20,0
DA:22,0
DA:23,0
DA:24,0
DA:32,0
DA:36,0
DA:44,0
DA:48,0
DA:55,0
DA:56,0
DA:57,0
DA:61,0
DA:62,0
DA:63,0
DA:64,0
DA:65,0
DA:66,0
DA:68,0
DA:70,0
DA:86,4
DA:90,4
LF:24
LH:2
BRDA:32,0,0,0
BRDA:32,0,1,0
BRDA:44,1,0,0
BRDA:44,1,1,0
BRDA:68,2,0,0
BRDA:68,2,1,0
BRF:6
BRH:0
end_of_record
TN:
SF:/Users/michaelsklepowich/codefellows/401/final/fork/website/src/components/sidebar/sidebar.js
FN:7,(anonymous_0)
FN:14,(anonymous_1)
FN:18,(anonymous_2)
FN:19,(anonymous_3)
FNF:4
FNH:3
FNDA:3,(anonymous_0)
FNDA:2,(anonymous_1)
FNDA:5,(anonymous_2)
FNDA:0,(anonymous_3)
DA:9,3
DA:15,2
DA:19,5
LF:3
LH:3
BRDA:14,0,0,3
BRDA:14,0,1,2
BRF:2
BRH:2
end_of_record
TN:
SF:/Users/michaelsklepowich/codefellows/401/final/fork/website/src/components/video/video.js
FN:6,(anonymous_0)
FNF:1
FNH:1
FNDA:5,(anonymous_0)
DA:7,5
LF:1
LH:1
BRF:0
BRH:0
end_of_record
TN:
SF:/Users/michaelsklepowich/codefellows/401/final/fork/website/src/components/workspace/workspace.js
FN:13,(anonymous_0)
FN:19,(anonymous_1)
FN:46,(anonymous_2)
FN:59,(anonymous_3)
FNF:4
FNH:2
FNDA:5,(anonymous_0)
FNDA:0,(anonymous_1)
FNDA:5,(anonymous_2)
FNDA:0,(anonymous_3)
DA:14,5
DA:15,5
DA:16,5
DA:20,0
DA:24,0
DA:25,0
DA:26,0
DA:27,0
DA:28,0
DA:29,0
DA:30,0
DA:33,0
DA:34,0
DA:35,0
DA:36,0
DA:37,0
DA:39,0
DA:40,0
DA:42,0
DA:43,0
DA:47,5
DA:48,5
DA:49,5
DA:53,5
DA:60,0
LF:25
LH:7
BRDA:28,0,0,0
BRDA:28,0,1,0
BRDA:33,1,0,0
BRDA:33,1,1,0
BRDA:57,2,0,5
BRDA:57,2,1,5
BRF:6
BRH:2
end_of_record
TN:
SF:/Users/michaelsklepowich/codefellows/401/final/fork/website/src/lib/api.js
FN:8,(anonymous_0)
FN:15,(anonymous_1)
FNF:2
FNH:1
FNDA:2,(anonymous_0)
FNDA:0,(anonymous_1)
DA:4,3
DA:6,3
DA:8,3
DA:9,2
DA:10,2
DA:11,1
DA:15,3
DA:16,0
DA:17,0
DA:18,0
DA:20,0
DA:24,0
LF:12
LH:7
BRDA:6,0,0,0
BRDA:6,0,1,3
BRF:2
BRH:1
end_of_record
TN:
SF:/Users/michaelsklepowich/codefellows/401/final/fork/website/src/lib/linked-list.js
FN:4,(anonymous_0)
FN:11,(anonymous_1)
FN:15,(anonymous_2)
FN:34,(anonymous_3)
FN:38,(anonymous_4)
FN:48,(anonymous_5)
FN:56,(anonymous_6)
FN:73,(anonymous_7)
FN:82,(anonymous_8)
FN:98,(anonymous_9)
FN:121,(anonymous_10)
FN:131,(anonymous_11)
FN:144,(anonymous_12)
FN:164,(anonymous_13)
FNF:14
FNH:0
FNDA:0,(anonymous_0)
FNDA:0,(anonymous_1)
FNDA:0,(anonymous_2)
FNDA:0,(anonymous_3)
FNDA:0,(anonymous_4)
FNDA:0,(anonymous_5)
FNDA:0,(anonymous_6)
FNDA:0,(anonymous_7)
FNDA:0,(anonymous_8)
FNDA:0,(anonymous_9)
FNDA:0,(anonymous_10)
FNDA:0,(anonymous_11)
FNDA:0,(anonymous_12)
FNDA:0,(anonymous_13)
DA:5,0
DA:6,0
DA:12,0
DA:16,0
DA:17,0
DA:19,0
DA:20,0
DA:21,0
DA:22,0
DA:23,0
DA:25,0
DA:26,0
DA:27,0
DA:31,0
DA:35,0
DA:39,0
DA:40,0
DA:41,0
DA:42,0
DA:43,0
DA:45,0
DA:49,0
DA:50,0
DA:52,0
DA:53,0
DA:57,0
DA:58,0
DA:59,0
DA:62,0
DA:63,0
DA:64,0
DA:66,0
DA:67,0
DA:68,0
DA:74,0
DA:75,0
DA:76,0
DA:77,0
DA:79,0
DA:83,0
DA:87,0
DA:90,0
DA:93,0
DA:95,0
DA:99,0
DA:100,0
DA:103,0
DA:104,0
DA:105,0
DA:107,0
DA:108,0
DA:110,0
DA:111,0
DA:112,0
DA:114,0
DA:117,0
DA:118,0
DA:122,0
DA:123,0
DA:124,0
DA:125,0
DA:126,0
DA:128,0
DA:132,0
DA:133,0
DA:135,0
DA:136,0
DA:137,0
DA:139,0
DA:140,0
DA:145,0
DA:146,0
DA:149,0
DA:150,0
DA:156,0
DA:157,0
DA:158,0
DA:161,0
DA:166,0
DA:167,0
DA:168,0
DA:170,0
LF:82
LH:0
BRDA:21,0,0,0
BRDA:21,0,1,0
BRDA:57,1,0,0
BRDA:57,1,1,0
BRDA:76,2,0,0
BRDA:76,2,1,0
BRDA:76,3,0,0
BRDA:76,3,1,0
BRDA:90,4,0,0
BRDA:90,4,1,0
BRDA:90,5,0,0
BRDA:90,5,1,0
BRDA:99,6,0,0
BRDA:99,6,1,0
BRDA:124,7,0,0
BRDA:124,7,1,0
BRDA:136,8,0,0
BRDA:136,8,1,0
BRF:18
BRH:0
end_of_record
TN:
SF:/Users/michaelsklepowich/codefellows/401/final/fork/website/src/lib/utils.js
FN:5,(anonymous_0)
FN:9,(anonymous_1)
FN:11,(anonymous_2)
FN:12,(anonymous_3)
FN:15,(anonymous_4)
FN:21,(anonymous_5)
FN:24,(anonymous_6)
FN:25,(anonymous_7)
FN:35,(anonymous_8)
FN:36,(anonymous_9)
FNF:10
FNH:7
FNDA:5,(anonymous_0)
FNDA:2,(anonymous_1)
FNDA:0,(anonymous_2)
FNDA:2,(anonymous_3)
FNDA:1,(anonymous_4)
FNDA:1,(anonymous_5)
FNDA:2,(anonymous_6)
FNDA:2,(anonymous_7)
FNDA:0,(anonymous_8)
FNDA:0,(anonymous_9)
DA:3,3
DA:5,3
DA:6,5
DA:9,3
DA:10,2
DA:11,0
DA:13,2
DA:16,1
DA:17,1
DA:21,1
DA:24,3
DA:25,2
DA:26,2
DA:27,2
DA:28,0
DA:30,2
DA:35,3
DA:36,0
DA:37,0
DA:38,0
DA:39,0
LF:21
LH:15
BRDA:5,0,0,0
BRDA:5,1,0,5
BRDA:6,2,0,0
BRDA:6,2,1,5
BRDA:16,3,0,1
BRDA:16,3,1,0
BRDA:26,4,0,2
BRDA:26,4,1,0
BRDA:27,5,0,0
BRDA:27,5,1,2
BRDA:37,6,0,0
BRDA:37,6,1,0
BRF:12
BRH:5
end_of_record
TN:
SF:/Users/michaelsklepowich/codefellows/401/final/fork/website/src/store/index.js
FN:11,(anonymous_0)
FNF:1
FNH:1
FNDA:2,(anonymous_0)
DA:7,2
DA:11,2
LF:2
LH:2
BRF:0
BRH:0
end_of_record
TN:
SF:/Users/michaelsklepowich/codefellows/401/final/fork/website/src/store/middleware/reporter.js
FN:1,(anonymous_0)
FN:1,(anonymous_1)
FN:1,(anonymous_2)
FNF:3
FNH:2
FNDA:2,(anonymous_0)
FNDA:2,(anonymous_1)
FNDA:0,(anonymous_2)
DA:1,2
DA:2,0
DA:3,0
DA:4,0
DA:5,0
DA:6,0
DA:8,0
DA:9,0
DA:10,0
LF:9
LH:1
BRF:0
BRH:0
end_of_record
TN:
SF:/Users/michaelsklepowich/codefellows/401/final/fork/website/src/store/middleware/thunk.js
FN:1,(anonymous_0)
FN:1,(anonymous_1)
FN:1,(anonymous_2)
FNF:3
FNH:2
FNDA:2,(anonymous_0)
FNDA:2,(anonymous_1)
FNDA:0,(anonymous_2)
DA:1,2
DA:2,0
LF:2
LH:1
BRDA:2,0,0,0
BRDA:2,0,1,0
BRF:2
BRH:0
end_of_record
